Using pre-set license
Built from '2020.3/staging' branch; Version is '2020.3.21f1 (a38c86f6690f) revision 10718342'; Using compiler version '192528614'; Build Type 'Release'
OS: 'Windows 10 Home; OS build 19042.1415; Version 2009; 64bit' Language: 'fr' Physical Memory: 5984 MB
BatchMode: 1, IsHumanControllingUs: 0, StartBugReporterOnCrash: 0, Is64bit: 1, IsPro: 0

COMMAND LINE ARGUMENTS:
C:\Program Files\Unity\Hub\Editor\2020.3.21f1\Editor\Unity.exe
-adb2
-batchMode
-noUpm
-name
AssetImportWorker4
-projectPath
C:/Users/GREGOIRE Sibylle/Desktop/EducationalSpaceGame2/EducationalSpaceGame
-logFile
Logs/AssetImportWorker4.log
-srvPort
61703
Successfully changed project path to: C:/Users/GREGOIRE Sibylle/Desktop/EducationalSpaceGame2/EducationalSpaceGame
C:/Users/GREGOIRE Sibylle/Desktop/EducationalSpaceGame2/EducationalSpaceGame
Using Asset Import Pipeline V2.
Refreshing native plugins compatible for Editor in 79.38 ms, found 3 plugins.
Preloading 0 native plugins for Editor in 0.00 ms.
Initialize engine version: 2020.3.21f1 (a38c86f6690f)
[Subsystems] Discovering subsystems at path C:/Program Files/Unity/Hub/Editor/2020.3.21f1/Editor/Data/Resources/UnitySubsystems
[Subsystems] Discovering subsystems at path C:/Users/GREGOIRE Sibylle/Desktop/EducationalSpaceGame2/EducationalSpaceGame/Assets
GfxDevice: creating device client; threaded=0
Direct3D:
    Version:  Direct3D 11.0 [level 11.1]
    Renderer: AMD Radeon(TM) R7 M360 (ID=0x6900)
    Vendor:   
    VRAM:     2037 MB
    Driver:   15.200.1045.0
Initialize mono
Mono path[0] = 'C:/Program Files/Unity/Hub/Editor/2020.3.21f1/Editor/Data/Managed'
Mono path[1] = 'C:/Program Files/Unity/Hub/Editor/2020.3.21f1/Editor/Data/MonoBleedingEdge/lib/mono/unityjit'
Mono config path = 'C:/Program Files/Unity/Hub/Editor/2020.3.21f1/Editor/Data/MonoBleedingEdge/etc'
Using monoOptions --debugger-agent=transport=dt_socket,embedding=1,server=y,suspend=n,address=127.0.0.1:56452
Begin MonoManager ReloadAssembly
Registering precompiled unity dll's ...
Register platform support module: C:/Program Files/Unity/Hub/Editor/2020.3.21f1/Editor/Data/PlaybackEngines/WindowsStandaloneSupport/UnityEditor.WindowsStandalone.Extensions.dll
Registered in 0.003383 seconds.
Native extension for WindowsStandalone target not found
Refreshing native plugins compatible for Editor in 67.22 ms, found 3 plugins.
Preloading 0 native plugins for Editor in 0.00 ms.
Mono: successfully reloaded assembly
- Completed reload, in  1.862 seconds
Domain Reload Profiling:
	ReloadAssembly (1862ms)
		BeginReloadAssembly (112ms)
			ExecutionOrderSort (0ms)
			DisableScriptedObjects (0ms)
			BackupInstance (0ms)
			ReleaseScriptingObjects (0ms)
			CreateAndSetChildDomain (1ms)
		EndReloadAssembly (781ms)
			LoadAssemblies (109ms)
			RebuildTransferFunctionScriptingTraits (0ms)
			SetupTypeCache (320ms)
			ReleaseScriptCaches (0ms)
			RebuildScriptCaches (49ms)
			SetupLoadedEditorAssemblies (260ms)
				LogAssemblyErrors (0ms)
				InitializePlatformSupportModulesInManaged (5ms)
				SetLoadedEditorAssemblies (0ms)
				RefreshPlugins (67ms)
				BeforeProcessingInitializeOnLoad (11ms)
				ProcessInitializeOnLoadAttributes (128ms)
				ProcessInitializeOnLoadMethodAttributes (47ms)
				AfterProcessingInitializeOnLoad (0ms)
				EditorAssembliesLoaded (0ms)
			ExecutionOrderSort2 (0ms)
			AwakeInstancesAfterBackupRestoration (0ms)
Platform modules already initialized, skipping
Registering precompiled user dll's ...
Registered in 0.006956 seconds.
Begin MonoManager ReloadAssembly
Native extension for WindowsStandalone target not found
Refreshing native plugins compatible for Editor in 75.02 ms, found 3 plugins.
Preloading 0 native plugins for Editor in 0.00 ms.
Mono: successfully reloaded assembly
- Completed reload, in  1.862 seconds
Domain Reload Profiling:
	ReloadAssembly (1863ms)
		BeginReloadAssembly (228ms)
			ExecutionOrderSort (0ms)
			DisableScriptedObjects (7ms)
			BackupInstance (0ms)
			ReleaseScriptingObjects (0ms)
			CreateAndSetChildDomain (28ms)
		EndReloadAssembly (1543ms)
			LoadAssemblies (141ms)
			RebuildTransferFunctionScriptingTraits (0ms)
			SetupTypeCache (474ms)
			ReleaseScriptCaches (1ms)
			RebuildScriptCaches (70ms)
			SetupLoadedEditorAssemblies (681ms)
				LogAssemblyErrors (0ms)
				InitializePlatformSupportModulesInManaged (4ms)
				SetLoadedEditorAssemblies (0ms)
				RefreshPlugins (75ms)
				BeforeProcessingInitializeOnLoad (100ms)
				ProcessInitializeOnLoadAttributes (460ms)
				ProcessInitializeOnLoadMethodAttributes (32ms)
				AfterProcessingInitializeOnLoad (9ms)
				EditorAssembliesLoaded (0ms)
			ExecutionOrderSort2 (0ms)
			AwakeInstancesAfterBackupRestoration (11ms)
Platform modules already initialized, skipping
========================================================================
Worker process is ready to serve import requests
Launched and connected shader compiler UnityShaderCompiler.exe after 0.44 seconds
Refreshing native plugins compatible for Editor in 0.74 ms, found 3 plugins.
Preloading 0 native plugins for Editor in 0.00 ms.
Unloading 2217 Unused Serialized files (Serialized files now loaded: 0)
System memory in use before: 97.1 MB.
System memory in use after: 97.2 MB.

Unloading 28 unused Assets to reduce memory usage. Loaded Objects now: 2652.
Total: 10.311500 ms (FindLiveObjects: 0.474100 ms CreateObjectMapping: 0.201600 ms MarkObjects: 9.468900 ms  DeleteObjects: 0.164100 ms)

AssetImportParameters requested are different than current active one (requested -> active):
  custom:framework-win-MediaFoundation: 216162199b28c13a410421893ffa2e32 -> 
  custom:video-decoder-ogg-theora: a1e56fd34408186e4bbccfd4996cb3dc -> 
  custom:container-muxer-webm: aa71ff27fc2769a1b78a27578f13a17b -> 
  custom:container-demuxer-webm: 4f35f7cbe854078d1ac9338744f61a02 -> 
  custom:container-demuxer-ogg: 62fdf1f143b41e24485cea50d1cbac27 -> 
  custom:video-encoder-webm-vp8: eb34c28f22e8b96e1ab97ce403110664 -> 
  custom:video-codec-MediaFoundation-h265: 746d11721c4dcdbdad8f713fa42b33f4 -> 
  custom:video-decoder-webm-vp8: 9c59270c3fd7afecdb556c50c9e8de78 -> 
  custom:audio-decoder-ogg-vorbis: bf7c407c2cedff20999df2af8eb42d56 -> 
  custom:audio-encoder-webm-vorbis: bf7c407c2cedff20999df2af8eb42d56 -> 
========================================================================
Received Import Request.
  path: Assets/Sounds 3/sciarpa.mp3
  artifactKey: Guid(302df14b0ea00a34ba57e564e0dd5397) Importer(815301076,1909f56bfc062723c751e8b465ee728b)
Start importing Assets/Sounds 3/sciarpa.mp3 using Guid(302df14b0ea00a34ba57e564e0dd5397) Importer(815301076,1909f56bfc062723c751e8b465ee728b)  -> (artifact id: '5382676b6ba5e27b30567f80051f75a0') in 2.132212 seconds 
  Import took 2.302560 seconds .

========================================================================
Received Import Request.
  Time since last request: 0.000982 seconds.
  path: Assets/Resources/wordSounds/gallina.mp3
  artifactKey: Guid(b0efcad2893114b55b5fb8e4b9153868) Importer(815301076,1909f56bfc062723c751e8b465ee728b)
Start importing Assets/Resources/wordSounds/gallina.mp3 using Guid(b0efcad2893114b55b5fb8e4b9153868) Importer(815301076,1909f56bfc062723c751e8b465ee728b)  -> (artifact id: '500b941af0e4d4beb1841ff86503ce8b') in 0.212601 seconds 
  Import took 0.277199 seconds .

========================================================================
Received Import Request.
  Time since last request: 0.000356 seconds.
  path: Assets/Resources/wordSounds/genio.mp3
  artifactKey: Guid(24feb4a4b87db418fb44367f71871b33) Importer(815301076,1909f56bfc062723c751e8b465ee728b)
Start importing Assets/Resources/wordSounds/genio.mp3 using Guid(24feb4a4b87db418fb44367f71871b33) Importer(815301076,1909f56bfc062723c751e8b465ee728b)  -> (artifact id: '56bdc0d39065fbefa86f6b7b73db54cc') in 0.120112 seconds 
  Import took 0.156285 seconds .

========================================================================
Received Import Request.
  Time since last request: 0.000450 seconds.
  path: Assets/Resources/wordSounds/gelato.mp3
  artifactKey: Guid(c774e8df89ce84cb8a87eda79bea1726) Importer(815301076,1909f56bfc062723c751e8b465ee728b)
Start importing Assets/Resources/wordSounds/gelato.mp3 using Guid(c774e8df89ce84cb8a87eda79bea1726) Importer(815301076,1909f56bfc062723c751e8b465ee728b)  -> (artifact id: '06cc2b52f87c55e18979985d5b329b60') in 0.060867 seconds 
  Import took 0.157175 seconds .

========================================================================
Received Import Request.
  Time since last request: 0.000363 seconds.
  path: Assets/Sounds 3/scimmia.mp3
  artifactKey: Guid(fb48eba692528244b867584b28d226e9) Importer(815301076,1909f56bfc062723c751e8b465ee728b)
Start importing Assets/Sounds 3/scimmia.mp3 using Guid(fb48eba692528244b867584b28d226e9) Importer(815301076,1909f56bfc062723c751e8b465ee728b)  -> (artifact id: '0c44be70509e3f0cc351b78193e173d1') in 0.186133 seconds 
  Import took 0.244122 seconds .

========================================================================
Received Import Request.
  Time since last request: 0.000565 seconds.
  path: Assets/Sounds 3/salami.mp3
  artifactKey: Guid(9bdccd13bbee23249927fb59ed953da2) Importer(815301076,1909f56bfc062723c751e8b465ee728b)
Start importing Assets/Sounds 3/salami.mp3 using Guid(9bdccd13bbee23249927fb59ed953da2) Importer(815301076,1909f56bfc062723c751e8b465ee728b)  -> (artifact id: '7946549f0ca2874a5fc63f2655e749db') in 0.073896 seconds 
  Import took 0.277666 seconds .

========================================================================
Received Import Request.
  Time since last request: 0.000476 seconds.
  path: Assets/Sounds 3/scorpione.mp3
  artifactKey: Guid(2b862060206abc748b03315ebc182e50) Importer(815301076,1909f56bfc062723c751e8b465ee728b)
Start importing Assets/Sounds 3/scorpione.mp3 using Guid(2b862060206abc748b03315ebc182e50) Importer(815301076,1909f56bfc062723c751e8b465ee728b)  -> (artifact id: 'a0b8c92bae486de388b4fec32a422acd') in 0.199504 seconds 
  Import took 0.347363 seconds .

========================================================================
Received Import Request.
  Time since last request: 0.000803 seconds.
  path: Assets/Sounds 3/sapone.mp3
  artifactKey: Guid(1f0cbd44609e1bf468028bd8262112b9) Importer(815301076,1909f56bfc062723c751e8b465ee728b)
Start importing Assets/Sounds 3/sapone.mp3 using Guid(1f0cbd44609e1bf468028bd8262112b9) Importer(815301076,1909f56bfc062723c751e8b465ee728b)  -> (artifact id: '4a93f71ddfae1cb9662eff854ba21d14') in 0.239545 seconds 
  Import took 0.397088 seconds .

========================================================================
Received Import Request.
  Time since last request: 0.000384 seconds.
  path: Assets/Resources/wordSounds/gufo.mp3
  artifactKey: Guid(84ad3faf561c648a4b6200fcbd2989fc) Importer(815301076,1909f56bfc062723c751e8b465ee728b)
Start importing Assets/Resources/wordSounds/gufo.mp3 using Guid(84ad3faf561c648a4b6200fcbd2989fc) Importer(815301076,1909f56bfc062723c751e8b465ee728b)  -> (artifact id: 'ac344b4fe7ed0aa6166ea1b2bc4431a0') in 0.107634 seconds 
  Import took 0.363425 seconds .

========================================================================
Received Import Request.
  Time since last request: 0.000304 seconds.
  path: Assets/Sounds 3/siringa.mp3
  artifactKey: Guid(b3aa6aad440d70743912ad55dc8802f1) Importer(815301076,1909f56bfc062723c751e8b465ee728b)
Start importing Assets/Sounds 3/siringa.mp3 using Guid(b3aa6aad440d70743912ad55dc8802f1) Importer(815301076,1909f56bfc062723c751e8b465ee728b)  -> (artifact id: '81b208af91d7d92cdd57f24147831cb1') in 0.141195 seconds 
  Import took 0.193160 seconds .

========================================================================
Received Import Request.
  Time since last request: 0.000269 seconds.
  path: Assets/Resources/wordSounds/ganci.mp3
  artifactKey: Guid(34481f3ca0798455098008bfc1f4ba5e) Importer(815301076,1909f56bfc062723c751e8b465ee728b)
Start importing Assets/Resources/wordSounds/ganci.mp3 using Guid(34481f3ca0798455098008bfc1f4ba5e) Importer(815301076,1909f56bfc062723c751e8b465ee728b)  -> (artifact id: '530b6e5eb412c4febb94583d617134cb') in 0.111589 seconds 
  Import took 0.137715 seconds .

========================================================================
Received Import Request.
  Time since last request: 0.000271 seconds.
  path: Assets/Resources/wordSounds/ginocchio.mp3
  artifactKey: Guid(04fc621bffb934b358b5729a3c45c92d) Importer(815301076,1909f56bfc062723c751e8b465ee728b)
Start importing Assets/Resources/wordSounds/ginocchio.mp3 using Guid(04fc621bffb934b358b5729a3c45c92d) Importer(815301076,1909f56bfc062723c751e8b465ee728b)  -> (artifact id: 'a9b716d3b44fdff80caef7918f530b28') in 0.206908 seconds 
  Import took 0.225800 seconds .

========================================================================
Received Import Request.
  Time since last request: 0.000346 seconds.
  path: Assets/Sounds 3/semaforo.mp3
  artifactKey: Guid(8377efeb6013998428e0ba82e2329e29) Importer(815301076,1909f56bfc062723c751e8b465ee728b)
Start importing Assets/Sounds 3/semaforo.mp3 using Guid(8377efeb6013998428e0ba82e2329e29) Importer(815301076,1909f56bfc062723c751e8b465ee728b)  -> (artifact id: '3fa4c261e7db7bdf9c27664b85edf62b') in 0.100782 seconds 
  Import took 0.143608 seconds .

========================================================================
Received Import Request.
  Time since last request: 0.000308 seconds.
  path: Assets/Sounds 3/stivale.mp3
  artifactKey: Guid(d9dd81b8cf79a3e4ebe431e25349e32d) Importer(815301076,1909f56bfc062723c751e8b465ee728b)
Start importing Assets/Sounds 3/stivale.mp3 using Guid(d9dd81b8cf79a3e4ebe431e25349e32d) Importer(815301076,1909f56bfc062723c751e8b465ee728b)  -> (artifact id: 'a53996833f5c481802897bcbdeef01e0') in 0.112588 seconds 
  Import took 0.139104 seconds .

========================================================================
Received Import Request.
  Time since last request: 0.000261 seconds.
  path: Assets/Sounds 3/salsiccia.mp3
  artifactKey: Guid(29f0360a1dd1a17468f2f0b46bb5b0a8) Importer(815301076,1909f56bfc062723c751e8b465ee728b)
Start importing Assets/Sounds 3/salsiccia.mp3 using Guid(29f0360a1dd1a17468f2f0b46bb5b0a8) Importer(815301076,1909f56bfc062723c751e8b465ee728b)  -> (artifact id: '3a4ee69682ff1a110c3af327756f74da') in 0.133702 seconds 
  Import took 0.170700 seconds .

========================================================================
Received Import Request.
  Time since last request: 0.000310 seconds.
  path: Assets/Resources/wordSounds/gorilla.mp3
  artifactKey: Guid(897ce747f682849cfa786b93aa172f00) Importer(815301076,1909f56bfc062723c751e8b465ee728b)
Start importing Assets/Resources/wordSounds/gorilla.mp3 using Guid(897ce747f682849cfa786b93aa172f00) Importer(815301076,1909f56bfc062723c751e8b465ee728b)  -> (artifact id: 'bb478ca4b32bd82d0d501812110d681c') in 0.168252 seconds 
  Import took 0.197231 seconds .

========================================================================
Received Import Request.
  Time since last request: 0.000342 seconds.
  path: Assets/Resources/wordSounds/gambe.mp3
  artifactKey: Guid(bde003dbd605a4f59a7b1b22df720e4c) Importer(815301076,1909f56bfc062723c751e8b465ee728b)
Start importing Assets/Resources/wordSounds/gambe.mp3 using Guid(bde003dbd605a4f59a7b1b22df720e4c) Importer(815301076,1909f56bfc062723c751e8b465ee728b)  -> (artifact id: 'da2341c43cf9c1163f01d7f3630a77cb') in 0.273651 seconds 
  Import took 0.356665 seconds .

========================================================================
Received Import Request.
  Time since last request: 0.000262 seconds.
  path: Assets/Sounds 3/sughero.mp3
  artifactKey: Guid(3a0448bb3326c9a48b933a00ce7dad00) Importer(815301076,1909f56bfc062723c751e8b465ee728b)
Start importing Assets/Sounds 3/sughero.mp3 using Guid(3a0448bb3326c9a48b933a00ce7dad00) Importer(815301076,1909f56bfc062723c751e8b465ee728b)  -> (artifact id: 'e114f9ed3c5d0541cb2486651a3959a4') in 0.124829 seconds 
  Import took 0.193061 seconds .

========================================================================
Received Import Request.
  Time since last request: 0.000301 seconds.
  path: Assets/Sounds 3/stella.mp3
  artifactKey: Guid(69defcc92c8be49469fc07dcf754d8a4) Importer(815301076,1909f56bfc062723c751e8b465ee728b)
Start importing Assets/Sounds 3/stella.mp3 using Guid(69defcc92c8be49469fc07dcf754d8a4) Importer(815301076,1909f56bfc062723c751e8b465ee728b)  -> (artifact id: '25ec0c19af73703364ab18ccd1dfeb5b') in 0.119603 seconds 
  Import took 0.207494 seconds .

========================================================================
Received Import Request.
  Time since last request: 0.000288 seconds.
  path: Assets/Sounds 3/suora.mp3
  artifactKey: Guid(43744183253ebcb4b83581ddac2b55ab) Importer(815301076,1909f56bfc062723c751e8b465ee728b)
Start importing Assets/Sounds 3/suora.mp3 using Guid(43744183253ebcb4b83581ddac2b55ab) Importer(815301076,1909f56bfc062723c751e8b465ee728b)  -> (artifact id: '32b5faf1a1fc4960bf069c67cc467226') in 0.206426 seconds 
  Import took 0.246606 seconds .

========================================================================
Received Import Request.
  Time since last request: 0.000292 seconds.
  path: Assets/Sounds 3/scudo.mp3
  artifactKey: Guid(8acf8b3d03a70f84fa9d7f827c5c1895) Importer(815301076,1909f56bfc062723c751e8b465ee728b)
Start importing Assets/Sounds 3/scudo.mp3 using Guid(8acf8b3d03a70f84fa9d7f827c5c1895) Importer(815301076,1909f56bfc062723c751e8b465ee728b)  -> (artifact id: 'b69f4600b8add06454b4eea2820b8082') in 0.162755 seconds 
  Import took 0.198283 seconds .

========================================================================
Received Import Request.
  Time since last request: 0.000452 seconds.
  path: Assets/Sounds 3/salvadanaio.mp3
  artifactKey: Guid(77b4243d17716174f9b1a325ab5aa8b3) Importer(815301076,1909f56bfc062723c751e8b465ee728b)
Start importing Assets/Sounds 3/salvadanaio.mp3 using Guid(77b4243d17716174f9b1a325ab5aa8b3) Importer(815301076,1909f56bfc062723c751e8b465ee728b)  -> (artifact id: '37a2d4372a3243e2f611bde8064e09dd') in 0.082912 seconds 
  Import took 0.137281 seconds .

========================================================================
Received Import Request.
  Time since last request: 0.000343 seconds.
  path: Assets/Resources/wordSounds/ghiacciolo.mp3
  artifactKey: Guid(574a78c73ecc24a9ea0069e02ed5caa6) Importer(815301076,1909f56bfc062723c751e8b465ee728b)
Start importing Assets/Resources/wordSounds/ghiacciolo.mp3 using Guid(574a78c73ecc24a9ea0069e02ed5caa6) Importer(815301076,1909f56bfc062723c751e8b465ee728b)  -> (artifact id: '8226f57ca069e0ab2b71fbdfd638b664') in 0.070358 seconds 
  Import took 0.108560 seconds .

========================================================================
Received Import Request.
  Time since last request: 0.000323 seconds.
  path: Assets/Sounds 3/scoiattolo.mp3
  artifactKey: Guid(b8e0a1e39ccc898489a5b49bd0963e4b) Importer(815301076,1909f56bfc062723c751e8b465ee728b)
Start importing Assets/Sounds 3/scoiattolo.mp3 using Guid(b8e0a1e39ccc898489a5b49bd0963e4b) Importer(815301076,1909f56bfc062723c751e8b465ee728b)  -> (artifact id: 'a7b23d6bda2334d8adb72d849af1b191') in 0.071252 seconds 
  Import took 0.126047 seconds .

========================================================================
Received Import Request.
  Time since last request: 0.000358 seconds.
  path: Assets/Sounds 3/suola.mp3
  artifactKey: Guid(96b60cbf9aa7410468402a13976c5ec9) Importer(815301076,1909f56bfc062723c751e8b465ee728b)
Start importing Assets/Sounds 3/suola.mp3 using Guid(96b60cbf9aa7410468402a13976c5ec9) Importer(815301076,1909f56bfc062723c751e8b465ee728b)  -> (artifact id: '7f2c1451675fa1fe30595391ab9d5f70') in 0.072843 seconds 
  Import took 0.095772 seconds .

========================================================================
Received Import Request.
  Time since last request: 0.000495 seconds.
  path: Assets/Resources/wordSounds/ghiro.mp3
  artifactKey: Guid(11f15220586674395802f746b0a3c078) Importer(815301076,1909f56bfc062723c751e8b465ee728b)
Start importing Assets/Resources/wordSounds/ghiro.mp3 using Guid(11f15220586674395802f746b0a3c078) Importer(815301076,1909f56bfc062723c751e8b465ee728b)  -> (artifact id: '79c9202bba39440f3ef8dc458c48fb65') in 0.058049 seconds 
  Import took 0.064124 seconds .

========================================================================
Received Import Request.
  Time since last request: 0.000360 seconds.
  path: Assets/Sounds 3/struzzo.mp3
  artifactKey: Guid(14f6dbbdcd02d6847b1d1ace39ca889b) Importer(815301076,1909f56bfc062723c751e8b465ee728b)
Start importing Assets/Sounds 3/struzzo.mp3 using Guid(14f6dbbdcd02d6847b1d1ace39ca889b) Importer(815301076,1909f56bfc062723c751e8b465ee728b)  -> (artifact id: '7f0f64f7cde78d019a26cafbc53d39c4') in 0.061638 seconds 
  Import took 0.068874 seconds .

========================================================================
Received Import Request.
  Time since last request: 0.000272 seconds.
  path: Assets/Sounds 3/schiuma.mp3
  artifactKey: Guid(839483b7cc440d246b7abd4c0139e2d0) Importer(815301076,1909f56bfc062723c751e8b465ee728b)
Start importing Assets/Sounds 3/schiuma.mp3 using Guid(839483b7cc440d246b7abd4c0139e2d0) Importer(815301076,1909f56bfc062723c751e8b465ee728b)  -> (artifact id: 'b7b146172d01ceda263ce5e174c0af92') in 0.067107 seconds 
  Import took 0.101616 seconds .

========================================================================
Received Import Request.
  Time since last request: 0.000291 seconds.
  path: Assets/Sounds 3/sedia.mp3
  artifactKey: Guid(6cc93ac3f51088b428e00c37bca63c5f) Importer(815301076,1909f56bfc062723c751e8b465ee728b)
Start importing Assets/Sounds 3/sedia.mp3 using Guid(6cc93ac3f51088b428e00c37bca63c5f) Importer(815301076,1909f56bfc062723c751e8b465ee728b)  -> (artifact id: 'bbf9deb882a64c52bf530f5cbb728d41') in 0.090740 seconds 
  Import took 0.109226 seconds .

========================================================================
Received Import Request.
  Time since last request: 0.000285 seconds.
  path: Assets/Sounds 3/sole.mp3
  artifactKey: Guid(0c02479a8317e6b41ae92edad19fc4f3) Importer(815301076,1909f56bfc062723c751e8b465ee728b)
Start importing Assets/Sounds 3/sole.mp3 using Guid(0c02479a8317e6b41ae92edad19fc4f3) Importer(815301076,1909f56bfc062723c751e8b465ee728b)  -> (artifact id: '709c6c645af630d107629f0e6e191a33') in 0.082177 seconds 
  Import took 0.106741 seconds .

========================================================================
Received Import Request.
  Time since last request: 0.000369 seconds.
  path: Assets/Resources/wordSounds/ghiande.mp3
  artifactKey: Guid(4d9548e1ffc854027bd497a27f4e2dd8) Importer(815301076,1909f56bfc062723c751e8b465ee728b)
Start importing Assets/Resources/wordSounds/ghiande.mp3 using Guid(4d9548e1ffc854027bd497a27f4e2dd8) Importer(815301076,1909f56bfc062723c751e8b465ee728b)  -> (artifact id: 'b9904fa4a4b64b8dec998aab7d026b34') in 0.067979 seconds 
  Import took 0.090079 seconds .

========================================================================
Received Import Request.
  Time since last request: 0.000372 seconds.
  path: Assets/Sounds 3/soldato.mp3
  artifactKey: Guid(2a9790e08b4874b49a0eda549aa38bc2) Importer(815301076,1909f56bfc062723c751e8b465ee728b)
Start importing Assets/Sounds 3/soldato.mp3 using Guid(2a9790e08b4874b49a0eda549aa38bc2) Importer(815301076,1909f56bfc062723c751e8b465ee728b)  -> (artifact id: 'a2f815cdc995ddbba92ccc810cd24f0e') in 0.094343 seconds 
  Import took 0.113615 seconds .

========================================================================
Received Import Request.
  Time since last request: 0.000299 seconds.
  path: Assets/Resources/wordSounds/guanto.mp3
  artifactKey: Guid(0869b8062c33a43888ab3d23d00b2bcc) Importer(815301076,1909f56bfc062723c751e8b465ee728b)
Start importing Assets/Resources/wordSounds/guanto.mp3 using Guid(0869b8062c33a43888ab3d23d00b2bcc) Importer(815301076,1909f56bfc062723c751e8b465ee728b)  -> (artifact id: 'a26c50088c06fa5cb51b30d132dde02b') in 0.086658 seconds 
  Import took 0.117753 seconds .

========================================================================
Received Import Request.
  Time since last request: 0.000665 seconds.
  path: Assets/Resources/wordSounds/gambero.mp3
  artifactKey: Guid(9893338de56b14fb4bdaefd15b99dfca) Importer(815301076,1909f56bfc062723c751e8b465ee728b)
Start importing Assets/Resources/wordSounds/gambero.mp3 using Guid(9893338de56b14fb4bdaefd15b99dfca) Importer(815301076,1909f56bfc062723c751e8b465ee728b)  -> (artifact id: 'b16721c464225c642a4122dba41c4e14') in 0.056471 seconds 
  Import took 0.099036 seconds .

========================================================================
Received Import Request.
  Time since last request: 0.000262 seconds.
  path: Assets/Sounds 3/secchio.mp3
  artifactKey: Guid(582a85c9c585b524e975e2f269dd0352) Importer(815301076,1909f56bfc062723c751e8b465ee728b)
Start importing Assets/Sounds 3/secchio.mp3 using Guid(582a85c9c585b524e975e2f269dd0352) Importer(815301076,1909f56bfc062723c751e8b465ee728b)  -> (artifact id: '9f9e8c7957577f02d2a386a9b82780e4') in 0.069984 seconds 
  Import took 0.076224 seconds .

========================================================================
Received Import Request.
  Time since last request: 0.000289 seconds.
  path: Assets/Sounds 3/scheletro.mp3
  artifactKey: Guid(4567c6d411eda1f4fb3799a998e580c1) Importer(815301076,1909f56bfc062723c751e8b465ee728b)
Start importing Assets/Sounds 3/scheletro.mp3 using Guid(4567c6d411eda1f4fb3799a998e580c1) Importer(815301076,1909f56bfc062723c751e8b465ee728b)  -> (artifact id: 'fffd31f228b146dca29bc6ef12ef8c85') in 0.057860 seconds 
  Import took 0.092130 seconds .

========================================================================
Received Import Request.
  Time since last request: 0.000283 seconds.
  path: Assets/Sounds 3/spaghetti.mp3
  artifactKey: Guid(8d07d18b85cdabd4d94149d2ea2c5de1) Importer(815301076,1909f56bfc062723c751e8b465ee728b)
Start importing Assets/Sounds 3/spaghetti.mp3 using Guid(8d07d18b85cdabd4d94149d2ea2c5de1) Importer(815301076,1909f56bfc062723c751e8b465ee728b)  -> (artifact id: '0fecb34709df1bc162a2d26b241bddad') in 0.068817 seconds 
  Import took 0.094293 seconds .

========================================================================
Received Import Request.
  Time since last request: 0.000339 seconds.
  path: Assets/Resources/wordSounds/gomme.mp3
  artifactKey: Guid(1d0b4da21dcdb40909f0be2600423ab4) Importer(815301076,1909f56bfc062723c751e8b465ee728b)
Start importing Assets/Resources/wordSounds/gomme.mp3 using Guid(1d0b4da21dcdb40909f0be2600423ab4) Importer(815301076,1909f56bfc062723c751e8b465ee728b)  -> (artifact id: 'bf3919b6c40b13d3b47b4be9a6f4ab5d') in 0.083193 seconds 
  Import took 0.114922 seconds .

========================================================================
Received Import Request.
  Time since last request: 0.000503 seconds.
  path: Assets/explosion.prefab
  artifactKey: Guid(002504ffd88af4b4cb2db50f6a3b25d3) Importer(815301076,1909f56bfc062723c751e8b465ee728b)
Start importing Assets/explosion.prefab using Guid(002504ffd88af4b4cb2db50f6a3b25d3) Importer(815301076,1909f56bfc062723c751e8b465ee728b)  -> (artifact id: '7d22872084df67f4dee6113b38d56d54') in 0.250764 seconds 
  Import took 0.292574 seconds .

========================================================================
Received Import Request.
  Time since last request: 0.000298 seconds.
  path: Assets/star 1.png
  artifactKey: Guid(6da7908b95351aa41b35d77b28e9c76f) Importer(815301076,1909f56bfc062723c751e8b465ee728b)
Start importing Assets/star 1.png using Guid(6da7908b95351aa41b35d77b28e9c76f) Importer(815301076,1909f56bfc062723c751e8b465ee728b)  -> (artifact id: 'd66ef1456e92bad138a218e46c47e745') in 0.588647 seconds 
  Import took 0.624281 seconds .

========================================================================
Received Import Request.
  Time since last request: 0.000325 seconds.
  path: Assets/rocket (2).png
  artifactKey: Guid(c37d2eb202adea140aa865a19a97a49b) Importer(815301076,1909f56bfc062723c751e8b465ee728b)
Start importing Assets/rocket (2).png using Guid(c37d2eb202adea140aa865a19a97a49b) Importer(815301076,1909f56bfc062723c751e8b465ee728b)  -> (artifact id: '111ada96b8b850509ff83adb7ac24af8') in 0.075019 seconds 
  Import took 0.116428 seconds .

========================================================================
Received Import Request.
  Time since last request: 0.000488 seconds.
  path: Assets/planet (5).png
  artifactKey: Guid(3b54b640550c4554687de6d2d2d19148) Importer(815301076,1909f56bfc062723c751e8b465ee728b)
Start importing Assets/planet (5).png using Guid(3b54b640550c4554687de6d2d2d19148) Importer(815301076,1909f56bfc062723c751e8b465ee728b)  -> (artifact id: '65cc68c6712d27136d7767a07e48b52a') in 0.071329 seconds 
  Import took 0.113189 seconds .

========================================================================
Received Import Request.
  Time since last request: 0.000272 seconds.
  path: Assets/satellite.png
  artifactKey: Guid(606af596fd5d4ce4d8ac35299e7c7cba) Importer(815301076,1909f56bfc062723c751e8b465ee728b)
Start importing Assets/satellite.png using Guid(606af596fd5d4ce4d8ac35299e7c7cba) Importer(815301076,1909f56bfc062723c751e8b465ee728b)  -> (artifact id: '08590ce7ecfd179a647927ce3fe05e84') in 0.081439 seconds 
  Import took 0.121325 seconds .

========================================================================
Received Import Request.
  Time since last request: 0.000320 seconds.
  path: Assets/shooting-star.prefab
  artifactKey: Guid(e5bcbb19170592a4a83a620441479c17) Importer(815301076,1909f56bfc062723c751e8b465ee728b)
Start importing Assets/shooting-star.prefab using Guid(e5bcbb19170592a4a83a620441479c17) Importer(815301076,1909f56bfc062723c751e8b465ee728b)  -> (artifact id: 'f91d3da0a6140c3c2508a311f1fde787') in 0.232720 seconds 
  Import took 0.285660 seconds .

========================================================================
Received Import Request.
  Time since last request: 0.000299 seconds.
  path: Assets/star 3.png
  artifactKey: Guid(732eb6b38ec12994d80d156195074b41) Importer(815301076,1909f56bfc062723c751e8b465ee728b)
Start importing Assets/star 3.png using Guid(732eb6b38ec12994d80d156195074b41) Importer(815301076,1909f56bfc062723c751e8b465ee728b)  -> (artifact id: 'c0370d9f4d991c86bba1873132b50163') in 0.100480 seconds 
  Import took 0.122966 seconds .

========================================================================
Received Import Request.
  Time since last request: 0.000268 seconds.
  path: Assets/star 1.prefab
  artifactKey: Guid(95210330ba198c44dbc42f10e7f52000) Importer(815301076,1909f56bfc062723c751e8b465ee728b)
Start importing Assets/star 1.prefab using Guid(95210330ba198c44dbc42f10e7f52000) Importer(815301076,1909f56bfc062723c751e8b465ee728b)  -> (artifact id: '1450adeae31158d4715d83f32ed5531d') in 0.056318 seconds 
  Import took 0.100624 seconds .

========================================================================
Received Import Request.
  Time since last request: 0.000535 seconds.
  path: Assets/planet (6).png
  artifactKey: Guid(93294462638481a4a863bae4b5a15d22) Importer(815301076,1909f56bfc062723c751e8b465ee728b)
Start importing Assets/planet (6).png using Guid(93294462638481a4a863bae4b5a15d22) Importer(815301076,1909f56bfc062723c751e8b465ee728b)  -> (artifact id: 'f68c85cc8ca5b58c4c457b2a1e03e7df') in 0.060378 seconds 
  Import took 0.091646 seconds .

========================================================================
Received Import Request.
  Time since last request: 0.000436 seconds.
  path: Assets/satellite.prefab
  artifactKey: Guid(b093c38669be7254b9470e1db2453bb3) Importer(815301076,1909f56bfc062723c751e8b465ee728b)
Start importing Assets/satellite.prefab using Guid(b093c38669be7254b9470e1db2453bb3) Importer(815301076,1909f56bfc062723c751e8b465ee728b)  -> (artifact id: 'd40a325c43e804567403fb0cb2cf71d2') in 0.056001 seconds 
  Import took 0.081361 seconds .

========================================================================
Received Import Request.
  Time since last request: 0.000408 seconds.
  path: Assets/rocket.prefab
  artifactKey: Guid(a666998a5ea42e342a2bed8229f8c91b) Importer(815301076,1909f56bfc062723c751e8b465ee728b)
Start importing Assets/rocket.prefab using Guid(a666998a5ea42e342a2bed8229f8c91b) Importer(815301076,1909f56bfc062723c751e8b465ee728b)  -> (artifact id: '3d79a37455eba9ff6638c3e89a1e0f0b') in 0.066908 seconds 
  Import took 0.097305 seconds .

========================================================================
Received Import Request.
  Time since last request: 0.000308 seconds.
  path: Assets/planet-earth (1).png
  artifactKey: Guid(206b561b41412424fbf044c069b121a3) Importer(815301076,1909f56bfc062723c751e8b465ee728b)
Start importing Assets/planet-earth (1).png using Guid(206b561b41412424fbf044c069b121a3) Importer(815301076,1909f56bfc062723c751e8b465ee728b)  -> (artifact id: '2da14d49a16260070094019bd2f21f92') in 0.046942 seconds 
  Import took 0.052800 seconds .

========================================================================
Received Import Request.
  Time since last request: 0.000356 seconds.
  path: Assets/shooting-star.png
  artifactKey: Guid(44d3bed9d3262b848843019858c0d607) Importer(815301076,1909f56bfc062723c751e8b465ee728b)
Start importing Assets/shooting-star.png using Guid(44d3bed9d3262b848843019858c0d607) Importer(815301076,1909f56bfc062723c751e8b465ee728b)  -> (artifact id: 'e71ad00d64ac84691d5bc784578543cb') in 0.033417 seconds 
  Import took 0.054654 seconds .

========================================================================
Received Import Request.
  Time since last request: 0.000444 seconds.
  path: Assets/WinLose3.prefab
  artifactKey: Guid(1b05caa661335134fadacc8d3829b193) Importer(815301076,1909f56bfc062723c751e8b465ee728b)
Start importing Assets/WinLose3.prefab using Guid(1b05caa661335134fadacc8d3829b193) Importer(815301076,1909f56bfc062723c751e8b465ee728b)  -> (artifact id: '28a5db4c491b08011fb6e1ca1df22a15') in 0.041664 seconds 
  Import took 0.066886 seconds .

========================================================================
Received Import Request.
  Time since last request: 0.000276 seconds.
  path: Assets/Resources/wordSounds/gomitolo.mp3
  artifactKey: Guid(b46f01e846c4342df922178a7db1d953) Importer(815301076,1909f56bfc062723c751e8b465ee728b)
Start importing Assets/Resources/wordSounds/gomitolo.mp3 using Guid(b46f01e846c4342df922178a7db1d953) Importer(815301076,1909f56bfc062723c751e8b465ee728b)  -> (artifact id: '0894b96612fb0074a038564ed42ee365') in 0.074037 seconds 
  Import took 0.098652 seconds .

========================================================================
Received Import Request.
  Time since last request: 0.000264 seconds.
  path: Assets/Sounds 3/scatola.mp3
  artifactKey: Guid(131d6facb04b7c649b5f2acc83554237) Importer(815301076,1909f56bfc062723c751e8b465ee728b)
Start importing Assets/Sounds 3/scatola.mp3 using Guid(131d6facb04b7c649b5f2acc83554237) Importer(815301076,1909f56bfc062723c751e8b465ee728b)  -> (artifact id: '19ba588c3cf36a421adb4f90d4c0d75c') in 0.089195 seconds 
  Import took 0.109194 seconds .

========================================================================
Received Import Request.
  Time since last request: 0.000434 seconds.
  path: Assets/Sounds 3/smalto.mp3
  artifactKey: Guid(b4f2d95b748210940b17e9567b2037b3) Importer(815301076,1909f56bfc062723c751e8b465ee728b)
Start importing Assets/Sounds 3/smalto.mp3 using Guid(b4f2d95b748210940b17e9567b2037b3) Importer(815301076,1909f56bfc062723c751e8b465ee728b)  -> (artifact id: '865ff5dbf6493401edceeb22b1ff8220') in 0.056457 seconds 
  Import took 0.076942 seconds .

========================================================================
Received Import Request.
  Time since last request: 0.000316 seconds.
  path: Assets/Resources/wordSounds/gambo.mp3
  artifactKey: Guid(5c8747ff8a95443089c4e91f04f21648) Importer(815301076,1909f56bfc062723c751e8b465ee728b)
Start importing Assets/Resources/wordSounds/gambo.mp3 using Guid(5c8747ff8a95443089c4e91f04f21648) Importer(815301076,1909f56bfc062723c751e8b465ee728b)  -> (artifact id: '0fcf2426883c6077500146eaa6515594') in 0.045361 seconds 
  Import took 0.068197 seconds .

========================================================================
Received Import Request.
  Time since last request: 0.000646 seconds.
  path: Assets/Sounds 3/strada.mp3
  artifactKey: Guid(0b20d4599da869048ac3e595085e1a35) Importer(815301076,1909f56bfc062723c751e8b465ee728b)
Start importing Assets/Sounds 3/strada.mp3 using Guid(0b20d4599da869048ac3e595085e1a35) Importer(815301076,1909f56bfc062723c751e8b465ee728b)  -> (artifact id: 'ff37497d6ec5f9eabf7a735392caf2da') in 0.061090 seconds 
  Import took 0.074002 seconds .

========================================================================
Received Import Request.
  Time since last request: 0.000310 seconds.
  path: Assets/Sounds 3/scacchiera.mp3
  artifactKey: Guid(5566f77f4bfe22c4190b14ff70b8b151) Importer(815301076,1909f56bfc062723c751e8b465ee728b)
Start importing Assets/Sounds 3/scacchiera.mp3 using Guid(5566f77f4bfe22c4190b14ff70b8b151) Importer(815301076,1909f56bfc062723c751e8b465ee728b)  -> (artifact id: 'f7e87c5b6aab3ae7bd06d437f7503f61') in 0.066770 seconds 
  Import took 0.076777 seconds .

========================================================================
Received Import Request.
  Time since last request: 0.000313 seconds.
  path: Assets/Sounds 3/scarpe.mp3
  artifactKey: Guid(fc28f6878ca86e247a84d98c3c0e3c17) Importer(815301076,1909f56bfc062723c751e8b465ee728b)
Start importing Assets/Sounds 3/scarpe.mp3 using Guid(fc28f6878ca86e247a84d98c3c0e3c17) Importer(815301076,1909f56bfc062723c751e8b465ee728b)  -> (artifact id: '9a0fb21109a53038e8b8dcb8680f19a6') in 0.055705 seconds 
  Import took 0.060888 seconds .

========================================================================
Received Import Request.
  Time since last request: 0.000294 seconds.
  path: Assets/Sounds 3/streghe.mp3
  artifactKey: Guid(9d716ad3e691895498f5dd7b3449b4fb) Importer(815301076,1909f56bfc062723c751e8b465ee728b)
Start importing Assets/Sounds 3/streghe.mp3 using Guid(9d716ad3e691895498f5dd7b3449b4fb) Importer(815301076,1909f56bfc062723c751e8b465ee728b)  -> (artifact id: '99e5109bd075a553b87ec979e35bb4e7') in 0.058929 seconds 
  Import took 0.067233 seconds .

========================================================================
Received Import Request.
  Time since last request: 0.000238 seconds.
  path: Assets/Sounds 3/stagno.mp3
  artifactKey: Guid(1da6cac18ad727540838daabc1dfc748) Importer(815301076,1909f56bfc062723c751e8b465ee728b)
Start importing Assets/Sounds 3/stagno.mp3 using Guid(1da6cac18ad727540838daabc1dfc748) Importer(815301076,1909f56bfc062723c751e8b465ee728b)  -> (artifact id: '1a5f08d0a7decdbfb76189099b2ebed8') in 0.071230 seconds 
  Import took 0.101857 seconds .

========================================================================
Received Import Request.
  Time since last request: 0.000351 seconds.
  path: Assets/Sounds 3/scopa.mp3
  artifactKey: Guid(5baca34ee97b35e4bb932c5053248d28) Importer(815301076,1909f56bfc062723c751e8b465ee728b)
Start importing Assets/Sounds 3/scopa.mp3 using Guid(5baca34ee97b35e4bb932c5053248d28) Importer(815301076,1909f56bfc062723c751e8b465ee728b)  -> (artifact id: 'afc90655b43c827dd8a18f491628c18a') in 0.090140 seconds 
  Import took 0.110296 seconds .

========================================================================
Received Import Request.
  Time since last request: 0.000282 seconds.
  path: Assets/Sounds 3/sceriffo.mp3
  artifactKey: Guid(fab8ea2ad59c88e4b8b1db5de42cd78d) Importer(815301076,1909f56bfc062723c751e8b465ee728b)
Start importing Assets/Sounds 3/sceriffo.mp3 using Guid(fab8ea2ad59c88e4b8b1db5de42cd78d) Importer(815301076,1909f56bfc062723c751e8b465ee728b)  -> (artifact id: '9ae1ab8fddfb84469755aff5ef495ac5') in 0.094675 seconds 
  Import took 0.136240 seconds .

========================================================================
Received Import Request.
  Time since last request: 0.000400 seconds.
  path: Assets/Sounds 3/sasso.mp3
  artifactKey: Guid(369d2708e8a72e340ab7e5e8247b85e4) Importer(815301076,1909f56bfc062723c751e8b465ee728b)
Start importing Assets/Sounds 3/sasso.mp3 using Guid(369d2708e8a72e340ab7e5e8247b85e4) Importer(815301076,1909f56bfc062723c751e8b465ee728b)  -> (artifact id: '210a9177a9fe8422250d2b714811a021') in 0.058638 seconds 
  Import took 0.089343 seconds .

========================================================================
Received Import Request.
  Time since last request: 0.000280 seconds.
  path: Assets/Resources/wordSounds/gatto.mp3
  artifactKey: Guid(1d415698991af430c8d31a3a9325eabb) Importer(815301076,1909f56bfc062723c751e8b465ee728b)
Start importing Assets/Resources/wordSounds/gatto.mp3 using Guid(1d415698991af430c8d31a3a9325eabb) Importer(815301076,1909f56bfc062723c751e8b465ee728b)  -> (artifact id: 'd4bfd885863c9dac1af3f525c3b9f599') in 0.072906 seconds 
  Import took 0.096822 seconds .

========================================================================
Received Import Request.
  Time since last request: 0.000325 seconds.
  path: Assets/Resources/wordSounds/guinzaglio.mp3
  artifactKey: Guid(b258deff2ed694929953c90a3b839690) Importer(815301076,1909f56bfc062723c751e8b465ee728b)
Start importing Assets/Resources/wordSounds/guinzaglio.mp3 using Guid(b258deff2ed694929953c90a3b839690) Importer(815301076,1909f56bfc062723c751e8b465ee728b)  -> (artifact id: 'f289d622e1e4b0467c52b02886067eb5') in 0.783412 seconds 
  Import took 0.856991 seconds .

========================================================================
Received Prepare
Refreshing native plugins compatible for Editor in 8.11 ms, found 3 plugins.
Preloading 0 native plugins for Editor in 0.00 ms.
Unloading 15 Unused Serialized files (Serialized files now loaded: 0)
System memory in use before: 55.8 MB.
System memory in use after: 56.0 MB.

Unloading 15 unused Assets to reduce memory usage. Loaded Objects now: 2663.
Total: 8.618500 ms (FindLiveObjects: 0.439000 ms CreateObjectMapping: 0.142600 ms MarkObjects: 7.987600 ms  DeleteObjects: 0.047500 ms)

AssetImportParameters requested are different than current active one (requested -> active):
  custom:framework-win-MediaFoundation: 216162199b28c13a410421893ffa2e32 -> 
  custom:video-decoder-ogg-theora: a1e56fd34408186e4bbccfd4996cb3dc -> 
  custom:container-muxer-webm: aa71ff27fc2769a1b78a27578f13a17b -> 
  custom:container-demuxer-webm: 4f35f7cbe854078d1ac9338744f61a02 -> 
  custom:container-demuxer-ogg: 62fdf1f143b41e24485cea50d1cbac27 -> 
  custom:video-encoder-webm-vp8: eb34c28f22e8b96e1ab97ce403110664 -> 
  custom:video-codec-MediaFoundation-h265: 746d11721c4dcdbdad8f713fa42b33f4 -> 
  custom:video-decoder-webm-vp8: 9c59270c3fd7afecdb556c50c9e8de78 -> 
  custom:audio-decoder-ogg-vorbis: bf7c407c2cedff20999df2af8eb42d56 -> 
  custom:audio-encoder-webm-vorbis: bf7c407c2cedff20999df2af8eb42d56 -> 
========================================================================
Received Import Request.
  Time since last request: 46.170196 seconds.
  path: Assets/cartoon_anime_laser_shoot_hard_fast_002_71524.mp3
  artifactKey: Guid(e0c4dee610f4a7b488aa9016142aceae) Importer(815301076,1909f56bfc062723c751e8b465ee728b)
Start importing Assets/cartoon_anime_laser_shoot_hard_fast_002_71524.mp3 using Guid(e0c4dee610f4a7b488aa9016142aceae) Importer(815301076,1909f56bfc062723c751e8b465ee728b)  -> (artifact id: 'ba69dc3d94b5ad0ddd2b5cd5bd6359fd') in 1.195619 seconds 
  Import took 1.748941 seconds .

========================================================================
Received Import Request.
  Time since last request: 0.000972 seconds.
  path: Assets/comedy_missle_launch.mp3
  artifactKey: Guid(c17d598b2c1ef4045bc094a3b9e768a6) Importer(815301076,1909f56bfc062723c751e8b465ee728b)
Start importing Assets/comedy_missle_launch.mp3 using Guid(c17d598b2c1ef4045bc094a3b9e768a6) Importer(815301076,1909f56bfc062723c751e8b465ee728b)  -> (artifact id: 'a8b711c767b72f8a3f9b76d8ac43ca3a') in 0.035961 seconds 
  Import took 0.085680 seconds .

========================================================================
Received Import Request.
  Time since last request: 109.952597 seconds.
  path: Assets/Scenes/level2.unity
  artifactKey: Guid(f71ab27aa34d129459ae54e3dabcae78) Importer(815301076,1909f56bfc062723c751e8b465ee728b)
Start importing Assets/Scenes/level2.unity using Guid(f71ab27aa34d129459ae54e3dabcae78) Importer(815301076,1909f56bfc062723c751e8b465ee728b)  -> (artifact id: '0fb7137f9798383a3342b907744e3315') in 0.006142 seconds 
  Import took 0.028712 seconds .

========================================================================
Received Import Request.
  Time since last request: 50.178346 seconds.
  path: Assets/Scenes/Test.unity
  artifactKey: Guid(f2134b635ac44c543b8d77c1099212a5) Importer(815301076,1909f56bfc062723c751e8b465ee728b)
Start importing Assets/Scenes/Test.unity using Guid(f2134b635ac44c543b8d77c1099212a5) Importer(815301076,1909f56bfc062723c751e8b465ee728b)  -> (artifact id: '172ffbc6cf816d78e87e224ceba38c2b') in 0.202919 seconds 
  Import took 0.253414 seconds .

========================================================================
Received Prepare
Registering precompiled user dll's ...
Registered in 0.052283 seconds.
Begin MonoManager ReloadAssembly
Native extension for WindowsStandalone target not found
Refreshing native plugins compatible for Editor in 0.85 ms, found 3 plugins.
Preloading 0 native plugins for Editor in 0.00 ms.
Mono: successfully reloaded assembly
- Completed reload, in  1.572 seconds
Domain Reload Profiling:
	ReloadAssembly (1573ms)
		BeginReloadAssembly (163ms)
			ExecutionOrderSort (0ms)
			DisableScriptedObjects (9ms)
			BackupInstance (0ms)
			ReleaseScriptingObjects (0ms)
			CreateAndSetChildDomain (55ms)
		EndReloadAssembly (1320ms)
			LoadAssemblies (125ms)
			RebuildTransferFunctionScriptingTraits (0ms)
			SetupTypeCache (436ms)
			ReleaseScriptCaches (1ms)
			RebuildScriptCaches (63ms)
			SetupLoadedEditorAssemblies (539ms)
				LogAssemblyErrors (0ms)
				InitializePlatformSupportModulesInManaged (7ms)
				SetLoadedEditorAssemblies (1ms)
				RefreshPlugins (1ms)
				BeforeProcessingInitializeOnLoad (97ms)
				ProcessInitializeOnLoadAttributes (402ms)
				ProcessInitializeOnLoadMethodAttributes (20ms)
				AfterProcessingInitializeOnLoad (11ms)
				EditorAssembliesLoaded (0ms)
			ExecutionOrderSort2 (0ms)
			AwakeInstancesAfterBackupRestoration (13ms)
Platform modules already initialized, skipping
Refreshing native plugins compatible for Editor in 0.91 ms, found 3 plugins.
Preloading 0 native plugins for Editor in 0.00 ms.
Unloading 2206 Unused Serialized files (Serialized files now loaded: 0)
System memory in use before: 99.6 MB.
System memory in use after: 99.8 MB.

Unloading 17 unused Assets to reduce memory usage. Loaded Objects now: 2665.
Total: 4.781100 ms (FindLiveObjects: 0.386300 ms CreateObjectMapping: 0.222800 ms MarkObjects: 4.129200 ms  DeleteObjects: 0.041700 ms)

AssetImportParameters requested are different than current active one (requested -> active):
  custom:framework-win-MediaFoundation: 216162199b28c13a410421893ffa2e32 -> 
  custom:video-decoder-ogg-theora: a1e56fd34408186e4bbccfd4996cb3dc -> 
  custom:container-muxer-webm: aa71ff27fc2769a1b78a27578f13a17b -> 
  custom:container-demuxer-webm: 4f35f7cbe854078d1ac9338744f61a02 -> 
  custom:container-demuxer-ogg: 62fdf1f143b41e24485cea50d1cbac27 -> 
  custom:video-encoder-webm-vp8: eb34c28f22e8b96e1ab97ce403110664 -> 
  custom:video-codec-MediaFoundation-h265: 746d11721c4dcdbdad8f713fa42b33f4 -> 
  custom:video-decoder-webm-vp8: 9c59270c3fd7afecdb556c50c9e8de78 -> 
  custom:audio-decoder-ogg-vorbis: bf7c407c2cedff20999df2af8eb42d56 -> 
  custom:audio-encoder-webm-vorbis: bf7c407c2cedff20999df2af8eb42d56 -> 
AssetImportWorkerClient::OnTransportError - code=2 error=End of file
