Using pre-set license
Built from '2020.3/staging' branch; Version is '2020.3.21f1 (a38c86f6690f) revision 10718342'; Using compiler version '192528614'; Build Type 'Release'
OS: 'Windows 10 Home; OS build 19042.1415; Version 2009; 64bit' Language: 'it' Physical Memory: 12179 MB
BatchMode: 1, IsHumanControllingUs: 0, StartBugReporterOnCrash: 0, Is64bit: 1, IsPro: 0

COMMAND LINE ARGUMENTS:
C:\Program Files\Unity\Hub\Editor\2020.3.21f1\Editor\Unity.exe
-adb2
-batchMode
-noUpm
-name
AssetImportWorker0
-projectPath
C:/Users/vitto/Desktop/EducationalSpaceGame
-logFile
Logs/AssetImportWorker0.log
-srvPort
49480
Successfully changed project path to: C:/Users/vitto/Desktop/EducationalSpaceGame
C:/Users/vitto/Desktop/EducationalSpaceGame
Using Asset Import Pipeline V2.
Refreshing native plugins compatible for Editor in 134.28 ms, found 3 plugins.
Preloading 0 native plugins for Editor in 0.00 ms.
Initialize engine version: 2020.3.21f1 (a38c86f6690f)
[Subsystems] Discovering subsystems at path C:/Program Files/Unity/Hub/Editor/2020.3.21f1/Editor/Data/Resources/UnitySubsystems
[Subsystems] Discovering subsystems at path C:/Users/vitto/Desktop/EducationalSpaceGame/Assets
GfxDevice: creating device client; threaded=0
Direct3D:
    Version:  Direct3D 11.0 [level 11.0]
    Renderer: NVIDIA GeForce GTX 950M (ID=0x139a)
    Vendor:   
    VRAM:     2019 MB
    Driver:   23.21.13.8857
Initialize mono
Mono path[0] = 'C:/Program Files/Unity/Hub/Editor/2020.3.21f1/Editor/Data/Managed'
Mono path[1] = 'C:/Program Files/Unity/Hub/Editor/2020.3.21f1/Editor/Data/MonoBleedingEdge/lib/mono/unityjit'
Mono config path = 'C:/Program Files/Unity/Hub/Editor/2020.3.21f1/Editor/Data/MonoBleedingEdge/etc'
Using monoOptions --debugger-agent=transport=dt_socket,embedding=1,server=y,suspend=n,address=127.0.0.1:56300
Begin MonoManager ReloadAssembly
Registering precompiled unity dll's ...
Register platform support module: C:/Program Files/Unity/Hub/Editor/2020.3.21f1/Editor/Data/PlaybackEngines/WindowsStandaloneSupport/UnityEditor.WindowsStandalone.Extensions.dll
Registered in 0.009195 seconds.
Native extension for WindowsStandalone target not found
Refreshing native plugins compatible for Editor in 111.01 ms, found 3 plugins.
Preloading 0 native plugins for Editor in 0.00 ms.
Mono: successfully reloaded assembly
- Completed reload, in  5.305 seconds
Domain Reload Profiling:
	ReloadAssembly (5306ms)
		BeginReloadAssembly (158ms)
			ExecutionOrderSort (0ms)
			DisableScriptedObjects (0ms)
			BackupInstance (0ms)
			ReleaseScriptingObjects (0ms)
			CreateAndSetChildDomain (2ms)
		EndReloadAssembly (1201ms)
			LoadAssemblies (151ms)
			RebuildTransferFunctionScriptingTraits (0ms)
			SetupTypeCache (456ms)
			ReleaseScriptCaches (0ms)
			RebuildScriptCaches (73ms)
			SetupLoadedEditorAssemblies (435ms)
				LogAssemblyErrors (0ms)
				InitializePlatformSupportModulesInManaged (8ms)
				SetLoadedEditorAssemblies (0ms)
				RefreshPlugins (111ms)
				BeforeProcessingInitializeOnLoad (17ms)
				ProcessInitializeOnLoadAttributes (223ms)
				ProcessInitializeOnLoadMethodAttributes (76ms)
				AfterProcessingInitializeOnLoad (0ms)
				EditorAssembliesLoaded (1ms)
			ExecutionOrderSort2 (0ms)
			AwakeInstancesAfterBackupRestoration (0ms)
Platform modules already initialized, skipping
Registering precompiled user dll's ...
Registered in 0.017306 seconds.
Begin MonoManager ReloadAssembly
Native extension for WindowsStandalone target not found
Refreshing native plugins compatible for Editor in 474.08 ms, found 3 plugins.
Preloading 0 native plugins for Editor in 0.00 ms.
Mono: successfully reloaded assembly
- Completed reload, in  5.775 seconds
Domain Reload Profiling:
	ReloadAssembly (5777ms)
		BeginReloadAssembly (584ms)
			ExecutionOrderSort (0ms)
			DisableScriptedObjects (18ms)
			BackupInstance (0ms)
			ReleaseScriptingObjects (0ms)
			CreateAndSetChildDomain (58ms)
		EndReloadAssembly (4965ms)
			LoadAssemblies (301ms)
			RebuildTransferFunctionScriptingTraits (0ms)
			SetupTypeCache (2166ms)
			ReleaseScriptCaches (1ms)
			RebuildScriptCaches (226ms)
			SetupLoadedEditorAssemblies (1689ms)
				LogAssemblyErrors (0ms)
				InitializePlatformSupportModulesInManaged (18ms)
				SetLoadedEditorAssemblies (1ms)
				RefreshPlugins (476ms)
				BeforeProcessingInitializeOnLoad (393ms)
				ProcessInitializeOnLoadAttributes (708ms)
				ProcessInitializeOnLoadMethodAttributes (58ms)
				AfterProcessingInitializeOnLoad (35ms)
				EditorAssembliesLoaded (0ms)
			ExecutionOrderSort2 (0ms)
			AwakeInstancesAfterBackupRestoration (21ms)
Platform modules already initialized, skipping
========================================================================
Worker process is ready to serve import requests
Launched and connected shader compiler UnityShaderCompiler.exe after 0.12 seconds
Refreshing native plugins compatible for Editor in 0.70 ms, found 3 plugins.
Preloading 0 native plugins for Editor in 0.00 ms.
Unloading 2205 Unused Serialized files (Serialized files now loaded: 0)
System memory in use before: 96.1 MB.
System memory in use after: 96.2 MB.

Unloading 28 unused Assets to reduce memory usage. Loaded Objects now: 2639.
Total: 7.416200 ms (FindLiveObjects: 0.403700 ms CreateObjectMapping: 0.168800 ms MarkObjects: 6.727100 ms  DeleteObjects: 0.114300 ms)

AssetImportParameters requested are different than current active one (requested -> active):
  custom:framework-win-MediaFoundation: 216162199b28c13a410421893ffa2e32 -> 
  custom:video-decoder-ogg-theora: a1e56fd34408186e4bbccfd4996cb3dc -> 
  custom:container-muxer-webm: aa71ff27fc2769a1b78a27578f13a17b -> 
  custom:container-demuxer-webm: 4f35f7cbe854078d1ac9338744f61a02 -> 
  custom:container-demuxer-ogg: 62fdf1f143b41e24485cea50d1cbac27 -> 
  custom:video-encoder-webm-vp8: eb34c28f22e8b96e1ab97ce403110664 -> 
  custom:video-codec-MediaFoundation-h265: 746d11721c4dcdbdad8f713fa42b33f4 -> 
  custom:video-decoder-webm-vp8: 9c59270c3fd7afecdb556c50c9e8de78 -> 
  custom:audio-decoder-ogg-vorbis: bf7c407c2cedff20999df2af8eb42d56 -> 
  custom:audio-encoder-webm-vorbis: bf7c407c2cedff20999df2af8eb42d56 -> 
========================================================================
Received Import Request.
  path: Assets/Scenes/Game.unity
  artifactKey: Guid(f6b402a26f0a39e45b2393474a4972a1) Importer(815301076,1909f56bfc062723c751e8b465ee728b)
Start importing Assets/Scenes/Game.unity using Guid(f6b402a26f0a39e45b2393474a4972a1) Importer(815301076,1909f56bfc062723c751e8b465ee728b)  -> (artifact id: 'dfa058d320d854787063bb9230b65ae9') in 0.089431 seconds 
  Import took 0.103119 seconds .

========================================================================
Received Import Request.
  Time since last request: 11.265171 seconds.
  path: Assets/Scenes/DialogueBox.controller
  artifactKey: Guid(c9fb558d4553245e1a644d475af36daf) Importer(815301076,1909f56bfc062723c751e8b465ee728b)
Start importing Assets/Scenes/DialogueBox.controller using Guid(c9fb558d4553245e1a644d475af36daf) Importer(815301076,1909f56bfc062723c751e8b465ee728b)  -> (artifact id: '490bd2f0c93dccee0ca316a1327b7f1b') in 0.060519 seconds 
  Import took 0.069166 seconds .

========================================================================
Received Import Request.
  Time since last request: 15.051840 seconds.
  path: Assets/Scenes/DialogueBox_Close.anim
  artifactKey: Guid(650d13bdbd2bb452bb80c0c028279337) Importer(815301076,1909f56bfc062723c751e8b465ee728b)
Start importing Assets/Scenes/DialogueBox_Close.anim using Guid(650d13bdbd2bb452bb80c0c028279337) Importer(815301076,1909f56bfc062723c751e8b465ee728b)  -> (artifact id: '1758c1b5f327efce366756c7d8c61e4d') in 0.019441 seconds 
  Import took 0.026437 seconds .

========================================================================
Received Import Request.
  Time since last request: 1.977295 seconds.
  path: Assets/Scenes/DialogueBox_Open.anim
  artifactKey: Guid(5f66488d534da45dea590d02ef9283e7) Importer(815301076,1909f56bfc062723c751e8b465ee728b)
Start importing Assets/Scenes/DialogueBox_Open.anim using Guid(5f66488d534da45dea590d02ef9283e7) Importer(815301076,1909f56bfc062723c751e8b465ee728b)  -> (artifact id: 'c82d487e09246d94041c1d189e861ac0') in 0.016069 seconds 
  Import took 0.031043 seconds .

========================================================================
Received Import Request.
  Time since last request: 18.609713 seconds.
  path: Assets/Scripts/DialogueManager.cs
  artifactKey: Guid(56c98fafea6264a4aaabf2338b3480f3) Importer(815301076,1909f56bfc062723c751e8b465ee728b)
Start importing Assets/Scripts/DialogueManager.cs using Guid(56c98fafea6264a4aaabf2338b3480f3) Importer(815301076,1909f56bfc062723c751e8b465ee728b)  -> (artifact id: 'a895ed8817b99f9d5215ffdd3854b47a') in 0.011838 seconds 
  Import took 0.021515 seconds .

========================================================================
Received Prepare
Registering precompiled user dll's ...
Registered in 5.923631 seconds.
Begin MonoManager ReloadAssembly
Native extension for WindowsStandalone target not found
Refreshing native plugins compatible for Editor in 1.64 ms, found 3 plugins.
Preloading 0 native plugins for Editor in 0.00 ms.
Mono: successfully reloaded assembly
- Completed reload, in  4.972 seconds
Domain Reload Profiling:
	ReloadAssembly (4976ms)
		BeginReloadAssembly (723ms)
			ExecutionOrderSort (0ms)
			DisableScriptedObjects (36ms)
			BackupInstance (0ms)
			ReleaseScriptingObjects (0ms)
			CreateAndSetChildDomain (158ms)
		EndReloadAssembly (3918ms)
			LoadAssemblies (650ms)
			RebuildTransferFunctionScriptingTraits (0ms)
			SetupTypeCache (1860ms)
			ReleaseScriptCaches (2ms)
			RebuildScriptCaches (161ms)
			SetupLoadedEditorAssemblies (1031ms)
				LogAssemblyErrors (0ms)
				InitializePlatformSupportModulesInManaged (18ms)
				SetLoadedEditorAssemblies (1ms)
				RefreshPlugins (2ms)
				BeforeProcessingInitializeOnLoad (244ms)
				ProcessInitializeOnLoadAttributes (704ms)
				ProcessInitializeOnLoadMethodAttributes (36ms)
				AfterProcessingInitializeOnLoad (26ms)
				EditorAssembliesLoaded (0ms)
			ExecutionOrderSort2 (0ms)
			AwakeInstancesAfterBackupRestoration (28ms)
Platform modules already initialized, skipping
Refreshing native plugins compatible for Editor in 1.30 ms, found 3 plugins.
Preloading 0 native plugins for Editor in 0.00 ms.
Unloading 2194 Unused Serialized files (Serialized files now loaded: 0)
System memory in use before: 95.5 MB.
System memory in use after: 95.6 MB.

Unloading 17 unused Assets to reduce memory usage. Loaded Objects now: 2641.
Total: 8.018100 ms (FindLiveObjects: 0.511600 ms CreateObjectMapping: 0.249500 ms MarkObjects: 7.196400 ms  DeleteObjects: 0.058900 ms)

AssetImportParameters requested are different than current active one (requested -> active):
  custom:framework-win-MediaFoundation: 216162199b28c13a410421893ffa2e32 -> 
  custom:video-decoder-ogg-theora: a1e56fd34408186e4bbccfd4996cb3dc -> 
  custom:container-muxer-webm: aa71ff27fc2769a1b78a27578f13a17b -> 
  custom:container-demuxer-webm: 4f35f7cbe854078d1ac9338744f61a02 -> 
  custom:container-demuxer-ogg: 62fdf1f143b41e24485cea50d1cbac27 -> 
  custom:video-encoder-webm-vp8: eb34c28f22e8b96e1ab97ce403110664 -> 
  custom:video-codec-MediaFoundation-h265: 746d11721c4dcdbdad8f713fa42b33f4 -> 
  custom:video-decoder-webm-vp8: 9c59270c3fd7afecdb556c50c9e8de78 -> 
  custom:audio-decoder-ogg-vorbis: bf7c407c2cedff20999df2af8eb42d56 -> 
  custom:audio-encoder-webm-vorbis: bf7c407c2cedff20999df2af8eb42d56 -> 
========================================================================
Received Prepare
Registering precompiled user dll's ...
Registered in 0.449251 seconds.
Begin MonoManager ReloadAssembly
Native extension for WindowsStandalone target not found
Refreshing native plugins compatible for Editor in 2.25 ms, found 3 plugins.
Preloading 0 native plugins for Editor in 0.00 ms.
Mono: successfully reloaded assembly
- Completed reload, in  3.725 seconds
Domain Reload Profiling:
	ReloadAssembly (3726ms)
		BeginReloadAssembly (380ms)
			ExecutionOrderSort (0ms)
			DisableScriptedObjects (21ms)
			BackupInstance (0ms)
			ReleaseScriptingObjects (0ms)
			CreateAndSetChildDomain (112ms)
		EndReloadAssembly (3089ms)
			LoadAssemblies (340ms)
			RebuildTransferFunctionScriptingTraits (0ms)
			SetupTypeCache (1173ms)
			ReleaseScriptCaches (2ms)
			RebuildScriptCaches (167ms)
			SetupLoadedEditorAssemblies (1032ms)
				LogAssemblyErrors (0ms)
				InitializePlatformSupportModulesInManaged (16ms)
				SetLoadedEditorAssemblies (1ms)
				RefreshPlugins (2ms)
				BeforeProcessingInitializeOnLoad (232ms)
				ProcessInitializeOnLoadAttributes (714ms)
				ProcessInitializeOnLoadMethodAttributes (39ms)
				AfterProcessingInitializeOnLoad (28ms)
				EditorAssembliesLoaded (0ms)
			ExecutionOrderSort2 (0ms)
			AwakeInstancesAfterBackupRestoration (32ms)
Platform modules already initialized, skipping
Refreshing native plugins compatible for Editor in 1.17 ms, found 3 plugins.
Preloading 0 native plugins for Editor in 0.00 ms.
Unloading 2194 Unused Serialized files (Serialized files now loaded: 0)
System memory in use before: 95.5 MB.
System memory in use after: 95.6 MB.

Unloading 17 unused Assets to reduce memory usage. Loaded Objects now: 2643.
Total: 10.075500 ms (FindLiveObjects: 0.475000 ms CreateObjectMapping: 0.187200 ms MarkObjects: 9.348300 ms  DeleteObjects: 0.062200 ms)

AssetImportParameters requested are different than current active one (requested -> active):
  custom:framework-win-MediaFoundation: 216162199b28c13a410421893ffa2e32 -> 
  custom:video-decoder-ogg-theora: a1e56fd34408186e4bbccfd4996cb3dc -> 
  custom:container-muxer-webm: aa71ff27fc2769a1b78a27578f13a17b -> 
  custom:container-demuxer-webm: 4f35f7cbe854078d1ac9338744f61a02 -> 
  custom:container-demuxer-ogg: 62fdf1f143b41e24485cea50d1cbac27 -> 
  custom:video-encoder-webm-vp8: eb34c28f22e8b96e1ab97ce403110664 -> 
  custom:video-codec-MediaFoundation-h265: 746d11721c4dcdbdad8f713fa42b33f4 -> 
  custom:video-decoder-webm-vp8: 9c59270c3fd7afecdb556c50c9e8de78 -> 
  custom:audio-decoder-ogg-vorbis: bf7c407c2cedff20999df2af8eb42d56 -> 
  custom:audio-encoder-webm-vorbis: bf7c407c2cedff20999df2af8eb42d56 -> 
========================================================================
Received Import Request.
  Time since last request: 944.684373 seconds.
  path: Assets/02.png
  artifactKey: Guid(ba754f47b1468f74ea7189e64517b246) Importer(815301076,1909f56bfc062723c751e8b465ee728b)
Start importing Assets/02.png using Guid(ba754f47b1468f74ea7189e64517b246) Importer(815301076,1909f56bfc062723c751e8b465ee728b)  -> (artifact id: 'ab7795e807d44752939936e18047b3f9') in 0.174202 seconds 
  Import took 0.182472 seconds .

========================================================================
Received Import Request.
  Time since last request: 0.000352 seconds.
  path: Assets/bkg07.png
  artifactKey: Guid(83f40fee9ff14ef41b1342c14a3557e9) Importer(815301076,1909f56bfc062723c751e8b465ee728b)
Start importing Assets/bkg07.png using Guid(83f40fee9ff14ef41b1342c14a3557e9) Importer(815301076,1909f56bfc062723c751e8b465ee728b)  -> (artifact id: 'c3152d3aff400c3e99e3c652664e8450') in 0.046441 seconds 
  Import took 0.054234 seconds .

========================================================================
Received Import Request.
  Time since last request: 0.000373 seconds.
  path: Assets/Laser.prefab
  artifactKey: Guid(24c9ca211bd6fca4ab889018654773ff) Importer(815301076,1909f56bfc062723c751e8b465ee728b)
Start importing Assets/Laser.prefab using Guid(24c9ca211bd6fca4ab889018654773ff) Importer(815301076,1909f56bfc062723c751e8b465ee728b)  -> (artifact id: 'f7838e4774ca21837891ad1c91316a6e') in 0.103688 seconds 
  Import took 0.112778 seconds .

========================================================================
Received Import Request.
  Time since last request: 0.000318 seconds.
  path: Assets/2472bb6d9850eb43e67dfe199e439804.jpg
  artifactKey: Guid(88e4d9bb6c3261442a021683a29fb00c) Importer(815301076,1909f56bfc062723c751e8b465ee728b)
Start importing Assets/2472bb6d9850eb43e67dfe199e439804.jpg using Guid(88e4d9bb6c3261442a021683a29fb00c) Importer(815301076,1909f56bfc062723c751e8b465ee728b)  -> (artifact id: '7d72b5f2989683995efad3bcf684f4b8') in 0.047289 seconds 
  Import took 0.058138 seconds .

========================================================================
Received Import Request.
  Time since last request: 0.000330 seconds.
  path: Assets/asteroid.prefab
  artifactKey: Guid(2d28cbd10b9464640b7e143bd3ab2b41) Importer(815301076,1909f56bfc062723c751e8b465ee728b)
Start importing Assets/asteroid.prefab using Guid(2d28cbd10b9464640b7e143bd3ab2b41) Importer(815301076,1909f56bfc062723c751e8b465ee728b)  -> (artifact id: 'c768f10c8343ea0991b8d1ad42da00d2') in 0.038548 seconds 
  Import took 0.048976 seconds .

========================================================================
Received Import Request.
  Time since last request: 0.000393 seconds.
  path: Assets/comet.png
  artifactKey: Guid(2f121a1d63fb4f74885c9bf263eda9f9) Importer(815301076,1909f56bfc062723c751e8b465ee728b)
Start importing Assets/comet.png using Guid(2f121a1d63fb4f74885c9bf263eda9f9) Importer(815301076,1909f56bfc062723c751e8b465ee728b)  -> (artifact id: '6ea38884b2ac98b2e9178c547305c539') in 0.045152 seconds 
  Import took 0.058512 seconds .

========================================================================
Received Import Request.
  Time since last request: 0.000764 seconds.
  path: Assets/music_leonell_cassio_a_magical_journey_through_space.mp3
  artifactKey: Guid(509e1a4b8cb1a6046a1cc64b7eafbd33) Importer(815301076,1909f56bfc062723c751e8b465ee728b)
Start importing Assets/music_leonell_cassio_a_magical_journey_through_space.mp3 using Guid(509e1a4b8cb1a6046a1cc64b7eafbd33) Importer(815301076,1909f56bfc062723c751e8b465ee728b)  -> (artifact id: '1bf403ec5a04eaa46b7da7837fa019ee') in 0.094965 seconds 
  Import took 0.106383 seconds .

========================================================================
Received Import Request.
  Time since last request: 0.000353 seconds.
  path: Assets/alien-3.png
  artifactKey: Guid(20790e37aa3ae4c1b98091040be60f37) Importer(815301076,1909f56bfc062723c751e8b465ee728b)
Start importing Assets/alien-3.png using Guid(20790e37aa3ae4c1b98091040be60f37) Importer(815301076,1909f56bfc062723c751e8b465ee728b)  -> (artifact id: 'e9e2b52003089ad0396ede184dd1ca04') in 0.062387 seconds 
  Import took 0.076531 seconds .

========================================================================
Received Import Request.
  Time since last request: 0.000373 seconds.
  path: Assets/bkg08.png
  artifactKey: Guid(22ab3b8f270cc7749ba0b8ebf45b48ce) Importer(815301076,1909f56bfc062723c751e8b465ee728b)
Start importing Assets/bkg08.png using Guid(22ab3b8f270cc7749ba0b8ebf45b48ce) Importer(815301076,1909f56bfc062723c751e8b465ee728b)  -> (artifact id: '3001f683c5dadad2c47843974ef8d3c2') in 0.050317 seconds 
  Import took 0.075995 seconds .

========================================================================
Received Import Request.
  Time since last request: 0.000499 seconds.
  path: Assets/right-arrow (1).png
  artifactKey: Guid(aebc892d09e557f44940eeca398e9d9e) Importer(815301076,1909f56bfc062723c751e8b465ee728b)
Start importing Assets/right-arrow (1).png using Guid(aebc892d09e557f44940eeca398e9d9e) Importer(815301076,1909f56bfc062723c751e8b465ee728b)  -> (artifact id: '44f0bdece3e7c6e72c39c821605788d4') in 0.043253 seconds 
  Import took 0.066384 seconds .

========================================================================
Received Import Request.
  Time since last request: 0.011916 seconds.
  path: Assets/ThaleahFat.ttf
  artifactKey: Guid(723a06fadfe47314089593f61b03f3fc) Importer(815301076,1909f56bfc062723c751e8b465ee728b)
Start importing Assets/ThaleahFat.ttf using Guid(723a06fadfe47314089593f61b03f3fc) Importer(815301076,1909f56bfc062723c751e8b465ee728b)  -> (artifact id: '75951154020071a604fabfa348acdce6') in 0.297746 seconds 
  Import took 0.421070 seconds .

========================================================================
Received Import Request.
  Time since last request: 0.007117 seconds.
  path: Assets/moon.png
  artifactKey: Guid(208090950a26d46d58b65f06e03e7662) Importer(815301076,1909f56bfc062723c751e8b465ee728b)
Start importing Assets/moon.png using Guid(208090950a26d46d58b65f06e03e7662) Importer(815301076,1909f56bfc062723c751e8b465ee728b)  -> (artifact id: '92f401bca984c5bd59aa07683178e050') in 0.106745 seconds 
  Import took 0.216246 seconds .

========================================================================
Received Import Request.
  Time since last request: 0.009793 seconds.
  path: Assets/bkg04.png
  artifactKey: Guid(768f42f70a7ae1344ab20e315408d160) Importer(815301076,1909f56bfc062723c751e8b465ee728b)
Start importing Assets/bkg04.png using Guid(768f42f70a7ae1344ab20e315408d160) Importer(815301076,1909f56bfc062723c751e8b465ee728b)  -> (artifact id: '895f7d1824339164c0fc51e65e0d3e9d') in 0.116694 seconds 
  Import took 0.184515 seconds .

========================================================================
Received Import Request.
  Time since last request: 0.003941 seconds.
  path: Assets/bkg09.png
  artifactKey: Guid(66b025d7c57cadf48a5471684b985639) Importer(815301076,1909f56bfc062723c751e8b465ee728b)
Start importing Assets/bkg09.png using Guid(66b025d7c57cadf48a5471684b985639) Importer(815301076,1909f56bfc062723c751e8b465ee728b)  -> (artifact id: '02aceab06ddba756f41635863c4a8327') in 0.069497 seconds 
  Import took 0.091252 seconds .

========================================================================
Received Import Request.
  Time since last request: 0.000404 seconds.
  path: Assets/bkg06.png
  artifactKey: Guid(02e3279e7a13b6d44b2f5e65ff30a983) Importer(815301076,1909f56bfc062723c751e8b465ee728b)
Start importing Assets/bkg06.png using Guid(02e3279e7a13b6d44b2f5e65ff30a983) Importer(815301076,1909f56bfc062723c751e8b465ee728b)  -> (artifact id: '4a0fdb29615e9e4172d6f55aecfb75a9') in 0.069288 seconds 
  Import took 0.103166 seconds .

========================================================================
Received Import Request.
  Time since last request: 0.000488 seconds.
  path: Assets/bkg10.png
  artifactKey: Guid(82093537c46503e43be5c9d99fc7aade) Importer(815301076,1909f56bfc062723c751e8b465ee728b)
Start importing Assets/bkg10.png using Guid(82093537c46503e43be5c9d99fc7aade) Importer(815301076,1909f56bfc062723c751e8b465ee728b)  -> (artifact id: '17456b847538b841097dacd45d768419') in 0.076531 seconds 
  Import took 0.093817 seconds .

========================================================================
Received Import Request.
  Time since last request: 0.000598 seconds.
  path: Assets/star.png
  artifactKey: Guid(6ec80855df41a1441a81d8a03befe800) Importer(815301076,1909f56bfc062723c751e8b465ee728b)
Start importing Assets/star.png using Guid(6ec80855df41a1441a81d8a03befe800) Importer(815301076,1909f56bfc062723c751e8b465ee728b)  -> (artifact id: '1806cf818ec3a8ff73a8dc8110b1e7c7') in 0.066905 seconds 
  Import took 0.095182 seconds .

========================================================================
Received Import Request.
  Time since last request: 0.000566 seconds.
  path: Assets/bkg01.png
  artifactKey: Guid(4289655eb3a8df44d9581365e5d2d88f) Importer(815301076,1909f56bfc062723c751e8b465ee728b)
Start importing Assets/bkg01.png using Guid(4289655eb3a8df44d9581365e5d2d88f) Importer(815301076,1909f56bfc062723c751e8b465ee728b)  -> (artifact id: '508b9a775ae210ab87507be94a191733') in 0.086082 seconds 
  Import took 0.119426 seconds .

========================================================================
Received Import Request.
  Time since last request: 0.000413 seconds.
  path: Assets/zapsplat_cartoon_rocket_launch_missle.mp3
  artifactKey: Guid(026757cb936ee574196f5e2492fa3ceb) Importer(815301076,1909f56bfc062723c751e8b465ee728b)
Start importing Assets/zapsplat_cartoon_rocket_launch_missle.mp3 using Guid(026757cb936ee574196f5e2492fa3ceb) Importer(815301076,1909f56bfc062723c751e8b465ee728b)  -> (artifact id: 'f159aaf91f84fca5f1afbc92d700bce6') in 0.103026 seconds 
  Import took 0.129035 seconds .

========================================================================
Received Import Request.
  Time since last request: 0.000788 seconds.
  path: Assets/zapsplat_multimedia_game_sound_menu_click_001_76687.mp3
  artifactKey: Guid(8a60fbf8ec66a5c439a6143cd7819e08) Importer(815301076,1909f56bfc062723c751e8b465ee728b)
Start importing Assets/zapsplat_multimedia_game_sound_menu_click_001_76687.mp3 using Guid(8a60fbf8ec66a5c439a6143cd7819e08) Importer(815301076,1909f56bfc062723c751e8b465ee728b)  -> (artifact id: '405ea9b4261db6ee40b7be28933dd9b1') in 0.134238 seconds 
  Import took 0.162171 seconds .

========================================================================
Received Import Request.
  Time since last request: 0.000425 seconds.
  path: Assets/pause.png
  artifactKey: Guid(d938b06352757cd4aaa61c7673e1d7bf) Importer(815301076,1909f56bfc062723c751e8b465ee728b)
Start importing Assets/pause.png using Guid(d938b06352757cd4aaa61c7673e1d7bf) Importer(815301076,1909f56bfc062723c751e8b465ee728b)  -> (artifact id: '351f9e8864ff1889a84b218c4b88a49e') in 0.087077 seconds 
  Import took 0.139802 seconds .

========================================================================
Received Import Request.
  Time since last request: 0.000504 seconds.
  path: Assets/target.png
  artifactKey: Guid(857f75d49f9275c4eb5be32bf8572d10) Importer(815301076,1909f56bfc062723c751e8b465ee728b)
Start importing Assets/target.png using Guid(857f75d49f9275c4eb5be32bf8572d10) Importer(815301076,1909f56bfc062723c751e8b465ee728b)  -> (artifact id: '17f931d0b533c78ed0c4b5abfba1fa1c') in 0.076285 seconds 
  Import took 0.106413 seconds .

========================================================================
Received Import Request.
  Time since last request: 0.000507 seconds.
  path: Assets/asteroid.png
  artifactKey: Guid(2674ec13faec49749a4d8914f47bf93c) Importer(815301076,1909f56bfc062723c751e8b465ee728b)
Start importing Assets/asteroid.png using Guid(2674ec13faec49749a4d8914f47bf93c) Importer(815301076,1909f56bfc062723c751e8b465ee728b)  -> (artifact id: '3e430fc80d104b41b4889acb55080f3d') in 0.087322 seconds 
  Import took 0.213420 seconds .

========================================================================
Received Import Request.
  Time since last request: 0.001350 seconds.
  path: Assets/explosion.prefab
  artifactKey: Guid(002504ffd88af4b4cb2db50f6a3b25d3) Importer(815301076,1909f56bfc062723c751e8b465ee728b)
Start importing Assets/explosion.prefab using Guid(002504ffd88af4b4cb2db50f6a3b25d3) Importer(815301076,1909f56bfc062723c751e8b465ee728b)  -> (artifact id: '2b3a54893e0880bf3ada2807a89c1338') in 0.075635 seconds 
  Import took 0.206950 seconds .

========================================================================
Received Import Request.
  Time since last request: 0.000519 seconds.
  path: Assets/bkg03.png
  artifactKey: Guid(aae301b2f2a14e2438fe48e891f5dd0b) Importer(815301076,1909f56bfc062723c751e8b465ee728b)
Start importing Assets/bkg03.png using Guid(aae301b2f2a14e2438fe48e891f5dd0b) Importer(815301076,1909f56bfc062723c751e8b465ee728b)  -> (artifact id: '1cf50cb3e687d975ef0e8061f9337eae') in 0.070345 seconds 
  Import took 0.109947 seconds .

========================================================================
Received Import Request.
  Time since last request: 0.000390 seconds.
  path: Assets/bkg02.png
  artifactKey: Guid(459b6bf1ca4dc4941bf644f385351e8f) Importer(815301076,1909f56bfc062723c751e8b465ee728b)
Start importing Assets/bkg02.png using Guid(459b6bf1ca4dc4941bf644f385351e8f) Importer(815301076,1909f56bfc062723c751e8b465ee728b)  -> (artifact id: 'b43a0ff7ea4081ff4549dfbe1db99a0a') in 0.093871 seconds 
  Import took 0.175919 seconds .

========================================================================
Received Import Request.
  Time since last request: 0.000271 seconds.
  path: Assets/zapsplat_cartoon_rocket_launch_missle 1.mp3
  artifactKey: Guid(e11012c965f30f5408607cfbee1273cc) Importer(815301076,1909f56bfc062723c751e8b465ee728b)
Start importing Assets/zapsplat_cartoon_rocket_launch_missle 1.mp3 using Guid(e11012c965f30f5408607cfbee1273cc) Importer(815301076,1909f56bfc062723c751e8b465ee728b)  -> (artifact id: 'dcf4f509cb2717dfb519fb1c34a450c7') in 0.057616 seconds 
  Import took 0.124778 seconds .

========================================================================
Received Import Request.
  Time since last request: 0.000451 seconds.
  path: Assets/bkg05.png
  artifactKey: Guid(3467e43270b047f41b4f0c5446d30ec6) Importer(815301076,1909f56bfc062723c751e8b465ee728b)
Start importing Assets/bkg05.png using Guid(3467e43270b047f41b4f0c5446d30ec6) Importer(815301076,1909f56bfc062723c751e8b465ee728b)  -> (artifact id: 'd1c3a620f28e2a19c44140cad92b9424') in 0.140152 seconds 
  Import took 0.170624 seconds .

========================================================================
Received Import Request.
  Time since last request: 0.000870 seconds.
  path: Assets/planet (1).png
  artifactKey: Guid(22f66187ef1800a4a992ad68d3648b11) Importer(815301076,1909f56bfc062723c751e8b465ee728b)
Start importing Assets/planet (1).png using Guid(22f66187ef1800a4a992ad68d3648b11) Importer(815301076,1909f56bfc062723c751e8b465ee728b)  -> (artifact id: '70398f3692f55401fd8b744c8d485798') in 0.102548 seconds 
  Import took 0.159009 seconds .

========================================================================
Received Import Request.
  Time since last request: 0.000808 seconds.
  path: Assets/rocket.prefab
  artifactKey: Guid(a666998a5ea42e342a2bed8229f8c91b) Importer(815301076,1909f56bfc062723c751e8b465ee728b)
Start importing Assets/rocket.prefab using Guid(a666998a5ea42e342a2bed8229f8c91b) Importer(815301076,1909f56bfc062723c751e8b465ee728b)  -> (artifact id: '3a3d765932a75771700724ee7d6e5a26') in 0.095270 seconds 
  Import took 0.128577 seconds .

========================================================================
Received Import Request.
  Time since last request: 0.000416 seconds.
  path: Assets/QuinqueFive.ttf
  artifactKey: Guid(91ec82ffc6635f9428d4adb410174e96) Importer(815301076,1909f56bfc062723c751e8b465ee728b)
Start importing Assets/QuinqueFive.ttf using Guid(91ec82ffc6635f9428d4adb410174e96) Importer(815301076,1909f56bfc062723c751e8b465ee728b)  -> (artifact id: '73161efe14402528d61e69a7cf4ba4fd') in 0.345851 seconds 
  Import took 0.486525 seconds .

========================================================================
Received Import Request.
  Time since last request: 0.000440 seconds.
  path: Assets/rocket.png
  artifactKey: Guid(2ad85766d18313448a419c065df5a79f) Importer(815301076,1909f56bfc062723c751e8b465ee728b)
Start importing Assets/rocket.png using Guid(2ad85766d18313448a419c065df5a79f) Importer(815301076,1909f56bfc062723c751e8b465ee728b)  -> (artifact id: 'e896d038c1ea2441e9bd05d9212d2acb') in 0.076242 seconds 
  Import took 0.096905 seconds .

========================================================================
Received Import Request.
  Time since last request: 0.000373 seconds.
  path: Assets/planet (2).png
  artifactKey: Guid(94ada6fe297a5034a8e2e63927f478c4) Importer(815301076,1909f56bfc062723c751e8b465ee728b)
Start importing Assets/planet (2).png using Guid(94ada6fe297a5034a8e2e63927f478c4) Importer(815301076,1909f56bfc062723c751e8b465ee728b)  -> (artifact id: '93266b75233d892408fd181096c11e67') in 0.087556 seconds 
  Import took 0.103409 seconds .

========================================================================
Received Import Request.
  Time since last request: 144.484195 seconds.
  path: Assets/Scenes/SampleScene.unity
  artifactKey: Guid(2cda990e2423bbf4892e6590ba056729) Importer(815301076,1909f56bfc062723c751e8b465ee728b)
Start importing Assets/Scenes/SampleScene.unity using Guid(2cda990e2423bbf4892e6590ba056729) Importer(815301076,1909f56bfc062723c751e8b465ee728b)  -> (artifact id: 'f45abfd0264e3193a24608545c8e09d7') in 0.008238 seconds 
  Import took 0.016916 seconds .

========================================================================
Received Prepare
Registering precompiled user dll's ...
Registered in 0.013877 seconds.
Begin MonoManager ReloadAssembly
Native extension for WindowsStandalone target not found
Refreshing native plugins compatible for Editor in 1.16 ms, found 3 plugins.
Preloading 0 native plugins for Editor in 0.00 ms.
Mono: successfully reloaded assembly
- Completed reload, in  2.982 seconds
Domain Reload Profiling:
	ReloadAssembly (2983ms)
		BeginReloadAssembly (475ms)
			ExecutionOrderSort (0ms)
			DisableScriptedObjects (37ms)
			BackupInstance (0ms)
			ReleaseScriptingObjects (0ms)
			CreateAndSetChildDomain (130ms)
		EndReloadAssembly (2188ms)
			LoadAssemblies (439ms)
			RebuildTransferFunctionScriptingTraits (0ms)
			SetupTypeCache (789ms)
			ReleaseScriptCaches (1ms)
			RebuildScriptCaches (106ms)
			SetupLoadedEditorAssemblies (710ms)
				LogAssemblyErrors (0ms)
				InitializePlatformSupportModulesInManaged (15ms)
				SetLoadedEditorAssemblies (1ms)
				RefreshPlugins (1ms)
				BeforeProcessingInitializeOnLoad (148ms)
				ProcessInitializeOnLoadAttributes (499ms)
				ProcessInitializeOnLoadMethodAttributes (28ms)
				AfterProcessingInitializeOnLoad (18ms)
				EditorAssembliesLoaded (0ms)
			ExecutionOrderSort2 (0ms)
			AwakeInstancesAfterBackupRestoration (20ms)
Platform modules already initialized, skipping
Refreshing native plugins compatible for Editor in 1.50 ms, found 3 plugins.
Preloading 0 native plugins for Editor in 0.00 ms.
Unloading 2194 Unused Serialized files (Serialized files now loaded: 0)
System memory in use before: 99.0 MB.
System memory in use after: 99.2 MB.

Unloading 17 unused Assets to reduce memory usage. Loaded Objects now: 2699.
Total: 8.616800 ms (FindLiveObjects: 0.466600 ms CreateObjectMapping: 0.211100 ms MarkObjects: 7.895300 ms  DeleteObjects: 0.041100 ms)

AssetImportParameters requested are different than current active one (requested -> active):
  custom:framework-win-MediaFoundation: 216162199b28c13a410421893ffa2e32 -> 
  custom:video-decoder-ogg-theora: a1e56fd34408186e4bbccfd4996cb3dc -> 
  custom:container-muxer-webm: aa71ff27fc2769a1b78a27578f13a17b -> 
  custom:container-demuxer-webm: 4f35f7cbe854078d1ac9338744f61a02 -> 
  custom:container-demuxer-ogg: 62fdf1f143b41e24485cea50d1cbac27 -> 
  custom:video-encoder-webm-vp8: eb34c28f22e8b96e1ab97ce403110664 -> 
  custom:video-codec-MediaFoundation-h265: 746d11721c4dcdbdad8f713fa42b33f4 -> 
  custom:video-decoder-webm-vp8: 9c59270c3fd7afecdb556c50c9e8de78 -> 
  custom:audio-decoder-ogg-vorbis: bf7c407c2cedff20999df2af8eb42d56 -> 
  custom:audio-encoder-webm-vorbis: bf7c407c2cedff20999df2af8eb42d56 -> 
========================================================================
Received Prepare
Registering precompiled user dll's ...
Registered in 0.019769 seconds.
Begin MonoManager ReloadAssembly
Native extension for WindowsStandalone target not found
Refreshing native plugins compatible for Editor in 0.82 ms, found 3 plugins.
Preloading 0 native plugins for Editor in 0.00 ms.
Mono: successfully reloaded assembly
- Completed reload, in  4.208 seconds
Domain Reload Profiling:
	ReloadAssembly (4210ms)
		BeginReloadAssembly (582ms)
			ExecutionOrderSort (0ms)
			DisableScriptedObjects (36ms)
			BackupInstance (0ms)
			ReleaseScriptingObjects (0ms)
			CreateAndSetChildDomain (191ms)
		EndReloadAssembly (3372ms)
			LoadAssemblies (459ms)
			RebuildTransferFunctionScriptingTraits (0ms)
			SetupTypeCache (1992ms)
			ReleaseScriptCaches (3ms)
			RebuildScriptCaches (131ms)
			SetupLoadedEditorAssemblies (667ms)
				LogAssemblyErrors (0ms)
				InitializePlatformSupportModulesInManaged (10ms)
				SetLoadedEditorAssemblies (2ms)
				RefreshPlugins (1ms)
				BeforeProcessingInitializeOnLoad (129ms)
				ProcessInitializeOnLoadAttributes (462ms)
				ProcessInitializeOnLoadMethodAttributes (34ms)
				AfterProcessingInitializeOnLoad (28ms)
				EditorAssembliesLoaded (0ms)
			ExecutionOrderSort2 (0ms)
			AwakeInstancesAfterBackupRestoration (28ms)
Platform modules already initialized, skipping
Refreshing native plugins compatible for Editor in 2.52 ms, found 3 plugins.
Preloading 0 native plugins for Editor in 0.00 ms.
Unloading 2194 Unused Serialized files (Serialized files now loaded: 0)
System memory in use before: 99.0 MB.
System memory in use after: 99.2 MB.

Unloading 17 unused Assets to reduce memory usage. Loaded Objects now: 2701.
Total: 10.660000 ms (FindLiveObjects: 0.552000 ms CreateObjectMapping: 2.859100 ms MarkObjects: 7.186100 ms  DeleteObjects: 0.057400 ms)

AssetImportParameters requested are different than current active one (requested -> active):
  custom:framework-win-MediaFoundation: 216162199b28c13a410421893ffa2e32 -> 
  custom:video-decoder-ogg-theora: a1e56fd34408186e4bbccfd4996cb3dc -> 
  custom:container-muxer-webm: aa71ff27fc2769a1b78a27578f13a17b -> 
  custom:container-demuxer-webm: 4f35f7cbe854078d1ac9338744f61a02 -> 
  custom:container-demuxer-ogg: 62fdf1f143b41e24485cea50d1cbac27 -> 
  custom:video-encoder-webm-vp8: eb34c28f22e8b96e1ab97ce403110664 -> 
  custom:video-codec-MediaFoundation-h265: 746d11721c4dcdbdad8f713fa42b33f4 -> 
  custom:video-decoder-webm-vp8: 9c59270c3fd7afecdb556c50c9e8de78 -> 
  custom:audio-decoder-ogg-vorbis: bf7c407c2cedff20999df2af8eb42d56 -> 
  custom:audio-encoder-webm-vorbis: bf7c407c2cedff20999df2af8eb42d56 -> 
========================================================================
Received Import Request.
  Time since last request: 190.434962 seconds.
  path: Assets/Scenes/Game.unity
  artifactKey: Guid(f6b402a26f0a39e45b2393474a4972a1) Importer(815301076,1909f56bfc062723c751e8b465ee728b)
Start importing Assets/Scenes/Game.unity using Guid(f6b402a26f0a39e45b2393474a4972a1) Importer(815301076,1909f56bfc062723c751e8b465ee728b)  -> (artifact id: '65c7474121f53b1f962e4f82d22a73e7') in 0.039320 seconds 
  Import took 0.057418 seconds .

========================================================================
Received Prepare
Registering precompiled user dll's ...
Registered in 0.031724 seconds.
Begin MonoManager ReloadAssembly
Native extension for WindowsStandalone target not found
Refreshing native plugins compatible for Editor in 1.14 ms, found 3 plugins.
Preloading 0 native plugins for Editor in 0.00 ms.
Mono: successfully reloaded assembly
- Completed reload, in  3.556 seconds
Domain Reload Profiling:
	ReloadAssembly (3558ms)
		BeginReloadAssembly (289ms)
			ExecutionOrderSort (0ms)
			DisableScriptedObjects (17ms)
			BackupInstance (0ms)
			ReleaseScriptingObjects (1ms)
			CreateAndSetChildDomain (91ms)
		EndReloadAssembly (3114ms)
			LoadAssemblies (278ms)
			RebuildTransferFunctionScriptingTraits (0ms)
			SetupTypeCache (647ms)
			ReleaseScriptCaches (3ms)
			RebuildScriptCaches (145ms)
			SetupLoadedEditorAssemblies (825ms)
				LogAssemblyErrors (0ms)
				InitializePlatformSupportModulesInManaged (16ms)
				SetLoadedEditorAssemblies (1ms)
				RefreshPlugins (1ms)
				BeforeProcessingInitializeOnLoad (191ms)
				ProcessInitializeOnLoadAttributes (565ms)
				ProcessInitializeOnLoadMethodAttributes (30ms)
				AfterProcessingInitializeOnLoad (21ms)
				EditorAssembliesLoaded (0ms)
			ExecutionOrderSort2 (0ms)
			AwakeInstancesAfterBackupRestoration (40ms)
Platform modules already initialized, skipping
Refreshing native plugins compatible for Editor in 0.79 ms, found 3 plugins.
Preloading 0 native plugins for Editor in 0.00 ms.
Unloading 2194 Unused Serialized files (Serialized files now loaded: 0)
System memory in use before: 99.1 MB.
System memory in use after: 99.2 MB.

Unloading 17 unused Assets to reduce memory usage. Loaded Objects now: 2703.
Total: 7.723800 ms (FindLiveObjects: 0.278100 ms CreateObjectMapping: 0.146600 ms MarkObjects: 7.264900 ms  DeleteObjects: 0.032500 ms)

AssetImportParameters requested are different than current active one (requested -> active):
  custom:framework-win-MediaFoundation: 216162199b28c13a410421893ffa2e32 -> 
  custom:video-decoder-ogg-theora: a1e56fd34408186e4bbccfd4996cb3dc -> 
  custom:container-muxer-webm: aa71ff27fc2769a1b78a27578f13a17b -> 
  custom:container-demuxer-webm: 4f35f7cbe854078d1ac9338744f61a02 -> 
  custom:container-demuxer-ogg: 62fdf1f143b41e24485cea50d1cbac27 -> 
  custom:video-encoder-webm-vp8: eb34c28f22e8b96e1ab97ce403110664 -> 
  custom:video-codec-MediaFoundation-h265: 746d11721c4dcdbdad8f713fa42b33f4 -> 
  custom:video-decoder-webm-vp8: 9c59270c3fd7afecdb556c50c9e8de78 -> 
  custom:audio-decoder-ogg-vorbis: bf7c407c2cedff20999df2af8eb42d56 -> 
  custom:audio-encoder-webm-vorbis: bf7c407c2cedff20999df2af8eb42d56 -> 
========================================================================
Received Prepare
Registering precompiled user dll's ...
Registered in 0.019933 seconds.
Begin MonoManager ReloadAssembly
Native extension for WindowsStandalone target not found
Refreshing native plugins compatible for Editor in 0.92 ms, found 3 plugins.
Preloading 0 native plugins for Editor in 0.00 ms.
Mono: successfully reloaded assembly
- Completed reload, in  2.526 seconds
Domain Reload Profiling:
	ReloadAssembly (2527ms)
		BeginReloadAssembly (293ms)
			ExecutionOrderSort (0ms)
			DisableScriptedObjects (25ms)
			BackupInstance (0ms)
			ReleaseScriptingObjects (0ms)
			CreateAndSetChildDomain (88ms)
		EndReloadAssembly (2048ms)
			LoadAssemblies (239ms)
			RebuildTransferFunctionScriptingTraits (0ms)
			SetupTypeCache (727ms)
			ReleaseScriptCaches (2ms)
			RebuildScriptCaches (102ms)
			SetupLoadedEditorAssemblies (726ms)
				LogAssemblyErrors (0ms)
				InitializePlatformSupportModulesInManaged (15ms)
				SetLoadedEditorAssemblies (1ms)
				RefreshPlugins (1ms)
				BeforeProcessingInitializeOnLoad (151ms)
				ProcessInitializeOnLoadAttributes (513ms)
				ProcessInitializeOnLoadMethodAttributes (27ms)
				AfterProcessingInitializeOnLoad (18ms)
				EditorAssembliesLoaded (0ms)
			ExecutionOrderSort2 (0ms)
			AwakeInstancesAfterBackupRestoration (18ms)
Platform modules already initialized, skipping
Refreshing native plugins compatible for Editor in 0.72 ms, found 3 plugins.
Preloading 0 native plugins for Editor in 0.00 ms.
Unloading 2194 Unused Serialized files (Serialized files now loaded: 0)
System memory in use before: 99.1 MB.
System memory in use after: 99.2 MB.

Unloading 17 unused Assets to reduce memory usage. Loaded Objects now: 2705.
Total: 6.351400 ms (FindLiveObjects: 0.442200 ms CreateObjectMapping: 0.147000 ms MarkObjects: 5.729700 ms  DeleteObjects: 0.030500 ms)

AssetImportParameters requested are different than current active one (requested -> active):
  custom:framework-win-MediaFoundation: 216162199b28c13a410421893ffa2e32 -> 
  custom:video-decoder-ogg-theora: a1e56fd34408186e4bbccfd4996cb3dc -> 
  custom:container-muxer-webm: aa71ff27fc2769a1b78a27578f13a17b -> 
  custom:container-demuxer-webm: 4f35f7cbe854078d1ac9338744f61a02 -> 
  custom:container-demuxer-ogg: 62fdf1f143b41e24485cea50d1cbac27 -> 
  custom:video-encoder-webm-vp8: eb34c28f22e8b96e1ab97ce403110664 -> 
  custom:video-codec-MediaFoundation-h265: 746d11721c4dcdbdad8f713fa42b33f4 -> 
  custom:video-decoder-webm-vp8: 9c59270c3fd7afecdb556c50c9e8de78 -> 
  custom:audio-decoder-ogg-vorbis: bf7c407c2cedff20999df2af8eb42d56 -> 
  custom:audio-encoder-webm-vorbis: bf7c407c2cedff20999df2af8eb42d56 -> 
========================================================================
Received Import Request.
  Time since last request: 148.856892 seconds.
  path: Assets/Scenes/Menu.unity
  artifactKey: Guid(72db652e0f1cb6c45909f06d380abd0f) Importer(815301076,1909f56bfc062723c751e8b465ee728b)
Start importing Assets/Scenes/Menu.unity using Guid(72db652e0f1cb6c45909f06d380abd0f) Importer(815301076,1909f56bfc062723c751e8b465ee728b)  -> (artifact id: '0385ed1e24b8fd88a63e25b246f62648') in 0.032866 seconds 
  Import took 0.042598 seconds .

========================================================================
Received Prepare
Registering precompiled user dll's ...
Registered in 0.016291 seconds.
Begin MonoManager ReloadAssembly
Native extension for WindowsStandalone target not found
Refreshing native plugins compatible for Editor in 1.26 ms, found 3 plugins.
Preloading 0 native plugins for Editor in 0.00 ms.
Mono: successfully reloaded assembly
- Completed reload, in  3.411 seconds
Domain Reload Profiling:
	ReloadAssembly (3413ms)
		BeginReloadAssembly (544ms)
			ExecutionOrderSort (0ms)
			DisableScriptedObjects (52ms)
			BackupInstance (0ms)
			ReleaseScriptingObjects (0ms)
			CreateAndSetChildDomain (170ms)
		EndReloadAssembly (2549ms)
			LoadAssemblies (381ms)
			RebuildTransferFunctionScriptingTraits (0ms)
			SetupTypeCache (869ms)
			ReleaseScriptCaches (4ms)
			RebuildScriptCaches (128ms)
			SetupLoadedEditorAssemblies (908ms)
				LogAssemblyErrors (0ms)
				InitializePlatformSupportModulesInManaged (15ms)
				SetLoadedEditorAssemblies (1ms)
				RefreshPlugins (1ms)
				BeforeProcessingInitializeOnLoad (238ms)
				ProcessInitializeOnLoadAttributes (585ms)
				ProcessInitializeOnLoadMethodAttributes (43ms)
				AfterProcessingInitializeOnLoad (24ms)
				EditorAssembliesLoaded (0ms)
			ExecutionOrderSort2 (0ms)
			AwakeInstancesAfterBackupRestoration (24ms)
Platform modules already initialized, skipping
Refreshing native plugins compatible for Editor in 1.85 ms, found 3 plugins.
Preloading 0 native plugins for Editor in 0.00 ms.
Unloading 2194 Unused Serialized files (Serialized files now loaded: 0)
System memory in use before: 99.1 MB.
System memory in use after: 99.2 MB.

Unloading 17 unused Assets to reduce memory usage. Loaded Objects now: 2707.
Total: 8.802900 ms (FindLiveObjects: 0.635600 ms CreateObjectMapping: 0.221000 ms MarkObjects: 7.888100 ms  DeleteObjects: 0.055200 ms)

AssetImportParameters requested are different than current active one (requested -> active):
  custom:framework-win-MediaFoundation: 216162199b28c13a410421893ffa2e32 -> 
  custom:video-decoder-ogg-theora: a1e56fd34408186e4bbccfd4996cb3dc -> 
  custom:container-muxer-webm: aa71ff27fc2769a1b78a27578f13a17b -> 
  custom:container-demuxer-webm: 4f35f7cbe854078d1ac9338744f61a02 -> 
  custom:container-demuxer-ogg: 62fdf1f143b41e24485cea50d1cbac27 -> 
  custom:video-encoder-webm-vp8: eb34c28f22e8b96e1ab97ce403110664 -> 
  custom:video-codec-MediaFoundation-h265: 746d11721c4dcdbdad8f713fa42b33f4 -> 
  custom:video-decoder-webm-vp8: 9c59270c3fd7afecdb556c50c9e8de78 -> 
  custom:audio-decoder-ogg-vorbis: bf7c407c2cedff20999df2af8eb42d56 -> 
  custom:audio-encoder-webm-vorbis: bf7c407c2cedff20999df2af8eb42d56 -> 
========================================================================
Received Prepare
Registering precompiled user dll's ...
Registered in 0.052126 seconds.
Begin MonoManager ReloadAssembly
Native extension for WindowsStandalone target not found
Refreshing native plugins compatible for Editor in 1.59 ms, found 3 plugins.
Preloading 0 native plugins for Editor in 0.00 ms.
Mono: successfully reloaded assembly
- Completed reload, in  4.018 seconds
Domain Reload Profiling:
	ReloadAssembly (4019ms)
		BeginReloadAssembly (413ms)
			ExecutionOrderSort (0ms)
			DisableScriptedObjects (29ms)
			BackupInstance (0ms)
			ReleaseScriptingObjects (0ms)
			CreateAndSetChildDomain (111ms)
		EndReloadAssembly (3327ms)
			LoadAssemblies (378ms)
			RebuildTransferFunctionScriptingTraits (0ms)
			SetupTypeCache (1226ms)
			ReleaseScriptCaches (4ms)
			RebuildScriptCaches (186ms)
			SetupLoadedEditorAssemblies (1149ms)
				LogAssemblyErrors (0ms)
				InitializePlatformSupportModulesInManaged (20ms)
				SetLoadedEditorAssemblies (2ms)
				RefreshPlugins (2ms)
				BeforeProcessingInitializeOnLoad (256ms)
				ProcessInitializeOnLoadAttributes (798ms)
				ProcessInitializeOnLoadMethodAttributes (38ms)
				AfterProcessingInitializeOnLoad (33ms)
				EditorAssembliesLoaded (0ms)
			ExecutionOrderSort2 (0ms)
			AwakeInstancesAfterBackupRestoration (33ms)
Platform modules already initialized, skipping
Refreshing native plugins compatible for Editor in 1.30 ms, found 3 plugins.
Preloading 0 native plugins for Editor in 0.00 ms.
Unloading 2194 Unused Serialized files (Serialized files now loaded: 0)
System memory in use before: 99.1 MB.
System memory in use after: 99.2 MB.

Unloading 17 unused Assets to reduce memory usage. Loaded Objects now: 2709.
Total: 10.658700 ms (FindLiveObjects: 0.467400 ms CreateObjectMapping: 0.224100 ms MarkObjects: 9.924400 ms  DeleteObjects: 0.040600 ms)

AssetImportParameters requested are different than current active one (requested -> active):
  custom:framework-win-MediaFoundation: 216162199b28c13a410421893ffa2e32 -> 
  custom:video-decoder-ogg-theora: a1e56fd34408186e4bbccfd4996cb3dc -> 
  custom:container-muxer-webm: aa71ff27fc2769a1b78a27578f13a17b -> 
  custom:container-demuxer-webm: 4f35f7cbe854078d1ac9338744f61a02 -> 
  custom:container-demuxer-ogg: 62fdf1f143b41e24485cea50d1cbac27 -> 
  custom:video-encoder-webm-vp8: eb34c28f22e8b96e1ab97ce403110664 -> 
  custom:video-codec-MediaFoundation-h265: 746d11721c4dcdbdad8f713fa42b33f4 -> 
  custom:video-decoder-webm-vp8: 9c59270c3fd7afecdb556c50c9e8de78 -> 
  custom:audio-decoder-ogg-vorbis: bf7c407c2cedff20999df2af8eb42d56 -> 
  custom:audio-encoder-webm-vorbis: bf7c407c2cedff20999df2af8eb42d56 -> 
========================================================================
Received Import Request.
  Time since last request: 96.739826 seconds.
  path: Assets/Scenes/level2.unity
  artifactKey: Guid(f71ab27aa34d129459ae54e3dabcae78) Importer(815301076,1909f56bfc062723c751e8b465ee728b)
Start importing Assets/Scenes/level2.unity using Guid(f71ab27aa34d129459ae54e3dabcae78) Importer(815301076,1909f56bfc062723c751e8b465ee728b)  -> (artifact id: '4bb9dbfbeaae02a5f49095bd0fcf684d') in 0.039743 seconds 
  Import took 0.050450 seconds .

========================================================================
Received Import Request.
  Time since last request: 17.164771 seconds.
  path: Assets/Scenes/level3.unity
  artifactKey: Guid(cba3f22350720794cbc1a017d6503330) Importer(815301076,1909f56bfc062723c751e8b465ee728b)
Start importing Assets/Scenes/level3.unity using Guid(cba3f22350720794cbc1a017d6503330) Importer(815301076,1909f56bfc062723c751e8b465ee728b)  -> (artifact id: '7660dbe4202d2969f7e601f29ddb19cc') in 0.012835 seconds 
  Import took 0.021831 seconds .

========================================================================
Received Prepare
Registering precompiled user dll's ...
Registered in 0.020567 seconds.
Begin MonoManager ReloadAssembly
Native extension for WindowsStandalone target not found
Refreshing native plugins compatible for Editor in 1.20 ms, found 3 plugins.
Preloading 0 native plugins for Editor in 0.00 ms.
Mono: successfully reloaded assembly
- Completed reload, in  4.350 seconds
Domain Reload Profiling:
	ReloadAssembly (4352ms)
		BeginReloadAssembly (744ms)
			ExecutionOrderSort (0ms)
			DisableScriptedObjects (187ms)
			BackupInstance (0ms)
			ReleaseScriptingObjects (0ms)
			CreateAndSetChildDomain (147ms)
		EndReloadAssembly (3131ms)
			LoadAssemblies (813ms)
			RebuildTransferFunctionScriptingTraits (0ms)
			SetupTypeCache (1148ms)
			ReleaseScriptCaches (2ms)
			RebuildScriptCaches (143ms)
			SetupLoadedEditorAssemblies (871ms)
				LogAssemblyErrors (0ms)
				InitializePlatformSupportModulesInManaged (14ms)
				SetLoadedEditorAssemblies (1ms)
				RefreshPlugins (1ms)
				BeforeProcessingInitializeOnLoad (182ms)
				ProcessInitializeOnLoadAttributes (613ms)
				ProcessInitializeOnLoadMethodAttributes (32ms)
				AfterProcessingInitializeOnLoad (28ms)
				EditorAssembliesLoaded (0ms)
			ExecutionOrderSort2 (0ms)
			AwakeInstancesAfterBackupRestoration (24ms)
Platform modules already initialized, skipping
Refreshing native plugins compatible for Editor in 1.44 ms, found 3 plugins.
Preloading 0 native plugins for Editor in 0.00 ms.
Unloading 2194 Unused Serialized files (Serialized files now loaded: 0)
System memory in use before: 99.1 MB.
System memory in use after: 99.2 MB.

Unloading 17 unused Assets to reduce memory usage. Loaded Objects now: 2711.
Total: 10.802400 ms (FindLiveObjects: 0.475100 ms CreateObjectMapping: 0.394200 ms MarkObjects: 9.890600 ms  DeleteObjects: 0.039500 ms)

AssetImportParameters requested are different than current active one (requested -> active):
  custom:framework-win-MediaFoundation: 216162199b28c13a410421893ffa2e32 -> 
  custom:video-decoder-ogg-theora: a1e56fd34408186e4bbccfd4996cb3dc -> 
  custom:container-muxer-webm: aa71ff27fc2769a1b78a27578f13a17b -> 
  custom:container-demuxer-webm: 4f35f7cbe854078d1ac9338744f61a02 -> 
  custom:container-demuxer-ogg: 62fdf1f143b41e24485cea50d1cbac27 -> 
  custom:video-encoder-webm-vp8: eb34c28f22e8b96e1ab97ce403110664 -> 
  custom:video-codec-MediaFoundation-h265: 746d11721c4dcdbdad8f713fa42b33f4 -> 
  custom:video-decoder-webm-vp8: 9c59270c3fd7afecdb556c50c9e8de78 -> 
  custom:audio-decoder-ogg-vorbis: bf7c407c2cedff20999df2af8eb42d56 -> 
  custom:audio-encoder-webm-vorbis: bf7c407c2cedff20999df2af8eb42d56 -> 
========================================================================
Received Prepare
Registering precompiled user dll's ...
Registered in 0.035910 seconds.
Begin MonoManager ReloadAssembly
Native extension for WindowsStandalone target not found
Refreshing native plugins compatible for Editor in 1.52 ms, found 3 plugins.
Preloading 0 native plugins for Editor in 0.00 ms.
Mono: successfully reloaded assembly
- Completed reload, in  3.803 seconds
Domain Reload Profiling:
	ReloadAssembly (3804ms)
		BeginReloadAssembly (262ms)
			ExecutionOrderSort (0ms)
			DisableScriptedObjects (14ms)
			BackupInstance (0ms)
			ReleaseScriptingObjects (0ms)
			CreateAndSetChildDomain (66ms)
		EndReloadAssembly (3359ms)
			LoadAssemblies (241ms)
			RebuildTransferFunctionScriptingTraits (0ms)
			SetupTypeCache (854ms)
			ReleaseScriptCaches (2ms)
			RebuildScriptCaches (508ms)
			SetupLoadedEditorAssemblies (839ms)
				LogAssemblyErrors (0ms)
				InitializePlatformSupportModulesInManaged (17ms)
				SetLoadedEditorAssemblies (2ms)
				RefreshPlugins (2ms)
				BeforeProcessingInitializeOnLoad (174ms)
				ProcessInitializeOnLoadAttributes (588ms)
				ProcessInitializeOnLoadMethodAttributes (37ms)
				AfterProcessingInitializeOnLoad (19ms)
				EditorAssembliesLoaded (0ms)
			ExecutionOrderSort2 (0ms)
			AwakeInstancesAfterBackupRestoration (18ms)
Platform modules already initialized, skipping
Refreshing native plugins compatible for Editor in 0.89 ms, found 3 plugins.
Preloading 0 native plugins for Editor in 0.00 ms.
Unloading 2194 Unused Serialized files (Serialized files now loaded: 0)
System memory in use before: 99.1 MB.
System memory in use after: 99.2 MB.

Unloading 17 unused Assets to reduce memory usage. Loaded Objects now: 2713.
Total: 6.850400 ms (FindLiveObjects: 0.357100 ms CreateObjectMapping: 0.217000 ms MarkObjects: 6.226700 ms  DeleteObjects: 0.047100 ms)

AssetImportParameters requested are different than current active one (requested -> active):
  custom:framework-win-MediaFoundation: 216162199b28c13a410421893ffa2e32 -> 
  custom:video-decoder-ogg-theora: a1e56fd34408186e4bbccfd4996cb3dc -> 
  custom:container-muxer-webm: aa71ff27fc2769a1b78a27578f13a17b -> 
  custom:container-demuxer-webm: 4f35f7cbe854078d1ac9338744f61a02 -> 
  custom:container-demuxer-ogg: 62fdf1f143b41e24485cea50d1cbac27 -> 
  custom:video-encoder-webm-vp8: eb34c28f22e8b96e1ab97ce403110664 -> 
  custom:video-codec-MediaFoundation-h265: 746d11721c4dcdbdad8f713fa42b33f4 -> 
  custom:video-decoder-webm-vp8: 9c59270c3fd7afecdb556c50c9e8de78 -> 
  custom:audio-decoder-ogg-vorbis: bf7c407c2cedff20999df2af8eb42d56 -> 
  custom:audio-encoder-webm-vorbis: bf7c407c2cedff20999df2af8eb42d56 -> 
========================================================================
Received Prepare
Registering precompiled user dll's ...
Registered in 0.018701 seconds.
Begin MonoManager ReloadAssembly
Native extension for WindowsStandalone target not found
Refreshing native plugins compatible for Editor in 1.18 ms, found 3 plugins.
Preloading 0 native plugins for Editor in 0.00 ms.
Mono: successfully reloaded assembly
- Completed reload, in 33.355 seconds
Domain Reload Profiling:
	ReloadAssembly (33356ms)
		BeginReloadAssembly (19155ms)
			ExecutionOrderSort (0ms)
			DisableScriptedObjects (100ms)
			BackupInstance (0ms)
			ReleaseScriptingObjects (0ms)
			CreateAndSetChildDomain (1070ms)
		EndReloadAssembly (6221ms)
			LoadAssemblies (20630ms)
			RebuildTransferFunctionScriptingTraits (0ms)
			SetupTypeCache (1353ms)
			ReleaseScriptCaches (3ms)
			RebuildScriptCaches (186ms)
			SetupLoadedEditorAssemblies (1114ms)
				LogAssemblyErrors (0ms)
				InitializePlatformSupportModulesInManaged (15ms)
				SetLoadedEditorAssemblies (1ms)
				RefreshPlugins (1ms)
				BeforeProcessingInitializeOnLoad (278ms)
				ProcessInitializeOnLoadAttributes (742ms)
				ProcessInitializeOnLoadMethodAttributes (43ms)
				AfterProcessingInitializeOnLoad (33ms)
				EditorAssembliesLoaded (0ms)
			ExecutionOrderSort2 (0ms)
			AwakeInstancesAfterBackupRestoration (36ms)
Platform modules already initialized, skipping
Refreshing native plugins compatible for Editor in 1.09 ms, found 3 plugins.
Preloading 0 native plugins for Editor in 0.00 ms.
Unloading 2194 Unused Serialized files (Serialized files now loaded: 0)
System memory in use before: 99.2 MB.
System memory in use after: 99.3 MB.

Unloading 17 unused Assets to reduce memory usage. Loaded Objects now: 2715.
Total: 11.371800 ms (FindLiveObjects: 0.491900 ms CreateObjectMapping: 0.228700 ms MarkObjects: 10.603200 ms  DeleteObjects: 0.044600 ms)

AssetImportParameters requested are different than current active one (requested -> active):
  custom:framework-win-MediaFoundation: 216162199b28c13a410421893ffa2e32 -> 
  custom:video-decoder-ogg-theora: a1e56fd34408186e4bbccfd4996cb3dc -> 
  custom:container-muxer-webm: aa71ff27fc2769a1b78a27578f13a17b -> 
  custom:container-demuxer-webm: 4f35f7cbe854078d1ac9338744f61a02 -> 
  custom:container-demuxer-ogg: 62fdf1f143b41e24485cea50d1cbac27 -> 
  custom:video-encoder-webm-vp8: eb34c28f22e8b96e1ab97ce403110664 -> 
  custom:video-codec-MediaFoundation-h265: 746d11721c4dcdbdad8f713fa42b33f4 -> 
  custom:video-decoder-webm-vp8: 9c59270c3fd7afecdb556c50c9e8de78 -> 
  custom:audio-decoder-ogg-vorbis: bf7c407c2cedff20999df2af8eb42d56 -> 
  custom:audio-encoder-webm-vorbis: bf7c407c2cedff20999df2af8eb42d56 -> 
========================================================================
Received Prepare
Registering precompiled user dll's ...
Registered in 0.065199 seconds.
Begin MonoManager ReloadAssembly
Native extension for WindowsStandalone target not found
Refreshing native plugins compatible for Editor in 0.92 ms, found 3 plugins.
Preloading 0 native plugins for Editor in 0.00 ms.
Mono: successfully reloaded assembly
- Completed reload, in  2.618 seconds
Domain Reload Profiling:
	ReloadAssembly (2619ms)
		BeginReloadAssembly (453ms)
			ExecutionOrderSort (0ms)
			DisableScriptedObjects (15ms)
			BackupInstance (0ms)
			ReleaseScriptingObjects (0ms)
			CreateAndSetChildDomain (106ms)
		EndReloadAssembly (1928ms)
			LoadAssemblies (390ms)
			RebuildTransferFunctionScriptingTraits (0ms)
			SetupTypeCache (736ms)
			ReleaseScriptCaches (1ms)
			RebuildScriptCaches (90ms)
			SetupLoadedEditorAssemblies (635ms)
				LogAssemblyErrors (0ms)
				InitializePlatformSupportModulesInManaged (9ms)
				SetLoadedEditorAssemblies (1ms)
				RefreshPlugins (1ms)
				BeforeProcessingInitializeOnLoad (135ms)
				ProcessInitializeOnLoadAttributes (442ms)
				ProcessInitializeOnLoadMethodAttributes (26ms)
				AfterProcessingInitializeOnLoad (20ms)
				EditorAssembliesLoaded (0ms)
			ExecutionOrderSort2 (0ms)
			AwakeInstancesAfterBackupRestoration (27ms)
Platform modules already initialized, skipping
Refreshing native plugins compatible for Editor in 0.67 ms, found 3 plugins.
Preloading 0 native plugins for Editor in 0.00 ms.
Unloading 2194 Unused Serialized files (Serialized files now loaded: 0)
System memory in use before: 99.2 MB.
System memory in use after: 99.4 MB.

Unloading 17 unused Assets to reduce memory usage. Loaded Objects now: 2717.
Total: 5.536900 ms (FindLiveObjects: 0.315600 ms CreateObjectMapping: 0.256100 ms MarkObjects: 4.935500 ms  DeleteObjects: 0.028000 ms)

AssetImportParameters requested are different than current active one (requested -> active):
  custom:framework-win-MediaFoundation: 216162199b28c13a410421893ffa2e32 -> 
  custom:video-decoder-ogg-theora: a1e56fd34408186e4bbccfd4996cb3dc -> 
  custom:container-muxer-webm: aa71ff27fc2769a1b78a27578f13a17b -> 
  custom:container-demuxer-webm: 4f35f7cbe854078d1ac9338744f61a02 -> 
  custom:container-demuxer-ogg: 62fdf1f143b41e24485cea50d1cbac27 -> 
  custom:video-encoder-webm-vp8: eb34c28f22e8b96e1ab97ce403110664 -> 
  custom:video-codec-MediaFoundation-h265: 746d11721c4dcdbdad8f713fa42b33f4 -> 
  custom:video-decoder-webm-vp8: 9c59270c3fd7afecdb556c50c9e8de78 -> 
  custom:audio-decoder-ogg-vorbis: bf7c407c2cedff20999df2af8eb42d56 -> 
  custom:audio-encoder-webm-vorbis: bf7c407c2cedff20999df2af8eb42d56 -> 
========================================================================
Received Prepare
Registering precompiled user dll's ...
Registered in 0.022415 seconds.
Begin MonoManager ReloadAssembly
Native extension for WindowsStandalone target not found
Refreshing native plugins compatible for Editor in 1.10 ms, found 3 plugins.
Preloading 0 native plugins for Editor in 0.00 ms.
Mono: successfully reloaded assembly
- Completed reload, in  2.361 seconds
Domain Reload Profiling:
	ReloadAssembly (2361ms)
		BeginReloadAssembly (295ms)
			ExecutionOrderSort (0ms)
			DisableScriptedObjects (16ms)
			BackupInstance (0ms)
			ReleaseScriptingObjects (0ms)
			CreateAndSetChildDomain (93ms)
		EndReloadAssembly (1878ms)
			LoadAssemblies (297ms)
			RebuildTransferFunctionScriptingTraits (0ms)
			SetupTypeCache (639ms)
			ReleaseScriptCaches (1ms)
			RebuildScriptCaches (92ms)
			SetupLoadedEditorAssemblies (656ms)
				LogAssemblyErrors (0ms)
				InitializePlatformSupportModulesInManaged (12ms)
				SetLoadedEditorAssemblies (1ms)
				RefreshPlugins (1ms)
				BeforeProcessingInitializeOnLoad (145ms)
				ProcessInitializeOnLoadAttributes (446ms)
				ProcessInitializeOnLoadMethodAttributes (27ms)
				AfterProcessingInitializeOnLoad (23ms)
				EditorAssembliesLoaded (0ms)
			ExecutionOrderSort2 (0ms)
			AwakeInstancesAfterBackupRestoration (25ms)
Platform modules already initialized, skipping
Refreshing native plugins compatible for Editor in 1.05 ms, found 3 plugins.
Preloading 0 native plugins for Editor in 0.00 ms.
Unloading 2194 Unused Serialized files (Serialized files now loaded: 0)
System memory in use before: 99.2 MB.
System memory in use after: 99.4 MB.

Unloading 17 unused Assets to reduce memory usage. Loaded Objects now: 2719.
Total: 6.110400 ms (FindLiveObjects: 0.319100 ms CreateObjectMapping: 0.151900 ms MarkObjects: 5.595800 ms  DeleteObjects: 0.041600 ms)

AssetImportParameters requested are different than current active one (requested -> active):
  custom:framework-win-MediaFoundation: 216162199b28c13a410421893ffa2e32 -> 
  custom:video-decoder-ogg-theora: a1e56fd34408186e4bbccfd4996cb3dc -> 
  custom:container-muxer-webm: aa71ff27fc2769a1b78a27578f13a17b -> 
  custom:container-demuxer-webm: 4f35f7cbe854078d1ac9338744f61a02 -> 
  custom:container-demuxer-ogg: 62fdf1f143b41e24485cea50d1cbac27 -> 
  custom:video-encoder-webm-vp8: eb34c28f22e8b96e1ab97ce403110664 -> 
  custom:video-codec-MediaFoundation-h265: 746d11721c4dcdbdad8f713fa42b33f4 -> 
  custom:video-decoder-webm-vp8: 9c59270c3fd7afecdb556c50c9e8de78 -> 
  custom:audio-decoder-ogg-vorbis: bf7c407c2cedff20999df2af8eb42d56 -> 
  custom:audio-encoder-webm-vorbis: bf7c407c2cedff20999df2af8eb42d56 -> 
========================================================================
Received Prepare
Registering precompiled user dll's ...
Registered in 0.022932 seconds.
Begin MonoManager ReloadAssembly
Native extension for WindowsStandalone target not found
Refreshing native plugins compatible for Editor in 0.71 ms, found 3 plugins.
Preloading 0 native plugins for Editor in 0.00 ms.
Mono: successfully reloaded assembly
- Completed reload, in  2.544 seconds
Domain Reload Profiling:
	ReloadAssembly (2545ms)
		BeginReloadAssembly (288ms)
			ExecutionOrderSort (0ms)
			DisableScriptedObjects (21ms)
			BackupInstance (0ms)
			ReleaseScriptingObjects (0ms)
			CreateAndSetChildDomain (106ms)
		EndReloadAssembly (2102ms)
			LoadAssemblies (210ms)
			RebuildTransferFunctionScriptingTraits (0ms)
			SetupTypeCache (725ms)
			ReleaseScriptCaches (2ms)
			RebuildScriptCaches (108ms)
			SetupLoadedEditorAssemblies (818ms)
				LogAssemblyErrors (0ms)
				InitializePlatformSupportModulesInManaged (13ms)
				SetLoadedEditorAssemblies (1ms)
				RefreshPlugins (1ms)
				BeforeProcessingInitializeOnLoad (158ms)
				ProcessInitializeOnLoadAttributes (593ms)
				ProcessInitializeOnLoadMethodAttributes (32ms)
				AfterProcessingInitializeOnLoad (20ms)
				EditorAssembliesLoaded (0ms)
			ExecutionOrderSort2 (0ms)
			AwakeInstancesAfterBackupRestoration (20ms)
Platform modules already initialized, skipping
Refreshing native plugins compatible for Editor in 1.11 ms, found 3 plugins.
Preloading 0 native plugins for Editor in 0.00 ms.
Unloading 2194 Unused Serialized files (Serialized files now loaded: 0)
System memory in use before: 99.2 MB.
System memory in use after: 99.4 MB.

Unloading 17 unused Assets to reduce memory usage. Loaded Objects now: 2721.
Total: 7.165500 ms (FindLiveObjects: 0.500000 ms CreateObjectMapping: 0.204200 ms MarkObjects: 6.429000 ms  DeleteObjects: 0.030400 ms)

AssetImportParameters requested are different than current active one (requested -> active):
  custom:framework-win-MediaFoundation: 216162199b28c13a410421893ffa2e32 -> 
  custom:video-decoder-ogg-theora: a1e56fd34408186e4bbccfd4996cb3dc -> 
  custom:container-muxer-webm: aa71ff27fc2769a1b78a27578f13a17b -> 
  custom:container-demuxer-webm: 4f35f7cbe854078d1ac9338744f61a02 -> 
  custom:container-demuxer-ogg: 62fdf1f143b41e24485cea50d1cbac27 -> 
  custom:video-encoder-webm-vp8: eb34c28f22e8b96e1ab97ce403110664 -> 
  custom:video-codec-MediaFoundation-h265: 746d11721c4dcdbdad8f713fa42b33f4 -> 
  custom:video-decoder-webm-vp8: 9c59270c3fd7afecdb556c50c9e8de78 -> 
  custom:audio-decoder-ogg-vorbis: bf7c407c2cedff20999df2af8eb42d56 -> 
  custom:audio-encoder-webm-vorbis: bf7c407c2cedff20999df2af8eb42d56 -> 
========================================================================
Received Prepare
Registering precompiled user dll's ...
Registered in 0.018948 seconds.
Begin MonoManager ReloadAssembly
Native extension for WindowsStandalone target not found
Refreshing native plugins compatible for Editor in 2.39 ms, found 3 plugins.
Preloading 0 native plugins for Editor in 0.00 ms.
Mono: successfully reloaded assembly
- Completed reload, in  3.052 seconds
Domain Reload Profiling:
	ReloadAssembly (3053ms)
		BeginReloadAssembly (211ms)
			ExecutionOrderSort (0ms)
			DisableScriptedObjects (11ms)
			BackupInstance (0ms)
			ReleaseScriptingObjects (0ms)
			CreateAndSetChildDomain (59ms)
		EndReloadAssembly (2692ms)
			LoadAssemblies (194ms)
			RebuildTransferFunctionScriptingTraits (0ms)
			SetupTypeCache (709ms)
			ReleaseScriptCaches (3ms)
			RebuildScriptCaches (127ms)
			SetupLoadedEditorAssemblies (1361ms)
				LogAssemblyErrors (0ms)
				InitializePlatformSupportModulesInManaged (10ms)
				SetLoadedEditorAssemblies (67ms)
				RefreshPlugins (3ms)
				BeforeProcessingInitializeOnLoad (545ms)
				ProcessInitializeOnLoadAttributes (671ms)
				ProcessInitializeOnLoadMethodAttributes (33ms)
				AfterProcessingInitializeOnLoad (31ms)
				EditorAssembliesLoaded (0ms)
			ExecutionOrderSort2 (0ms)
			AwakeInstancesAfterBackupRestoration (27ms)
Platform modules already initialized, skipping
Refreshing native plugins compatible for Editor in 1.16 ms, found 3 plugins.
Preloading 0 native plugins for Editor in 0.00 ms.
Unloading 2194 Unused Serialized files (Serialized files now loaded: 0)
System memory in use before: 99.2 MB.
System memory in use after: 99.4 MB.

Unloading 17 unused Assets to reduce memory usage. Loaded Objects now: 2723.
Total: 11.266700 ms (FindLiveObjects: 0.628800 ms CreateObjectMapping: 0.298500 ms MarkObjects: 10.246500 ms  DeleteObjects: 0.088500 ms)

AssetImportParameters requested are different than current active one (requested -> active):
  custom:framework-win-MediaFoundation: 216162199b28c13a410421893ffa2e32 -> 
  custom:video-decoder-ogg-theora: a1e56fd34408186e4bbccfd4996cb3dc -> 
  custom:container-muxer-webm: aa71ff27fc2769a1b78a27578f13a17b -> 
  custom:container-demuxer-webm: 4f35f7cbe854078d1ac9338744f61a02 -> 
  custom:container-demuxer-ogg: 62fdf1f143b41e24485cea50d1cbac27 -> 
  custom:video-encoder-webm-vp8: eb34c28f22e8b96e1ab97ce403110664 -> 
  custom:video-codec-MediaFoundation-h265: 746d11721c4dcdbdad8f713fa42b33f4 -> 
  custom:video-decoder-webm-vp8: 9c59270c3fd7afecdb556c50c9e8de78 -> 
  custom:audio-decoder-ogg-vorbis: bf7c407c2cedff20999df2af8eb42d56 -> 
  custom:audio-encoder-webm-vorbis: bf7c407c2cedff20999df2af8eb42d56 -> 
========================================================================
Received Prepare
Registering precompiled user dll's ...
Registered in 0.012485 seconds.
Begin MonoManager ReloadAssembly
Native extension for WindowsStandalone target not found
Refreshing native plugins compatible for Editor in 0.73 ms, found 3 plugins.
Preloading 0 native plugins for Editor in 0.00 ms.
Mono: successfully reloaded assembly
- Completed reload, in  2.681 seconds
Domain Reload Profiling:
	ReloadAssembly (2682ms)
		BeginReloadAssembly (391ms)
			ExecutionOrderSort (0ms)
			DisableScriptedObjects (23ms)
			BackupInstance (0ms)
			ReleaseScriptingObjects (0ms)
			CreateAndSetChildDomain (104ms)
		EndReloadAssembly (2033ms)
			LoadAssemblies (364ms)
			RebuildTransferFunctionScriptingTraits (0ms)
			SetupTypeCache (760ms)
			ReleaseScriptCaches (2ms)
			RebuildScriptCaches (88ms)
			SetupLoadedEditorAssemblies (658ms)
				LogAssemblyErrors (0ms)
				InitializePlatformSupportModulesInManaged (12ms)
				SetLoadedEditorAssemblies (1ms)
				RefreshPlugins (1ms)
				BeforeProcessingInitializeOnLoad (144ms)
				ProcessInitializeOnLoadAttributes (459ms)
				ProcessInitializeOnLoadMethodAttributes (24ms)
				AfterProcessingInitializeOnLoad (18ms)
				EditorAssembliesLoaded (0ms)
			ExecutionOrderSort2 (0ms)
			AwakeInstancesAfterBackupRestoration (19ms)
Platform modules already initialized, skipping
Refreshing native plugins compatible for Editor in 1.02 ms, found 3 plugins.
Preloading 0 native plugins for Editor in 0.00 ms.
Unloading 2194 Unused Serialized files (Serialized files now loaded: 0)
System memory in use before: 99.2 MB.
System memory in use after: 99.4 MB.

Unloading 17 unused Assets to reduce memory usage. Loaded Objects now: 2725.
Total: 6.870500 ms (FindLiveObjects: 0.298600 ms CreateObjectMapping: 0.177800 ms MarkObjects: 6.345400 ms  DeleteObjects: 0.046600 ms)

AssetImportParameters requested are different than current active one (requested -> active):
  custom:framework-win-MediaFoundation: 216162199b28c13a410421893ffa2e32 -> 
  custom:video-decoder-ogg-theora: a1e56fd34408186e4bbccfd4996cb3dc -> 
  custom:container-muxer-webm: aa71ff27fc2769a1b78a27578f13a17b -> 
  custom:container-demuxer-webm: 4f35f7cbe854078d1ac9338744f61a02 -> 
  custom:container-demuxer-ogg: 62fdf1f143b41e24485cea50d1cbac27 -> 
  custom:video-encoder-webm-vp8: eb34c28f22e8b96e1ab97ce403110664 -> 
  custom:video-codec-MediaFoundation-h265: 746d11721c4dcdbdad8f713fa42b33f4 -> 
  custom:video-decoder-webm-vp8: 9c59270c3fd7afecdb556c50c9e8de78 -> 
  custom:audio-decoder-ogg-vorbis: bf7c407c2cedff20999df2af8eb42d56 -> 
  custom:audio-encoder-webm-vorbis: bf7c407c2cedff20999df2af8eb42d56 -> 
AssetImportWorkerClient::OnTransportError - code=2 error=End of file
