Using pre-set license
Built from '2020.3/staging' branch; Version is '2020.3.21f1 (a38c86f6690f) revision 10718342'; Using compiler version '192528614'; Build Type 'Release'
OS: 'Windows 10 Home; OS build 19042.1415; Version 2009; 64bit' Language: 'fr' Physical Memory: 5984 MB
BatchMode: 1, IsHumanControllingUs: 0, StartBugReporterOnCrash: 0, Is64bit: 1, IsPro: 0

COMMAND LINE ARGUMENTS:
C:\Program Files\Unity\Hub\Editor\2020.3.21f1\Editor\Unity.exe
-adb2
-batchMode
-noUpm
-name
AssetImportWorker1
-projectPath
C:/Users/GREGOIRE Sibylle/Desktop/EducationalSpaceGame2/EducationalSpaceGame
-logFile
Logs/AssetImportWorker1.log
-srvPort
54281
Successfully changed project path to: C:/Users/GREGOIRE Sibylle/Desktop/EducationalSpaceGame2/EducationalSpaceGame
C:/Users/GREGOIRE Sibylle/Desktop/EducationalSpaceGame2/EducationalSpaceGame
Using Asset Import Pipeline V2.
Refreshing native plugins compatible for Editor in 136.14 ms, found 3 plugins.
Preloading 0 native plugins for Editor in 0.00 ms.
Initialize engine version: 2020.3.21f1 (a38c86f6690f)
[Subsystems] Discovering subsystems at path C:/Program Files/Unity/Hub/Editor/2020.3.21f1/Editor/Data/Resources/UnitySubsystems
[Subsystems] Discovering subsystems at path C:/Users/GREGOIRE Sibylle/Desktop/EducationalSpaceGame2/EducationalSpaceGame/Assets
GfxDevice: creating device client; threaded=0
Direct3D:
    Version:  Direct3D 11.0 [level 11.1]
    Renderer: AMD Radeon(TM) R7 M360 (ID=0x6900)
    Vendor:   
    VRAM:     2037 MB
    Driver:   15.200.1045.0
Initialize mono
Mono path[0] = 'C:/Program Files/Unity/Hub/Editor/2020.3.21f1/Editor/Data/Managed'
Mono path[1] = 'C:/Program Files/Unity/Hub/Editor/2020.3.21f1/Editor/Data/MonoBleedingEdge/lib/mono/unityjit'
Mono config path = 'C:/Program Files/Unity/Hub/Editor/2020.3.21f1/Editor/Data/MonoBleedingEdge/etc'
Using monoOptions --debugger-agent=transport=dt_socket,embedding=1,server=y,suspend=n,address=127.0.0.1:56516
Begin MonoManager ReloadAssembly
Registering precompiled unity dll's ...
Register platform support module: C:/Program Files/Unity/Hub/Editor/2020.3.21f1/Editor/Data/PlaybackEngines/WindowsStandaloneSupport/UnityEditor.WindowsStandalone.Extensions.dll
Registered in 0.004434 seconds.
Native extension for WindowsStandalone target not found
Refreshing native plugins compatible for Editor in 72.75 ms, found 3 plugins.
Preloading 0 native plugins for Editor in 0.00 ms.
Mono: successfully reloaded assembly
- Completed reload, in  1.863 seconds
Domain Reload Profiling:
	ReloadAssembly (1863ms)
		BeginReloadAssembly (83ms)
			ExecutionOrderSort (0ms)
			DisableScriptedObjects (0ms)
			BackupInstance (0ms)
			ReleaseScriptingObjects (0ms)
			CreateAndSetChildDomain (1ms)
		EndReloadAssembly (882ms)
			LoadAssemblies (78ms)
			RebuildTransferFunctionScriptingTraits (0ms)
			SetupTypeCache (293ms)
			ReleaseScriptCaches (0ms)
			RebuildScriptCaches (55ms)
			SetupLoadedEditorAssemblies (358ms)
				LogAssemblyErrors (0ms)
				InitializePlatformSupportModulesInManaged (7ms)
				SetLoadedEditorAssemblies (0ms)
				RefreshPlugins (73ms)
				BeforeProcessingInitializeOnLoad (13ms)
				ProcessInitializeOnLoadAttributes (198ms)
				ProcessInitializeOnLoadMethodAttributes (67ms)
				AfterProcessingInitializeOnLoad (0ms)
				EditorAssembliesLoaded (0ms)
			ExecutionOrderSort2 (0ms)
			AwakeInstancesAfterBackupRestoration (0ms)
Platform modules already initialized, skipping
Registering precompiled user dll's ...
Registered in 0.009338 seconds.
Begin MonoManager ReloadAssembly
Native extension for WindowsStandalone target not found
Refreshing native plugins compatible for Editor in 66.03 ms, found 3 plugins.
Preloading 0 native plugins for Editor in 0.00 ms.
Mono: successfully reloaded assembly
- Completed reload, in  3.616 seconds
Domain Reload Profiling:
	ReloadAssembly (3618ms)
		BeginReloadAssembly (232ms)
			ExecutionOrderSort (0ms)
			DisableScriptedObjects (6ms)
			BackupInstance (0ms)
			ReleaseScriptingObjects (0ms)
			CreateAndSetChildDomain (33ms)
		EndReloadAssembly (3268ms)
			LoadAssemblies (1465ms)
			RebuildTransferFunctionScriptingTraits (0ms)
			SetupTypeCache (513ms)
			ReleaseScriptCaches (1ms)
			RebuildScriptCaches (83ms)
			SetupLoadedEditorAssemblies (860ms)
				LogAssemblyErrors (0ms)
				InitializePlatformSupportModulesInManaged (5ms)
				SetLoadedEditorAssemblies (0ms)
				RefreshPlugins (66ms)
				BeforeProcessingInitializeOnLoad (120ms)
				ProcessInitializeOnLoadAttributes (571ms)
				ProcessInitializeOnLoadMethodAttributes (87ms)
				AfterProcessingInitializeOnLoad (11ms)
				EditorAssembliesLoaded (0ms)
			ExecutionOrderSort2 (0ms)
			AwakeInstancesAfterBackupRestoration (12ms)
Platform modules already initialized, skipping
========================================================================
Worker process is ready to serve import requests
Launched and connected shader compiler UnityShaderCompiler.exe after 0.43 seconds
Refreshing native plugins compatible for Editor in 1.94 ms, found 3 plugins.
Preloading 0 native plugins for Editor in 0.00 ms.
Unloading 2215 Unused Serialized files (Serialized files now loaded: 0)
System memory in use before: 97.0 MB.
System memory in use after: 97.1 MB.

Unloading 28 unused Assets to reduce memory usage. Loaded Objects now: 2650.
Total: 6.883500 ms (FindLiveObjects: 0.468800 ms CreateObjectMapping: 0.225500 ms MarkObjects: 5.990900 ms  DeleteObjects: 0.182600 ms)

AssetImportParameters requested are different than current active one (requested -> active):
  custom:framework-win-MediaFoundation: 216162199b28c13a410421893ffa2e32 -> 
  custom:video-decoder-ogg-theora: a1e56fd34408186e4bbccfd4996cb3dc -> 
  custom:container-muxer-webm: aa71ff27fc2769a1b78a27578f13a17b -> 
  custom:container-demuxer-webm: 4f35f7cbe854078d1ac9338744f61a02 -> 
  custom:container-demuxer-ogg: 62fdf1f143b41e24485cea50d1cbac27 -> 
  custom:video-encoder-webm-vp8: eb34c28f22e8b96e1ab97ce403110664 -> 
  custom:video-codec-MediaFoundation-h265: 746d11721c4dcdbdad8f713fa42b33f4 -> 
  custom:video-decoder-webm-vp8: 9c59270c3fd7afecdb556c50c9e8de78 -> 
  custom:audio-decoder-ogg-vorbis: bf7c407c2cedff20999df2af8eb42d56 -> 
  custom:audio-encoder-webm-vorbis: bf7c407c2cedff20999df2af8eb42d56 -> 
========================================================================
Received Import Request.
  path: Assets/Sprites/chiavi.png
  artifactKey: Guid(d8f24af29e26df14aa1e55212cfd2825) Importer(815301076,1909f56bfc062723c751e8b465ee728b)
Start importing Assets/Sprites/chiavi.png using Guid(d8f24af29e26df14aa1e55212cfd2825) Importer(815301076,1909f56bfc062723c751e8b465ee728b)  -> (artifact id: '9ba8775138368609a0d82bc34bac996c') in 2.324960 seconds 
  Import took 2.430057 seconds .

========================================================================
Received Import Request.
  Time since last request: 0.000266 seconds.
  path: Assets/Sprites/chiavi.png
  artifactKey: Guid(d8f24af29e26df14aa1e55212cfd2825) Importer(815301076,1909f56bfc062723c751e8b465ee728b)
Start importing Assets/Sprites/chiavi.png using Guid(d8f24af29e26df14aa1e55212cfd2825) Importer(815301076,1909f56bfc062723c751e8b465ee728b)  -> (artifact id: '9ba8775138368609a0d82bc34bac996c') in 0.167629 seconds 
  Import took 0.241392 seconds .

========================================================================
Received Import Request.
  Time since last request: 19.604947 seconds.
  path: Assets/Sprites
  artifactKey: Guid(decf803e245454b24a96bd27eef6e1ec) Importer(815301076,1909f56bfc062723c751e8b465ee728b)
Start importing Assets/Sprites using Guid(decf803e245454b24a96bd27eef6e1ec) Importer(815301076,1909f56bfc062723c751e8b465ee728b)  -> (artifact id: '3ec5aa77c4eef941f1a722df2f268ee7') in 0.004213 seconds 
  Import took 0.041829 seconds .

========================================================================
Received Import Request.
  Time since last request: 0.066832 seconds.
  path: Assets/Sprites/cane.png
  artifactKey: Guid(259a2b122059ba946819ea0dc8c7a5c8) Importer(815301076,1909f56bfc062723c751e8b465ee728b)
Start importing Assets/Sprites/cane.png using Guid(259a2b122059ba946819ea0dc8c7a5c8) Importer(815301076,1909f56bfc062723c751e8b465ee728b)  -> (artifact id: 'cf022b57869513d4530fd511c665b14b') in 0.073708 seconds 
  Import took 0.114690 seconds .

========================================================================
Received Import Request.
  Time since last request: 0.000303 seconds.
  path: Assets/Sprites/cervello.png
  artifactKey: Guid(8ad078ce2f20a284cb54fd0dbe0fad2c) Importer(815301076,1909f56bfc062723c751e8b465ee728b)
Start importing Assets/Sprites/cervello.png using Guid(8ad078ce2f20a284cb54fd0dbe0fad2c) Importer(815301076,1909f56bfc062723c751e8b465ee728b)  -> (artifact id: '3b9ac47137a5bd0903659a84893b0dcb') in 0.092963 seconds 
  Import took 0.132812 seconds .

========================================================================
Received Import Request.
  Time since last request: 0.000282 seconds.
  path: Assets/Sprites/cappello.png
  artifactKey: Guid(da02245b118c15c468b4458e1b8a8fb4) Importer(815301076,1909f56bfc062723c751e8b465ee728b)
Start importing Assets/Sprites/cappello.png using Guid(da02245b118c15c468b4458e1b8a8fb4) Importer(815301076,1909f56bfc062723c751e8b465ee728b)  -> (artifact id: 'cd37060556faf724f6349636407e2802') in 0.064953 seconds 
  Import took 0.082460 seconds .

========================================================================
Received Import Request.
  Time since last request: 0.000297 seconds.
  path: Assets/Sprites/cipolla.png
  artifactKey: Guid(30adcc61392719f4db99f8c1fa892881) Importer(815301076,1909f56bfc062723c751e8b465ee728b)
Start importing Assets/Sprites/cipolla.png using Guid(30adcc61392719f4db99f8c1fa892881) Importer(815301076,1909f56bfc062723c751e8b465ee728b)  -> (artifact id: 'f0a007a6abe5fd8ff701cf39e23c2129') in 0.028532 seconds 
  Import took 0.073621 seconds .

========================================================================
Received Import Request.
  Time since last request: 0.000347 seconds.
  path: Assets/Sprites/cigno.png
  artifactKey: Guid(2519af6a2834be94ab1bf76d766c6f42) Importer(815301076,1909f56bfc062723c751e8b465ee728b)
Start importing Assets/Sprites/cigno.png using Guid(2519af6a2834be94ab1bf76d766c6f42) Importer(815301076,1909f56bfc062723c751e8b465ee728b)  -> (artifact id: 'fb0800822fdc5371d472aa85056cf2bb') in 0.053366 seconds 
  Import took 0.096210 seconds .

========================================================================
Received Import Request.
  Time since last request: 0.001030 seconds.
  path: Assets/Sprites/cavalli.png
  artifactKey: Guid(299f345b51038594fbdcb36ec756abcd) Importer(815301076,1909f56bfc062723c751e8b465ee728b)
Start importing Assets/Sprites/cavalli.png using Guid(299f345b51038594fbdcb36ec756abcd) Importer(815301076,1909f56bfc062723c751e8b465ee728b)  -> (artifact id: '7193161329419df673b6206ecd56dafd') in 0.305882 seconds 
  Import took 0.383106 seconds .

========================================================================
Received Import Request.
  Time since last request: 0.000388 seconds.
  path: Assets/Sprites/cintura.png
  artifactKey: Guid(cc8f88f78e5789c4e904bd92c533ccd7) Importer(815301076,1909f56bfc062723c751e8b465ee728b)
Start importing Assets/Sprites/cintura.png using Guid(cc8f88f78e5789c4e904bd92c533ccd7) Importer(815301076,1909f56bfc062723c751e8b465ee728b)  -> (artifact id: '27b1a66bb2cbc3881b38deee58927d05') in 0.033241 seconds 
  Import took 0.131521 seconds .

========================================================================
Received Import Request.
  Time since last request: 0.000393 seconds.
  path: Assets/Sprites/chitarra.png
  artifactKey: Guid(2535b1c74b706bf4295a16fa807bc44e) Importer(815301076,1909f56bfc062723c751e8b465ee728b)
Start importing Assets/Sprites/chitarra.png using Guid(2535b1c74b706bf4295a16fa807bc44e) Importer(815301076,1909f56bfc062723c751e8b465ee728b)  -> (artifact id: 'b5f2719a4a78456440fadb3376a89560') in 0.065260 seconds 
  Import took 0.111594 seconds .

========================================================================
Received Import Request.
  Time since last request: 0.000246 seconds.
  path: Assets/Sprites/castagna.png
  artifactKey: Guid(5b8c743026ba7ba469ffec9e78272428) Importer(815301076,1909f56bfc062723c751e8b465ee728b)
Start importing Assets/Sprites/castagna.png using Guid(5b8c743026ba7ba469ffec9e78272428) Importer(815301076,1909f56bfc062723c751e8b465ee728b)  -> (artifact id: 'f93a516a1f681e5955b7f9c1e09ba97b') in 0.088679 seconds 
  Import took 0.095243 seconds .

========================================================================
Received Import Request.
  Time since last request: 0.000309 seconds.
  path: Assets/Sprites/cielo.png
  artifactKey: Guid(5490423acc87e064b9ddab3a12e709d1) Importer(815301076,1909f56bfc062723c751e8b465ee728b)
Start importing Assets/Sprites/cielo.png using Guid(5490423acc87e064b9ddab3a12e709d1) Importer(815301076,1909f56bfc062723c751e8b465ee728b)  -> (artifact id: '5b0406f8935277c5b4193b3a1698f872') in 0.042869 seconds 
  Import took 0.079177 seconds .

========================================================================
Received Import Request.
  Time since last request: 0.000302 seconds.
  path: Assets/Sprites/chiave.png
  artifactKey: Guid(20ca0f1e9ee6b534cbf800d261df944a) Importer(815301076,1909f56bfc062723c751e8b465ee728b)
Start importing Assets/Sprites/chiave.png using Guid(20ca0f1e9ee6b534cbf800d261df944a) Importer(815301076,1909f56bfc062723c751e8b465ee728b)  -> (artifact id: 'de011b2f879e1024585b0612434ce3e7') in 0.068050 seconds 
  Import took 0.085817 seconds .

========================================================================
Received Import Request.
  Time since last request: 0.000304 seconds.
  path: Assets/Sprites/chiodi.png
  artifactKey: Guid(b4f23464875bc5141acdd7eed4200caa) Importer(815301076,1909f56bfc062723c751e8b465ee728b)
Start importing Assets/Sprites/chiodi.png using Guid(b4f23464875bc5141acdd7eed4200caa) Importer(815301076,1909f56bfc062723c751e8b465ee728b)  -> (artifact id: '11282c3e433296af033d426c49b7a1a5') in 0.067017 seconds 
  Import took 0.089724 seconds .

========================================================================
Received Import Request.
  Time since last request: 0.000514 seconds.
  path: Assets/Sprites/ciabatta.png
  artifactKey: Guid(88d1d21d7fac7ed4aac98809fe94a200) Importer(815301076,1909f56bfc062723c751e8b465ee728b)
Start importing Assets/Sprites/ciabatta.png using Guid(88d1d21d7fac7ed4aac98809fe94a200) Importer(815301076,1909f56bfc062723c751e8b465ee728b)  -> (artifact id: '9fb74e5b2a8107a5c835026793266017') in 0.101469 seconds 
  Import took 0.199644 seconds .

========================================================================
Received Import Request.
  Time since last request: 0.000432 seconds.
  path: Assets/Sprites/cerotto.png
  artifactKey: Guid(012d78d63922a6d47b861f6b78094045) Importer(815301076,1909f56bfc062723c751e8b465ee728b)
Start importing Assets/Sprites/cerotto.png using Guid(012d78d63922a6d47b861f6b78094045) Importer(815301076,1909f56bfc062723c751e8b465ee728b)  -> (artifact id: '5952fdb31a09cbd2845d3033eae08396') in 0.072149 seconds 
  Import took 0.101770 seconds .

========================================================================
Received Import Request.
  Time since last request: 0.000314 seconds.
  path: Assets/Sprites/case.png
  artifactKey: Guid(7a05dad9ebbf7de438a390f08613aa15) Importer(815301076,1909f56bfc062723c751e8b465ee728b)
Start importing Assets/Sprites/case.png using Guid(7a05dad9ebbf7de438a390f08613aa15) Importer(815301076,1909f56bfc062723c751e8b465ee728b)  -> (artifact id: '8a39db8852029009ea4cd8ddc28202ea') in 0.073662 seconds 
  Import took 0.093580 seconds .

========================================================================
Received Import Request.
  Time since last request: 0.000275 seconds.
  path: Assets/Sprites/cellula.png
  artifactKey: Guid(e287eec6056ab114d906044af7e7d89f) Importer(815301076,1909f56bfc062723c751e8b465ee728b)
Start importing Assets/Sprites/cellula.png using Guid(e287eec6056ab114d906044af7e7d89f) Importer(815301076,1909f56bfc062723c751e8b465ee728b)  -> (artifact id: '782b1d99f6710bde86cd1e343725d66f') in 0.062532 seconds 
  Import took 0.085864 seconds .

========================================================================
Received Import Request.
  Time since last request: 0.000285 seconds.
  path: Assets/Sprites/cinghiale.png
  artifactKey: Guid(731702c6b347bd1498856a9d88c2c605) Importer(815301076,1909f56bfc062723c751e8b465ee728b)
Start importing Assets/Sprites/cinghiale.png using Guid(731702c6b347bd1498856a9d88c2c605) Importer(815301076,1909f56bfc062723c751e8b465ee728b)  -> (artifact id: 'c5c9c626b681ccbb98c39f2554a3fd3f') in 0.026950 seconds 
  Import took 0.051889 seconds .

========================================================================
Received Import Request.
  Time since last request: 0.000733 seconds.
  path: Assets/Sprites/cicogna.png
  artifactKey: Guid(515661ad756ce9b45a67fc69836ecb3f) Importer(815301076,1909f56bfc062723c751e8b465ee728b)
Start importing Assets/Sprites/cicogna.png using Guid(515661ad756ce9b45a67fc69836ecb3f) Importer(815301076,1909f56bfc062723c751e8b465ee728b)  -> (artifact id: '3b843025c1f78e35d76280d97a4bd638') in 0.039560 seconds 
  Import took 0.054111 seconds .

========================================================================
Received Import Request.
  Time since last request: 38.818526 seconds.
  path: Assets/Sprites/suora.png
  artifactKey: Guid(46be5dd821c0b8b42ad2513f21cbaa31) Importer(815301076,1909f56bfc062723c751e8b465ee728b)
Start importing Assets/Sprites/suora.png using Guid(46be5dd821c0b8b42ad2513f21cbaa31) Importer(815301076,1909f56bfc062723c751e8b465ee728b)  -> (artifact id: '481e90b6875f4994693363deec8bcc22') in 0.287958 seconds 
  Import took 0.304554 seconds .

========================================================================
Received Import Request.
  Time since last request: 0.000162 seconds.
  path: Assets/Sprites/sughero.png
  artifactKey: Guid(46d00a5c94d6bfc4fb9b1bff4b99c790) Importer(815301076,1909f56bfc062723c751e8b465ee728b)
Start importing Assets/Sprites/sughero.png using Guid(46d00a5c94d6bfc4fb9b1bff4b99c790) Importer(815301076,1909f56bfc062723c751e8b465ee728b)  -> (artifact id: '11edd783db268dfa30d7fa778591d6a2') in 0.121448 seconds 
  Import took 0.171486 seconds .

========================================================================
Received Import Request.
  Time since last request: 0.000300 seconds.
  path: Assets/Sprites/sirena.png
  artifactKey: Guid(6cd656ad173b42b44b57fa3213d3b995) Importer(815301076,1909f56bfc062723c751e8b465ee728b)
Start importing Assets/Sprites/sirena.png using Guid(6cd656ad173b42b44b57fa3213d3b995) Importer(815301076,1909f56bfc062723c751e8b465ee728b)  -> (artifact id: 'a3cb846f81ae7ba538d0178c4f21d0c5') in 0.030602 seconds 
  Import took 0.080082 seconds .

========================================================================
Received Import Request.
  Time since last request: 0.000644 seconds.
  path: Assets/Sprites/scatola.png
  artifactKey: Guid(f10aa7b7b8942624890fb179160e9ef6) Importer(815301076,1909f56bfc062723c751e8b465ee728b)
Start importing Assets/Sprites/scatola.png using Guid(f10aa7b7b8942624890fb179160e9ef6) Importer(815301076,1909f56bfc062723c751e8b465ee728b)  -> (artifact id: 'e8367dd34cbd99550342dc8d1a6a464e') in 0.049216 seconds 
  Import took 0.072769 seconds .

========================================================================
Received Import Request.
  Time since last request: 0.000297 seconds.
  path: Assets/Sprites/scopa.png
  artifactKey: Guid(2761568408112e14896b8136031fc685) Importer(815301076,1909f56bfc062723c751e8b465ee728b)
Start importing Assets/Sprites/scopa.png using Guid(2761568408112e14896b8136031fc685) Importer(815301076,1909f56bfc062723c751e8b465ee728b)  -> (artifact id: 'bfb360286b4f1dec88bfe29ce143525c') in 0.033070 seconds 
  Import took 0.056656 seconds .

========================================================================
Received Import Request.
  Time since last request: 0.000381 seconds.
  path: Assets/Sprites/secchio.png
  artifactKey: Guid(4271fb4ce6c0bc24382effa3189cf22f) Importer(815301076,1909f56bfc062723c751e8b465ee728b)
Start importing Assets/Sprites/secchio.png using Guid(4271fb4ce6c0bc24382effa3189cf22f) Importer(815301076,1909f56bfc062723c751e8b465ee728b)  -> (artifact id: 'b5f47ada9c238a1cb74cd718eb3dafa2') in 0.034282 seconds 
  Import took 0.067583 seconds .

========================================================================
Received Import Request.
  Time since last request: 0.000250 seconds.
  path: Assets/Sprites/salami.png
  artifactKey: Guid(d2d6df28300eb4b48ab1206d56e506e7) Importer(815301076,1909f56bfc062723c751e8b465ee728b)
Start importing Assets/Sprites/salami.png using Guid(d2d6df28300eb4b48ab1206d56e506e7) Importer(815301076,1909f56bfc062723c751e8b465ee728b)  -> (artifact id: 'c0ee9f4a8f0f9b1caddc5bdcf24b6407') in 0.233864 seconds 
  Import took 0.247698 seconds .

========================================================================
Received Import Request.
  Time since last request: 0.000318 seconds.
  path: Assets/Sprites/siringa.png
  artifactKey: Guid(b3cc3b6870cd4164c9ecbf0f11ab9651) Importer(815301076,1909f56bfc062723c751e8b465ee728b)
Start importing Assets/Sprites/siringa.png using Guid(b3cc3b6870cd4164c9ecbf0f11ab9651) Importer(815301076,1909f56bfc062723c751e8b465ee728b)  -> (artifact id: '60e6915f9e0211e30adee2caa7daadad') in 0.063355 seconds 
  Import took 0.111829 seconds .

========================================================================
Received Import Request.
  Time since last request: 0.000311 seconds.
  path: Assets/Sprites/scorpione.png
  artifactKey: Guid(956e477d72384d746a7e71dd831047f3) Importer(815301076,1909f56bfc062723c751e8b465ee728b)
Start importing Assets/Sprites/scorpione.png using Guid(956e477d72384d746a7e71dd831047f3) Importer(815301076,1909f56bfc062723c751e8b465ee728b)  -> (artifact id: '4c139917c18e7212c1e70b743b7817cd') in 0.042162 seconds 
  Import took 0.052530 seconds .

========================================================================
Received Import Request.
  Time since last request: 0.000334 seconds.
  path: Assets/Sprites/scarpe.png
  artifactKey: Guid(39bddb861fefa4045a0d796af13dd0ba) Importer(815301076,1909f56bfc062723c751e8b465ee728b)
Start importing Assets/Sprites/scarpe.png using Guid(39bddb861fefa4045a0d796af13dd0ba) Importer(815301076,1909f56bfc062723c751e8b465ee728b)  -> (artifact id: '0085d813c17bbcd8ea9233427b75067b') in 0.033601 seconds 
  Import took 0.055121 seconds .

========================================================================
Received Import Request.
  Time since last request: 0.000274 seconds.
  path: Assets/Sprites/smalto.png
  artifactKey: Guid(f7877878754091b49a73fa14064f47fa) Importer(815301076,1909f56bfc062723c751e8b465ee728b)
Start importing Assets/Sprites/smalto.png using Guid(f7877878754091b49a73fa14064f47fa) Importer(815301076,1909f56bfc062723c751e8b465ee728b)  -> (artifact id: '03d4ae71ef83812a0b7e274671e515b3') in 0.042350 seconds 
  Import took 0.052499 seconds .

========================================================================
Received Import Request.
  Time since last request: 0.000277 seconds.
  path: Assets/Sprites/sole.png
  artifactKey: Guid(c9365d4e82106594284672690bd1e69e) Importer(815301076,1909f56bfc062723c751e8b465ee728b)
Start importing Assets/Sprites/sole.png using Guid(c9365d4e82106594284672690bd1e69e) Importer(815301076,1909f56bfc062723c751e8b465ee728b)  -> (artifact id: '3d2b4a53ff0b48c5c6dd1a50e6401814') in 0.045912 seconds 
  Import took 0.058071 seconds .

========================================================================
Received Import Request.
  Time since last request: 0.000874 seconds.
  path: Assets/Sprites/sasso.png
  artifactKey: Guid(7fed49b18a0d737428d3f5ae367256c7) Importer(815301076,1909f56bfc062723c751e8b465ee728b)
Start importing Assets/Sprites/sasso.png using Guid(7fed49b18a0d737428d3f5ae367256c7) Importer(815301076,1909f56bfc062723c751e8b465ee728b)  -> (artifact id: '15c5dd4da1da7a66797061f142e0dc21') in 0.045483 seconds 
  Import took 0.076208 seconds .

========================================================================
Received Import Request.
  Time since last request: 0.000275 seconds.
  path: Assets/Sprites/streghe.png
  artifactKey: Guid(2b78cdbd242595d4ba4177b9c4ba7e11) Importer(815301076,1909f56bfc062723c751e8b465ee728b)
Start importing Assets/Sprites/streghe.png using Guid(2b78cdbd242595d4ba4177b9c4ba7e11) Importer(815301076,1909f56bfc062723c751e8b465ee728b)  -> (artifact id: '0feea13ebeb585b2d01b82941c99646f') in 0.052495 seconds 
  Import took 0.085111 seconds .

========================================================================
Received Import Request.
  Time since last request: 0.000324 seconds.
  path: Assets/Sprites/salsiccia.png
  artifactKey: Guid(fefe4ee2cfec028408a0dcc5e9bc43ce) Importer(815301076,1909f56bfc062723c751e8b465ee728b)
Start importing Assets/Sprites/salsiccia.png using Guid(fefe4ee2cfec028408a0dcc5e9bc43ce) Importer(815301076,1909f56bfc062723c751e8b465ee728b)  -> (artifact id: 'fda9456de72f72460b424e5d2309b3fa') in 0.024332 seconds 
  Import took 0.050375 seconds .

========================================================================
Received Import Request.
  Time since last request: 0.000277 seconds.
  path: Assets/Sprites/sedia.png
  artifactKey: Guid(9d7e76ddc306d56488d55311be8d0eac) Importer(815301076,1909f56bfc062723c751e8b465ee728b)
Start importing Assets/Sprites/sedia.png using Guid(9d7e76ddc306d56488d55311be8d0eac) Importer(815301076,1909f56bfc062723c751e8b465ee728b)  -> (artifact id: '7e99cba870920ac44ebc350301715720') in 0.034835 seconds 
  Import took 0.048937 seconds .

========================================================================
Received Import Request.
  Time since last request: 0.000487 seconds.
  path: Assets/Sprites/strada.png
  artifactKey: Guid(6e8a1616eaa58b14081db530a62f89af) Importer(815301076,1909f56bfc062723c751e8b465ee728b)
Start importing Assets/Sprites/strada.png using Guid(6e8a1616eaa58b14081db530a62f89af) Importer(815301076,1909f56bfc062723c751e8b465ee728b)  -> (artifact id: '4e9a88de05739725a4cb5af2f6dbb372') in 0.030167 seconds 
  Import took 0.060157 seconds .

========================================================================
Received Import Request.
  Time since last request: 0.000331 seconds.
  path: Assets/Sprites/soldato.png
  artifactKey: Guid(c73f0671007dff5438b9386cd4728927) Importer(815301076,1909f56bfc062723c751e8b465ee728b)
Start importing Assets/Sprites/soldato.png using Guid(c73f0671007dff5438b9386cd4728927) Importer(815301076,1909f56bfc062723c751e8b465ee728b)  -> (artifact id: '306398aa0b63eb3a4b3ad3182f3ced34') in 0.025467 seconds 
  Import took 0.035573 seconds .

========================================================================
Received Import Request.
  Time since last request: 0.000275 seconds.
  path: Assets/Sprites/spaghetti.png
  artifactKey: Guid(e251012484b53c04db42451bc816a2ac) Importer(815301076,1909f56bfc062723c751e8b465ee728b)
Start importing Assets/Sprites/spaghetti.png using Guid(e251012484b53c04db42451bc816a2ac) Importer(815301076,1909f56bfc062723c751e8b465ee728b)  -> (artifact id: '94eb2957e4459752f55ed64232967f36') in 0.030097 seconds 
  Import took 0.056888 seconds .

========================================================================
Received Import Request.
  Time since last request: 0.000267 seconds.
  path: Assets/Sprites/scudo.png
  artifactKey: Guid(5ef770315021ae241914238ead7f6963) Importer(815301076,1909f56bfc062723c751e8b465ee728b)
Start importing Assets/Sprites/scudo.png using Guid(5ef770315021ae241914238ead7f6963) Importer(815301076,1909f56bfc062723c751e8b465ee728b)  -> (artifact id: '2dfc06f72a5a4368dfb941504cbc8ab7') in 0.046635 seconds 
  Import took 0.054629 seconds .

========================================================================
Received Import Request.
  Time since last request: 0.000322 seconds.
  path: Assets/Sprites/sapone.png
  artifactKey: Guid(1bfd601f633d0e0459ad709967ff0fba) Importer(815301076,1909f56bfc062723c751e8b465ee728b)
Start importing Assets/Sprites/sapone.png using Guid(1bfd601f633d0e0459ad709967ff0fba) Importer(815301076,1909f56bfc062723c751e8b465ee728b)  -> (artifact id: '62c7389b4558dbe8af7ca393a8e50cc8') in 0.031691 seconds 
  Import took 0.047348 seconds .

========================================================================
Received Import Request.
  Time since last request: 0.000312 seconds.
  path: Assets/Sprites/struzzo.png
  artifactKey: Guid(d64af3c7ca211334eae3354aff25af49) Importer(815301076,1909f56bfc062723c751e8b465ee728b)
Start importing Assets/Sprites/struzzo.png using Guid(d64af3c7ca211334eae3354aff25af49) Importer(815301076,1909f56bfc062723c751e8b465ee728b)  -> (artifact id: 'a01e49848e86f6d1d4035cfaf328cdd6') in 0.043805 seconds 
  Import took 0.061989 seconds .

========================================================================
Received Import Request.
  Time since last request: 0.000269 seconds.
  path: Assets/Sprites/stagno.png
  artifactKey: Guid(cb14247fb99ec614b88ad82fca7749c3) Importer(815301076,1909f56bfc062723c751e8b465ee728b)
Start importing Assets/Sprites/stagno.png using Guid(cb14247fb99ec614b88ad82fca7749c3) Importer(815301076,1909f56bfc062723c751e8b465ee728b)  -> (artifact id: '9704cab171f01cf56e0d933dd52bf463') in 0.054630 seconds 
  Import took 0.061136 seconds .

========================================================================
Received Import Request.
  Time since last request: 0.000346 seconds.
  path: Assets/Sprites/stella.png
  artifactKey: Guid(133a2012a2ba44942a0a6faeafc7182c) Importer(815301076,1909f56bfc062723c751e8b465ee728b)
Start importing Assets/Sprites/stella.png using Guid(133a2012a2ba44942a0a6faeafc7182c) Importer(815301076,1909f56bfc062723c751e8b465ee728b)  -> (artifact id: '654a14db832d2a958cbc3e2beb19fbfc') in 0.040622 seconds 
  Import took 0.064011 seconds .

========================================================================
Received Import Request.
  Time since last request: 0.000374 seconds.
  path: Assets/Sprites/suola.png
  artifactKey: Guid(f80c5e76d3a76b844a50092189785eb1) Importer(815301076,1909f56bfc062723c751e8b465ee728b)
Start importing Assets/Sprites/suola.png using Guid(f80c5e76d3a76b844a50092189785eb1) Importer(815301076,1909f56bfc062723c751e8b465ee728b)  -> (artifact id: 'fa683f7c50570e5679929a9b4246571c') in 0.037733 seconds 
  Import took 0.061834 seconds .

========================================================================
Received Import Request.
  Time since last request: 0.000375 seconds.
  path: Assets/Sprites/stringa.png
  artifactKey: Guid(1dc96abe87c2f3c44bc1344bde882972) Importer(815301076,1909f56bfc062723c751e8b465ee728b)
Start importing Assets/Sprites/stringa.png using Guid(1dc96abe87c2f3c44bc1344bde882972) Importer(815301076,1909f56bfc062723c751e8b465ee728b)  -> (artifact id: '4d70cc16cdd435be833a6bfcf5158374') in 0.035400 seconds 
  Import took 0.045225 seconds .

========================================================================
Received Import Request.
  Time since last request: 0.000323 seconds.
  path: Assets/Sprites/salvadanaio.png
  artifactKey: Guid(cc4a13521298ede4f8b808ea327b3166) Importer(815301076,1909f56bfc062723c751e8b465ee728b)
Start importing Assets/Sprites/salvadanaio.png using Guid(cc4a13521298ede4f8b808ea327b3166) Importer(815301076,1909f56bfc062723c751e8b465ee728b)  -> (artifact id: '7386c5269faa62d42a2a962156dd7c7e') in 0.022446 seconds 
  Import took 0.033646 seconds .

========================================================================
Received Import Request.
  Time since last request: 0.000398 seconds.
  path: Assets/Sprites/semaforo.png
  artifactKey: Guid(362750f5938f78141a71c6756a770d4c) Importer(815301076,1909f56bfc062723c751e8b465ee728b)
Start importing Assets/Sprites/semaforo.png using Guid(362750f5938f78141a71c6756a770d4c) Importer(815301076,1909f56bfc062723c751e8b465ee728b)  -> (artifact id: '21bc5d03f1a92f7902b0da501060dc2c') in 0.059577 seconds 
  Import took 0.068248 seconds .

========================================================================
Received Import Request.
  Time since last request: 0.000281 seconds.
  path: Assets/Sprites/sceriffo.png
  artifactKey: Guid(89924fd10137de04aa7e7f32cc789d3c) Importer(815301076,1909f56bfc062723c751e8b465ee728b)
Start importing Assets/Sprites/sceriffo.png using Guid(89924fd10137de04aa7e7f32cc789d3c) Importer(815301076,1909f56bfc062723c751e8b465ee728b)  -> (artifact id: 'de050dd76c9c8ed38252e29955fef4d6') in 0.043846 seconds 
  Import took 0.051535 seconds .

========================================================================
Received Import Request.
  Time since last request: 0.000323 seconds.
  path: Assets/Sprites/sciarpa.png
  artifactKey: Guid(20aebad21bfa8d8488bca22be763db21) Importer(815301076,1909f56bfc062723c751e8b465ee728b)
Start importing Assets/Sprites/sciarpa.png using Guid(20aebad21bfa8d8488bca22be763db21) Importer(815301076,1909f56bfc062723c751e8b465ee728b)  -> (artifact id: 'e941a1b59112932d6fdf2da408056579') in 0.062371 seconds 
  Import took 0.089586 seconds .

========================================================================
Received Import Request.
  Time since last request: 0.000359 seconds.
  path: Assets/Sprites/scimmia.png
  artifactKey: Guid(e88cc56b007d32d47ae7b4cba9e08e07) Importer(815301076,1909f56bfc062723c751e8b465ee728b)
Start importing Assets/Sprites/scimmia.png using Guid(e88cc56b007d32d47ae7b4cba9e08e07) Importer(815301076,1909f56bfc062723c751e8b465ee728b)  -> (artifact id: '179512abd83df09830e98ca28d4cf488') in 0.023138 seconds 
  Import took 0.050530 seconds .

========================================================================
Received Import Request.
  Time since last request: 0.002149 seconds.
  path: Assets/Sprites/stivale.png
  artifactKey: Guid(a98901a8620fd9848a3bab637c2b295c) Importer(815301076,1909f56bfc062723c751e8b465ee728b)
Start importing Assets/Sprites/stivale.png using Guid(a98901a8620fd9848a3bab637c2b295c) Importer(815301076,1909f56bfc062723c751e8b465ee728b)  -> (artifact id: '8044eea72c2f1c5937cf748c0c4bdd89') in 0.039494 seconds 
  Import took 0.050368 seconds .

========================================================================
Received Import Request.
  Time since last request: 0.000296 seconds.
  path: Assets/Sprites/scoiattolo.png
  artifactKey: Guid(912557ac14ecb914e9265d4a9228c52b) Importer(815301076,1909f56bfc062723c751e8b465ee728b)
Start importing Assets/Sprites/scoiattolo.png using Guid(912557ac14ecb914e9265d4a9228c52b) Importer(815301076,1909f56bfc062723c751e8b465ee728b)  -> (artifact id: 'a5bf2f0e3ee71f2f909fed5d3fbff01d') in 0.030120 seconds 
  Import took 0.067437 seconds .

========================================================================
Received Import Request.
  Time since last request: 0.000304 seconds.
  path: Assets/Sprites/scheletro.png
  artifactKey: Guid(ced1b872be1754c47a7f86176bc72cea) Importer(815301076,1909f56bfc062723c751e8b465ee728b)
Start importing Assets/Sprites/scheletro.png using Guid(ced1b872be1754c47a7f86176bc72cea) Importer(815301076,1909f56bfc062723c751e8b465ee728b)  -> (artifact id: '6787db9d9e1dffdcb3266656a802053c') in 0.180534 seconds 
  Import took 0.203624 seconds .

========================================================================
Received Import Request.
  Time since last request: 0.000476 seconds.
  path: Assets/Sprites/sacco.png
  artifactKey: Guid(b53aa9d988a5d8e4da8463b50fcdd6cf) Importer(815301076,1909f56bfc062723c751e8b465ee728b)
Start importing Assets/Sprites/sacco.png using Guid(b53aa9d988a5d8e4da8463b50fcdd6cf) Importer(815301076,1909f56bfc062723c751e8b465ee728b)  -> (artifact id: 'feb373783835456715044113b44b6f59') in 0.061445 seconds 
  Import took 0.110539 seconds .

========================================================================
Received Import Request.
  Time since last request: 0.000447 seconds.
  path: Assets/Sprites/scacchiera.png
  artifactKey: Guid(80a35b3695d4d274a848892f94e80877) Importer(815301076,1909f56bfc062723c751e8b465ee728b)
Start importing Assets/Sprites/scacchiera.png using Guid(80a35b3695d4d274a848892f94e80877) Importer(815301076,1909f56bfc062723c751e8b465ee728b)  -> (artifact id: '66557063eb3c2da93b0f957d51fb4de4') in 0.079721 seconds 
  Import took 0.101308 seconds .

========================================================================
Received Import Request.
  Time since last request: 0.000261 seconds.
  path: Assets/Sprites/schiuma.png
  artifactKey: Guid(4095a17ce3f86414d99c8270b1e0f60e) Importer(815301076,1909f56bfc062723c751e8b465ee728b)
Start importing Assets/Sprites/schiuma.png using Guid(4095a17ce3f86414d99c8270b1e0f60e) Importer(815301076,1909f56bfc062723c751e8b465ee728b)  -> (artifact id: '0e01b5a93873e343264a310bb473790f') in 0.033619 seconds 
  Import took 0.075737 seconds .

========================================================================
Received Import Request.
  Time since last request: 9.240284 seconds.
  path: Assets/Sounds 2
  artifactKey: Guid(55a21c577e93347e4b4c27864c47293c) Importer(815301076,1909f56bfc062723c751e8b465ee728b)
Start importing Assets/Sounds 2 using Guid(55a21c577e93347e4b4c27864c47293c) Importer(815301076,1909f56bfc062723c751e8b465ee728b)  -> (artifact id: 'e2fc80af28ad8eecfcb7b2d644ad8668') in 0.008152 seconds 
  Import took 0.018946 seconds .

========================================================================
Received Import Request.
  Time since last request: 47.749999 seconds.
  path: Assets/Sounds 2/cuscino.mp3
  artifactKey: Guid(2f6200440a9d2ca4db42f532790e81c6) Importer(815301076,1909f56bfc062723c751e8b465ee728b)
Start importing Assets/Sounds 2/cuscino.mp3 using Guid(2f6200440a9d2ca4db42f532790e81c6) Importer(815301076,1909f56bfc062723c751e8b465ee728b)  -> (artifact id: '525ad5c1bd2482fc8ef8d034df1fa869') in 0.271258 seconds 
  Import took 0.558038 seconds .

========================================================================
Received Import Request.
  Time since last request: 0.000442 seconds.
  path: Assets/Sounds 2/cuccia.mp3
  artifactKey: Guid(b890f60f4d07ad749ba63d8167b527bf) Importer(815301076,1909f56bfc062723c751e8b465ee728b)
Start importing Assets/Sounds 2/cuccia.mp3 using Guid(b890f60f4d07ad749ba63d8167b527bf) Importer(815301076,1909f56bfc062723c751e8b465ee728b)  -> (artifact id: '00c1395b1362b7bf0940cff17e81417b') in 0.038776 seconds 
  Import took 0.045845 seconds .

========================================================================
Received Import Request.
  Time since last request: 0.000358 seconds.
  path: Assets/Sounds 2/cerotto.mp3
  artifactKey: Guid(f02951a72d549df4fb53d4fcd9d35333) Importer(815301076,1909f56bfc062723c751e8b465ee728b)
Start importing Assets/Sounds 2/cerotto.mp3 using Guid(f02951a72d549df4fb53d4fcd9d35333) Importer(815301076,1909f56bfc062723c751e8b465ee728b)  -> (artifact id: '1ff645c69cae94e67e6890c58816d401') in 0.041276 seconds 
  Import took 0.063611 seconds .

========================================================================
Received Import Request.
  Time since last request: 0.000293 seconds.
  path: Assets/Sounds 2/corda.mp3
  artifactKey: Guid(078f9cbad11c4b94b85c281bf2a2ac0e) Importer(815301076,1909f56bfc062723c751e8b465ee728b)
Start importing Assets/Sounds 2/corda.mp3 using Guid(078f9cbad11c4b94b85c281bf2a2ac0e) Importer(815301076,1909f56bfc062723c751e8b465ee728b)  -> (artifact id: '1621984fa4fc8d3e60b4e763ae41dcbf') in 0.032412 seconds 
  Import took 0.066324 seconds .

========================================================================
Received Import Request.
  Time since last request: 0.000342 seconds.
  path: Assets/Sounds 2/chiave.mp3
  artifactKey: Guid(86550de38c4ad854aae57863bdd95831) Importer(815301076,1909f56bfc062723c751e8b465ee728b)
Start importing Assets/Sounds 2/chiave.mp3 using Guid(86550de38c4ad854aae57863bdd95831) Importer(815301076,1909f56bfc062723c751e8b465ee728b)  -> (artifact id: '312d554348e49a47c7f0c0672471ab6a') in 0.017863 seconds 
  Import took 0.070340 seconds .

========================================================================
Received Import Request.
  Time since last request: 0.000963 seconds.
  path: Assets/Sounds 2/cielo.mp3
  artifactKey: Guid(256242bd97874cc4089fed1de07790e1) Importer(815301076,1909f56bfc062723c751e8b465ee728b)
Start importing Assets/Sounds 2/cielo.mp3 using Guid(256242bd97874cc4089fed1de07790e1) Importer(815301076,1909f56bfc062723c751e8b465ee728b)  -> (artifact id: '2eddd1f753a750be75b56c15a687acaf') in 0.027539 seconds 
  Import took 0.058345 seconds .

========================================================================
Received Import Request.
  Time since last request: 0.000231 seconds.
  path: Assets/Sounds 2/coda.mp3
  artifactKey: Guid(b06fa6b2795d9b742883d7c9e7aac8ee) Importer(815301076,1909f56bfc062723c751e8b465ee728b)
Start importing Assets/Sounds 2/coda.mp3 using Guid(b06fa6b2795d9b742883d7c9e7aac8ee) Importer(815301076,1909f56bfc062723c751e8b465ee728b)  -> (artifact id: 'bb4561440acbefca4f4ff2d3758dc625') in 0.017312 seconds 
  Import took 0.024259 seconds .

========================================================================
Received Import Request.
  Time since last request: 0.000231 seconds.
  path: Assets/Sounds 2/cintura.mp3
  artifactKey: Guid(b1738e8df3a11424e92e9f5b6a621bed) Importer(815301076,1909f56bfc062723c751e8b465ee728b)
Start importing Assets/Sounds 2/cintura.mp3 using Guid(b1738e8df3a11424e92e9f5b6a621bed) Importer(815301076,1909f56bfc062723c751e8b465ee728b)  -> (artifact id: '8480ed8d0de242d30c591b6b4c529be5') in 0.036355 seconds 
  Import took 0.056107 seconds .

========================================================================
Received Import Request.
  Time since last request: 0.000355 seconds.
  path: Assets/Sounds 2/chitarra.mp3
  artifactKey: Guid(3eb68b67185b1844fac39ce0c347e3a4) Importer(815301076,1909f56bfc062723c751e8b465ee728b)
Start importing Assets/Sounds 2/chitarra.mp3 using Guid(3eb68b67185b1844fac39ce0c347e3a4) Importer(815301076,1909f56bfc062723c751e8b465ee728b)  -> (artifact id: '6ac2313ae139a399388e711e0d0025ea') in 0.039371 seconds 
  Import took 0.057456 seconds .

========================================================================
Received Import Request.
  Time since last request: 0.000413 seconds.
  path: Assets/Sounds 2/cuore.mp3
  artifactKey: Guid(4f1177a33c1db6b49afbb9c56e980cf4) Importer(815301076,1909f56bfc062723c751e8b465ee728b)
Start importing Assets/Sounds 2/cuore.mp3 using Guid(4f1177a33c1db6b49afbb9c56e980cf4) Importer(815301076,1909f56bfc062723c751e8b465ee728b)  -> (artifact id: '71b884bfcdc887843c9b586813f70a4f') in 0.029938 seconds 
  Import took 0.040359 seconds .

========================================================================
Received Import Request.
  Time since last request: 0.000365 seconds.
  path: Assets/Sounds 2/cigno.mp3
  artifactKey: Guid(c84560ef910371540bfd42217112a4bb) Importer(815301076,1909f56bfc062723c751e8b465ee728b)
Start importing Assets/Sounds 2/cigno.mp3 using Guid(c84560ef910371540bfd42217112a4bb) Importer(815301076,1909f56bfc062723c751e8b465ee728b)  -> (artifact id: 'b8a9eef712a284d3cb1f5e76464fe887') in 0.046074 seconds 
  Import took 0.067309 seconds .

========================================================================
Received Import Request.
  Time since last request: 0.000292 seconds.
  path: Assets/Sounds 2/coccodrillo.mp3
  artifactKey: Guid(dbe994386aee5ee4c8880464be7aa298) Importer(815301076,1909f56bfc062723c751e8b465ee728b)
Start importing Assets/Sounds 2/coccodrillo.mp3 using Guid(dbe994386aee5ee4c8880464be7aa298) Importer(815301076,1909f56bfc062723c751e8b465ee728b)  -> (artifact id: 'aa6b8307ad064edbf62c875766d8dc5c') in 0.028859 seconds 
  Import took 0.036854 seconds .

========================================================================
Received Import Request.
  Time since last request: 0.000300 seconds.
  path: Assets/Sounds 2/cappello.mp3
  artifactKey: Guid(a7b26eceda913134eb4fc9986d03d9ad) Importer(815301076,1909f56bfc062723c751e8b465ee728b)
Start importing Assets/Sounds 2/cappello.mp3 using Guid(a7b26eceda913134eb4fc9986d03d9ad) Importer(815301076,1909f56bfc062723c751e8b465ee728b)  -> (artifact id: '74fd122ec9e0459357fe796a27fb8cfd') in 0.023335 seconds 
  Import took 0.047857 seconds .

========================================================================
Received Import Request.
  Time since last request: 0.000347 seconds.
  path: Assets/Sounds 2/cipolla.mp3
  artifactKey: Guid(2e7a27268217d364a8808e0463fbaa00) Importer(815301076,1909f56bfc062723c751e8b465ee728b)
Start importing Assets/Sounds 2/cipolla.mp3 using Guid(2e7a27268217d364a8808e0463fbaa00) Importer(815301076,1909f56bfc062723c751e8b465ee728b)  -> (artifact id: '3a6c29dc0060d0eab5f40a79a8bdb1ac') in 0.123530 seconds 
  Import took 0.196948 seconds .

========================================================================
Received Import Request.
  Time since last request: 0.000167 seconds.
  path: Assets/Sounds 2/ciabatta.mp3
  artifactKey: Guid(cf5d9fb494a772042b30a92d2ad44baa) Importer(815301076,1909f56bfc062723c751e8b465ee728b)
Start importing Assets/Sounds 2/ciabatta.mp3 using Guid(cf5d9fb494a772042b30a92d2ad44baa) Importer(815301076,1909f56bfc062723c751e8b465ee728b)  -> (artifact id: 'dfd9b54ba2fce6303a09cb2a0a317cd7') in 0.031281 seconds 
  Import took 0.113770 seconds .

========================================================================
Received Import Request.
  Time since last request: 0.000326 seconds.
  path: Assets/Sounds 2/corvo.mp3
  artifactKey: Guid(c66ff019cb5c3284ab5b97339d95f634) Importer(815301076,1909f56bfc062723c751e8b465ee728b)
Start importing Assets/Sounds 2/corvo.mp3 using Guid(c66ff019cb5c3284ab5b97339d95f634) Importer(815301076,1909f56bfc062723c751e8b465ee728b)  -> (artifact id: '0d6cbb3d5c8325f964c42c0dcab6dbdd') in 0.070260 seconds 
  Import took 0.089511 seconds .

========================================================================
Received Import Request.
  Time since last request: 0.000337 seconds.
  path: Assets/Sounds 2/cane.mp3
  artifactKey: Guid(8ac72fa6c88f361419460b20ceccb4f6) Importer(815301076,1909f56bfc062723c751e8b465ee728b)
Start importing Assets/Sounds 2/cane.mp3 using Guid(8ac72fa6c88f361419460b20ceccb4f6) Importer(815301076,1909f56bfc062723c751e8b465ee728b)  -> (artifact id: '054595d53ed1b86061a696e236426f23') in 0.033441 seconds 
  Import took 0.044507 seconds .

========================================================================
Received Import Request.
  Time since last request: 0.000950 seconds.
  path: Assets/Sounds 2/castagna.mp3
  artifactKey: Guid(9dbe9aeb59d1a7046931568ed8b3791d) Importer(815301076,1909f56bfc062723c751e8b465ee728b)
Start importing Assets/Sounds 2/castagna.mp3 using Guid(9dbe9aeb59d1a7046931568ed8b3791d) Importer(815301076,1909f56bfc062723c751e8b465ee728b)  -> (artifact id: '59b8b106f689c935c9c55826ee209163') in 0.031285 seconds 
  Import took 0.043605 seconds .

========================================================================
Received Import Request.
  Time since last request: 0.000344 seconds.
  path: Assets/Sounds 2/cozza.mp3
  artifactKey: Guid(0a0609a0838a93c42b99529e0fe79c61) Importer(815301076,1909f56bfc062723c751e8b465ee728b)
Start importing Assets/Sounds 2/cozza.mp3 using Guid(0a0609a0838a93c42b99529e0fe79c61) Importer(815301076,1909f56bfc062723c751e8b465ee728b)  -> (artifact id: '16b57e78515087a8e8080b82516767b5') in 0.045415 seconds 
  Import took 0.072731 seconds .

========================================================================
Received Import Request.
  Time since last request: 0.000478 seconds.
  path: Assets/Sounds 2/chiodi.mp3
  artifactKey: Guid(add253ead7252c548993229181f7074c) Importer(815301076,1909f56bfc062723c751e8b465ee728b)
Start importing Assets/Sounds 2/chiodi.mp3 using Guid(add253ead7252c548993229181f7074c) Importer(815301076,1909f56bfc062723c751e8b465ee728b)  -> (artifact id: '3d8df752ceabbc3fd687783753d68330') in 0.042894 seconds 
  Import took 0.057958 seconds .

========================================================================
Received Import Request.
  Time since last request: 0.000255 seconds.
  path: Assets/Sounds 2/coccinella.mp3
  artifactKey: Guid(9adb3269f80070942bcff75f71584d55) Importer(815301076,1909f56bfc062723c751e8b465ee728b)
Start importing Assets/Sounds 2/coccinella.mp3 using Guid(9adb3269f80070942bcff75f71584d55) Importer(815301076,1909f56bfc062723c751e8b465ee728b)  -> (artifact id: '39f92594434aabab7c3e4a0ef1c7bc2a') in 0.041249 seconds 
  Import took 0.065515 seconds .

========================================================================
Received Import Request.
  Time since last request: 0.000286 seconds.
  path: Assets/Sounds 2/cavalli.mp3
  artifactKey: Guid(0224634d60065654ba9a2dc8f54d0312) Importer(815301076,1909f56bfc062723c751e8b465ee728b)
Start importing Assets/Sounds 2/cavalli.mp3 using Guid(0224634d60065654ba9a2dc8f54d0312) Importer(815301076,1909f56bfc062723c751e8b465ee728b)  -> (artifact id: 'fc55fc15cceb5cd6a65f14afb1d9940a') in 0.067596 seconds 
  Import took 0.092513 seconds .

========================================================================
Received Import Request.
  Time since last request: 0.000288 seconds.
  path: Assets/Sounds 2/collo.mp3
  artifactKey: Guid(07c4746325848794491d83c3ba93912e) Importer(815301076,1909f56bfc062723c751e8b465ee728b)
Start importing Assets/Sounds 2/collo.mp3 using Guid(07c4746325848794491d83c3ba93912e) Importer(815301076,1909f56bfc062723c751e8b465ee728b)  -> (artifact id: '2da11780a350b318ccc800f073f96626') in 0.099501 seconds 
  Import took 0.172405 seconds .

========================================================================
Received Import Request.
  Time since last request: 0.000145 seconds.
  path: Assets/Sounds 2/cellula.mp3
  artifactKey: Guid(b769000c2050abe4e9107e6fcef517a6) Importer(815301076,1909f56bfc062723c751e8b465ee728b)
Start importing Assets/Sounds 2/cellula.mp3 using Guid(b769000c2050abe4e9107e6fcef517a6) Importer(815301076,1909f56bfc062723c751e8b465ee728b)  -> (artifact id: '9049edd1935517f067c937bf9250cbc1') in 0.034736 seconds 
  Import took 0.162748 seconds .

========================================================================
Received Import Request.
  Time since last request: 0.000383 seconds.
  path: Assets/Sounds 2/cicogna.mp3
  artifactKey: Guid(e7d6863039b522540b17f0bc2272fe86) Importer(815301076,1909f56bfc062723c751e8b465ee728b)
Start importing Assets/Sounds 2/cicogna.mp3 using Guid(e7d6863039b522540b17f0bc2272fe86) Importer(815301076,1909f56bfc062723c751e8b465ee728b)  -> (artifact id: '5f72a9b23705fdab0ec385339ac8e716') in 0.027245 seconds 
  Import took 0.080151 seconds .

========================================================================
Received Import Request.
  Time since last request: 0.000338 seconds.
  path: Assets/Sounds 2/cervello.mp3
  artifactKey: Guid(44aec31c9204eb74289f2cd212cad0a2) Importer(815301076,1909f56bfc062723c751e8b465ee728b)
Start importing Assets/Sounds 2/cervello.mp3 using Guid(44aec31c9204eb74289f2cd212cad0a2) Importer(815301076,1909f56bfc062723c751e8b465ee728b)  -> (artifact id: '383c1792db4be4da2c1c4e4cb0390cab') in 0.034123 seconds 
  Import took 0.065781 seconds .

========================================================================
Received Import Request.
  Time since last request: 0.000549 seconds.
  path: Assets/Sounds 2/case.mp3
  artifactKey: Guid(94ec072aac147754b9c943e38db5806d) Importer(815301076,1909f56bfc062723c751e8b465ee728b)
Start importing Assets/Sounds 2/case.mp3 using Guid(94ec072aac147754b9c943e38db5806d) Importer(815301076,1909f56bfc062723c751e8b465ee728b)  -> (artifact id: '4e29b5c1e1bd0f2d06f8e97634d5f0cf') in 0.020667 seconds 
  Import took 0.048708 seconds .

========================================================================
Received Import Request.
  Time since last request: 0.001017 seconds.
  path: Assets/Sounds 2/cinghiale.mp3
  artifactKey: Guid(55d229c3e89f6774292fdff462b5455e) Importer(815301076,1909f56bfc062723c751e8b465ee728b)
Start importing Assets/Sounds 2/cinghiale.mp3 using Guid(55d229c3e89f6774292fdff462b5455e) Importer(815301076,1909f56bfc062723c751e8b465ee728b)  -> (artifact id: 'f32ba72203281c86519168113c31bbfd') in 0.018830 seconds 
  Import took 0.028590 seconds .

========================================================================
Received Import Request.
  Time since last request: 3.974172 seconds.
  path: Assets/Sounds 3
  artifactKey: Guid(1d7084a0a349e4568b8f043b5d272ced) Importer(815301076,1909f56bfc062723c751e8b465ee728b)
Start importing Assets/Sounds 3 using Guid(1d7084a0a349e4568b8f043b5d272ced) Importer(815301076,1909f56bfc062723c751e8b465ee728b)  -> (artifact id: '6abefef08e5606088a27d29f2f4899e8') in 0.006645 seconds 
  Import took 0.014116 seconds .

========================================================================
Received Import Request.
  Time since last request: 21.149490 seconds.
  path: Assets/Sounds 3/suora.mp3
  artifactKey: Guid(43744183253ebcb4b83581ddac2b55ab) Importer(815301076,1909f56bfc062723c751e8b465ee728b)
Start importing Assets/Sounds 3/suora.mp3 using Guid(43744183253ebcb4b83581ddac2b55ab) Importer(815301076,1909f56bfc062723c751e8b465ee728b)  -> (artifact id: '32b5faf1a1fc4960bf069c67cc467226') in 0.031482 seconds 
  Import took 0.100130 seconds .

========================================================================
Received Import Request.
  Time since last request: 0.000344 seconds.
  path: Assets/Sounds 3/sciarpa.mp3
  artifactKey: Guid(302df14b0ea00a34ba57e564e0dd5397) Importer(815301076,1909f56bfc062723c751e8b465ee728b)
Start importing Assets/Sounds 3/sciarpa.mp3 using Guid(302df14b0ea00a34ba57e564e0dd5397) Importer(815301076,1909f56bfc062723c751e8b465ee728b)  -> (artifact id: '5382676b6ba5e27b30567f80051f75a0') in 0.067160 seconds 
  Import took 0.083649 seconds .

========================================================================
Received Import Request.
  Time since last request: 0.000111 seconds.
  path: Assets/Sounds 3/struzzo.mp3
  artifactKey: Guid(14f6dbbdcd02d6847b1d1ace39ca889b) Importer(815301076,1909f56bfc062723c751e8b465ee728b)
Start importing Assets/Sounds 3/struzzo.mp3 using Guid(14f6dbbdcd02d6847b1d1ace39ca889b) Importer(815301076,1909f56bfc062723c751e8b465ee728b)  -> (artifact id: '7f0f64f7cde78d019a26cafbc53d39c4') in 0.056369 seconds 
  Import took 0.093509 seconds .

========================================================================
Received Import Request.
  Time since last request: 0.001201 seconds.
  path: Assets/Sounds 3/schiuma.mp3
  artifactKey: Guid(839483b7cc440d246b7abd4c0139e2d0) Importer(815301076,1909f56bfc062723c751e8b465ee728b)
Start importing Assets/Sounds 3/schiuma.mp3 using Guid(839483b7cc440d246b7abd4c0139e2d0) Importer(815301076,1909f56bfc062723c751e8b465ee728b)  -> (artifact id: 'b7b146172d01ceda263ce5e174c0af92') in 0.181195 seconds 
  Import took 0.210686 seconds .

========================================================================
Received Import Request.
  Time since last request: 0.000312 seconds.
  path: Assets/Sounds 3/sedia.mp3
  artifactKey: Guid(6cc93ac3f51088b428e00c37bca63c5f) Importer(815301076,1909f56bfc062723c751e8b465ee728b)
Start importing Assets/Sounds 3/sedia.mp3 using Guid(6cc93ac3f51088b428e00c37bca63c5f) Importer(815301076,1909f56bfc062723c751e8b465ee728b)  -> (artifact id: 'bbf9deb882a64c52bf530f5cbb728d41') in 0.079945 seconds 
  Import took 0.106375 seconds .

========================================================================
Received Import Request.
  Time since last request: 0.000327 seconds.
  path: Assets/Sounds 3/sole.mp3
  artifactKey: Guid(0c02479a8317e6b41ae92edad19fc4f3) Importer(815301076,1909f56bfc062723c751e8b465ee728b)
Start importing Assets/Sounds 3/sole.mp3 using Guid(0c02479a8317e6b41ae92edad19fc4f3) Importer(815301076,1909f56bfc062723c751e8b465ee728b)  -> (artifact id: '709c6c645af630d107629f0e6e191a33') in 0.025294 seconds 
  Import took 0.040130 seconds .

========================================================================
Received Import Request.
  Time since last request: 0.000438 seconds.
  path: Assets/Sounds 3/scimmia.mp3
  artifactKey: Guid(fb48eba692528244b867584b28d226e9) Importer(815301076,1909f56bfc062723c751e8b465ee728b)
Start importing Assets/Sounds 3/scimmia.mp3 using Guid(fb48eba692528244b867584b28d226e9) Importer(815301076,1909f56bfc062723c751e8b465ee728b)  -> (artifact id: '0c44be70509e3f0cc351b78193e173d1') in 0.039922 seconds 
  Import took 0.079094 seconds .

========================================================================
Received Import Request.
  Time since last request: 0.000303 seconds.
  path: Assets/Sounds 3/soldato.mp3
  artifactKey: Guid(2a9790e08b4874b49a0eda549aa38bc2) Importer(815301076,1909f56bfc062723c751e8b465ee728b)
Start importing Assets/Sounds 3/soldato.mp3 using Guid(2a9790e08b4874b49a0eda549aa38bc2) Importer(815301076,1909f56bfc062723c751e8b465ee728b)  -> (artifact id: 'a2f815cdc995ddbba92ccc810cd24f0e') in 0.032865 seconds 
  Import took 0.041485 seconds .

========================================================================
Received Import Request.
  Time since last request: 0.000244 seconds.
  path: Assets/Sounds 3/salami.mp3
  artifactKey: Guid(9bdccd13bbee23249927fb59ed953da2) Importer(815301076,1909f56bfc062723c751e8b465ee728b)
Start importing Assets/Sounds 3/salami.mp3 using Guid(9bdccd13bbee23249927fb59ed953da2) Importer(815301076,1909f56bfc062723c751e8b465ee728b)  -> (artifact id: '7946549f0ca2874a5fc63f2655e749db') in 0.022519 seconds 
  Import took 0.036085 seconds .

========================================================================
Received Import Request.
  Time since last request: 0.000279 seconds.
  path: Assets/Sounds 3/scorpione.mp3
  artifactKey: Guid(2b862060206abc748b03315ebc182e50) Importer(815301076,1909f56bfc062723c751e8b465ee728b)
Start importing Assets/Sounds 3/scorpione.mp3 using Guid(2b862060206abc748b03315ebc182e50) Importer(815301076,1909f56bfc062723c751e8b465ee728b)  -> (artifact id: 'a0b8c92bae486de388b4fec32a422acd') in 0.019663 seconds 
  Import took 0.034099 seconds .

========================================================================
Received Import Request.
  Time since last request: 0.000282 seconds.
  path: Assets/Sounds 3/sapone.mp3
  artifactKey: Guid(1f0cbd44609e1bf468028bd8262112b9) Importer(815301076,1909f56bfc062723c751e8b465ee728b)
Start importing Assets/Sounds 3/sapone.mp3 using Guid(1f0cbd44609e1bf468028bd8262112b9) Importer(815301076,1909f56bfc062723c751e8b465ee728b)  -> (artifact id: '4a93f71ddfae1cb9662eff854ba21d14') in 0.026313 seconds 
  Import took 0.037040 seconds .

========================================================================
Received Import Request.
  Time since last request: 0.000494 seconds.
  path: Assets/Sounds 3/secchio.mp3
  artifactKey: Guid(582a85c9c585b524e975e2f269dd0352) Importer(815301076,1909f56bfc062723c751e8b465ee728b)
Start importing Assets/Sounds 3/secchio.mp3 using Guid(582a85c9c585b524e975e2f269dd0352) Importer(815301076,1909f56bfc062723c751e8b465ee728b)  -> (artifact id: '9f9e8c7957577f02d2a386a9b82780e4') in 0.024222 seconds 
  Import took 0.036821 seconds .

========================================================================
Received Import Request.
  Time since last request: 0.000481 seconds.
  path: Assets/Sounds 3/siringa.mp3
  artifactKey: Guid(b3aa6aad440d70743912ad55dc8802f1) Importer(815301076,1909f56bfc062723c751e8b465ee728b)
Start importing Assets/Sounds 3/siringa.mp3 using Guid(b3aa6aad440d70743912ad55dc8802f1) Importer(815301076,1909f56bfc062723c751e8b465ee728b)  -> (artifact id: '81b208af91d7d92cdd57f24147831cb1') in 0.025642 seconds 
  Import took 0.036504 seconds .

========================================================================
Received Import Request.
  Time since last request: 0.000275 seconds.
  path: Assets/Sounds 3/scheletro.mp3
  artifactKey: Guid(4567c6d411eda1f4fb3799a998e580c1) Importer(815301076,1909f56bfc062723c751e8b465ee728b)
Start importing Assets/Sounds 3/scheletro.mp3 using Guid(4567c6d411eda1f4fb3799a998e580c1) Importer(815301076,1909f56bfc062723c751e8b465ee728b)  -> (artifact id: 'fffd31f228b146dca29bc6ef12ef8c85') in 0.030659 seconds 
  Import took 0.060433 seconds .

========================================================================
Received Import Request.
  Time since last request: 0.000279 seconds.
  path: Assets/Sounds 3/spaghetti.mp3
  artifactKey: Guid(8d07d18b85cdabd4d94149d2ea2c5de1) Importer(815301076,1909f56bfc062723c751e8b465ee728b)
Start importing Assets/Sounds 3/spaghetti.mp3 using Guid(8d07d18b85cdabd4d94149d2ea2c5de1) Importer(815301076,1909f56bfc062723c751e8b465ee728b)  -> (artifact id: '0fecb34709df1bc162a2d26b241bddad') in 0.021909 seconds 
  Import took 0.030354 seconds .

========================================================================
Received Import Request.
  Time since last request: 0.000396 seconds.
  path: Assets/Sounds 3/scatola.mp3
  artifactKey: Guid(131d6facb04b7c649b5f2acc83554237) Importer(815301076,1909f56bfc062723c751e8b465ee728b)
Start importing Assets/Sounds 3/scatola.mp3 using Guid(131d6facb04b7c649b5f2acc83554237) Importer(815301076,1909f56bfc062723c751e8b465ee728b)  -> (artifact id: '19ba588c3cf36a421adb4f90d4c0d75c') in 0.037437 seconds 
  Import took 0.066111 seconds .

========================================================================
Received Import Request.
  Time since last request: 0.000396 seconds.
  path: Assets/Sounds 3/semaforo.mp3
  artifactKey: Guid(8377efeb6013998428e0ba82e2329e29) Importer(815301076,1909f56bfc062723c751e8b465ee728b)
Start importing Assets/Sounds 3/semaforo.mp3 using Guid(8377efeb6013998428e0ba82e2329e29) Importer(815301076,1909f56bfc062723c751e8b465ee728b)  -> (artifact id: '3fa4c261e7db7bdf9c27664b85edf62b') in 0.020118 seconds 
  Import took 0.033343 seconds .

========================================================================
Received Import Request.
  Time since last request: 0.000310 seconds.
  path: Assets/Sounds 3/smalto.mp3
  artifactKey: Guid(b4f2d95b748210940b17e9567b2037b3) Importer(815301076,1909f56bfc062723c751e8b465ee728b)
Start importing Assets/Sounds 3/smalto.mp3 using Guid(b4f2d95b748210940b17e9567b2037b3) Importer(815301076,1909f56bfc062723c751e8b465ee728b)  -> (artifact id: '865ff5dbf6493401edceeb22b1ff8220') in 0.033762 seconds 
  Import took 0.041857 seconds .

========================================================================
Received Import Request.
  Time since last request: 0.001098 seconds.
  path: Assets/Sounds 3/stivale.mp3
  artifactKey: Guid(d9dd81b8cf79a3e4ebe431e25349e32d) Importer(815301076,1909f56bfc062723c751e8b465ee728b)
Start importing Assets/Sounds 3/stivale.mp3 using Guid(d9dd81b8cf79a3e4ebe431e25349e32d) Importer(815301076,1909f56bfc062723c751e8b465ee728b)  -> (artifact id: 'a53996833f5c481802897bcbdeef01e0') in 0.023984 seconds 
  Import took 0.044397 seconds .

========================================================================
Received Import Request.
  Time since last request: 0.001120 seconds.
  path: Assets/Sounds 3/salsiccia.mp3
  artifactKey: Guid(29f0360a1dd1a17468f2f0b46bb5b0a8) Importer(815301076,1909f56bfc062723c751e8b465ee728b)
Start importing Assets/Sounds 3/salsiccia.mp3 using Guid(29f0360a1dd1a17468f2f0b46bb5b0a8) Importer(815301076,1909f56bfc062723c751e8b465ee728b)  -> (artifact id: '3a4ee69682ff1a110c3af327756f74da') in 0.033911 seconds 
  Import took 0.041354 seconds .

========================================================================
Received Import Request.
  Time since last request: 0.000307 seconds.
  path: Assets/Sounds 3/sughero.mp3
  artifactKey: Guid(3a0448bb3326c9a48b933a00ce7dad00) Importer(815301076,1909f56bfc062723c751e8b465ee728b)
Start importing Assets/Sounds 3/sughero.mp3 using Guid(3a0448bb3326c9a48b933a00ce7dad00) Importer(815301076,1909f56bfc062723c751e8b465ee728b)  -> (artifact id: 'e114f9ed3c5d0541cb2486651a3959a4') in 0.033704 seconds 
  Import took 0.059861 seconds .

========================================================================
Received Import Request.
  Time since last request: 0.000343 seconds.
  path: Assets/Sounds 3/stella.mp3
  artifactKey: Guid(69defcc92c8be49469fc07dcf754d8a4) Importer(815301076,1909f56bfc062723c751e8b465ee728b)
Start importing Assets/Sounds 3/stella.mp3 using Guid(69defcc92c8be49469fc07dcf754d8a4) Importer(815301076,1909f56bfc062723c751e8b465ee728b)  -> (artifact id: '25ec0c19af73703364ab18ccd1dfeb5b') in 0.027513 seconds 
  Import took 0.036686 seconds .

========================================================================
Received Import Request.
  Time since last request: 0.000311 seconds.
  path: Assets/Sounds 3/strada.mp3
  artifactKey: Guid(0b20d4599da869048ac3e595085e1a35) Importer(815301076,1909f56bfc062723c751e8b465ee728b)
Start importing Assets/Sounds 3/strada.mp3 using Guid(0b20d4599da869048ac3e595085e1a35) Importer(815301076,1909f56bfc062723c751e8b465ee728b)  -> (artifact id: 'ff37497d6ec5f9eabf7a735392caf2da') in 0.019086 seconds 
  Import took 0.027464 seconds .

========================================================================
Received Import Request.
  Time since last request: 0.000318 seconds.
  path: Assets/Sounds 3/scacchiera.mp3
  artifactKey: Guid(5566f77f4bfe22c4190b14ff70b8b151) Importer(815301076,1909f56bfc062723c751e8b465ee728b)
Start importing Assets/Sounds 3/scacchiera.mp3 using Guid(5566f77f4bfe22c4190b14ff70b8b151) Importer(815301076,1909f56bfc062723c751e8b465ee728b)  -> (artifact id: 'f7e87c5b6aab3ae7bd06d437f7503f61') in 0.026189 seconds 
  Import took 0.071333 seconds .

========================================================================
Received Import Request.
  Time since last request: 0.000401 seconds.
  path: Assets/Sounds 3/scarpe.mp3
  artifactKey: Guid(fc28f6878ca86e247a84d98c3c0e3c17) Importer(815301076,1909f56bfc062723c751e8b465ee728b)
Start importing Assets/Sounds 3/scarpe.mp3 using Guid(fc28f6878ca86e247a84d98c3c0e3c17) Importer(815301076,1909f56bfc062723c751e8b465ee728b)  -> (artifact id: '9a0fb21109a53038e8b8dcb8680f19a6') in 0.025152 seconds 
  Import took 0.035226 seconds .

========================================================================
Received Import Request.
  Time since last request: 0.000243 seconds.
  path: Assets/Sounds 3/salvadanaio.mp3
  artifactKey: Guid(77b4243d17716174f9b1a325ab5aa8b3) Importer(815301076,1909f56bfc062723c751e8b465ee728b)
Start importing Assets/Sounds 3/salvadanaio.mp3 using Guid(77b4243d17716174f9b1a325ab5aa8b3) Importer(815301076,1909f56bfc062723c751e8b465ee728b)  -> (artifact id: '37a2d4372a3243e2f611bde8064e09dd') in 0.026780 seconds 
  Import took 0.035339 seconds .

========================================================================
Received Import Request.
  Time since last request: 0.000275 seconds.
  path: Assets/Sounds 3/stagno.mp3
  artifactKey: Guid(1da6cac18ad727540838daabc1dfc748) Importer(815301076,1909f56bfc062723c751e8b465ee728b)
Start importing Assets/Sounds 3/stagno.mp3 using Guid(1da6cac18ad727540838daabc1dfc748) Importer(815301076,1909f56bfc062723c751e8b465ee728b)  -> (artifact id: '1a5f08d0a7decdbfb76189099b2ebed8') in 0.160406 seconds 
  Import took 0.179914 seconds .

========================================================================
Received Import Request.
  Time since last request: 0.000270 seconds.
  path: Assets/Sounds 3/scudo.mp3
  artifactKey: Guid(8acf8b3d03a70f84fa9d7f827c5c1895) Importer(815301076,1909f56bfc062723c751e8b465ee728b)
Start importing Assets/Sounds 3/scudo.mp3 using Guid(8acf8b3d03a70f84fa9d7f827c5c1895) Importer(815301076,1909f56bfc062723c751e8b465ee728b)  -> (artifact id: 'b69f4600b8add06454b4eea2820b8082') in 0.059630 seconds 
  Import took 0.076492 seconds .

========================================================================
Received Import Request.
  Time since last request: 0.000432 seconds.
  path: Assets/Sounds 3/scopa.mp3
  artifactKey: Guid(5baca34ee97b35e4bb932c5053248d28) Importer(815301076,1909f56bfc062723c751e8b465ee728b)
Start importing Assets/Sounds 3/scopa.mp3 using Guid(5baca34ee97b35e4bb932c5053248d28) Importer(815301076,1909f56bfc062723c751e8b465ee728b)  -> (artifact id: 'afc90655b43c827dd8a18f491628c18a') in 0.036805 seconds 
  Import took 0.119540 seconds .

========================================================================
Received Import Request.
  Time since last request: 0.000283 seconds.
  path: Assets/Sounds 3/sceriffo.mp3
  artifactKey: Guid(fab8ea2ad59c88e4b8b1db5de42cd78d) Importer(815301076,1909f56bfc062723c751e8b465ee728b)
Start importing Assets/Sounds 3/sceriffo.mp3 using Guid(fab8ea2ad59c88e4b8b1db5de42cd78d) Importer(815301076,1909f56bfc062723c751e8b465ee728b)  -> (artifact id: '9ae1ab8fddfb84469755aff5ef495ac5') in 0.082892 seconds 
  Import took 0.191291 seconds .

========================================================================
Received Import Request.
  Time since last request: 0.000348 seconds.
  path: Assets/Sounds 3/scoiattolo.mp3
  artifactKey: Guid(b8e0a1e39ccc898489a5b49bd0963e4b) Importer(815301076,1909f56bfc062723c751e8b465ee728b)
Start importing Assets/Sounds 3/scoiattolo.mp3 using Guid(b8e0a1e39ccc898489a5b49bd0963e4b) Importer(815301076,1909f56bfc062723c751e8b465ee728b)  -> (artifact id: 'a7b23d6bda2334d8adb72d849af1b191') in 0.016158 seconds 
  Import took 0.278103 seconds .

========================================================================
Received Import Request.
  Time since last request: 0.001686 seconds.
  path: Assets/Sounds 3/streghe.mp3
  artifactKey: Guid(9d716ad3e691895498f5dd7b3449b4fb) Importer(815301076,1909f56bfc062723c751e8b465ee728b)
Start importing Assets/Sounds 3/streghe.mp3 using Guid(9d716ad3e691895498f5dd7b3449b4fb) Importer(815301076,1909f56bfc062723c751e8b465ee728b)  -> (artifact id: '99e5109bd075a553b87ec979e35bb4e7') in 0.111119 seconds 
  Import took 0.133036 seconds .

========================================================================
Received Import Request.
  Time since last request: 0.000278 seconds.
  path: Assets/Sounds 3/sasso.mp3
  artifactKey: Guid(369d2708e8a72e340ab7e5e8247b85e4) Importer(815301076,1909f56bfc062723c751e8b465ee728b)
Start importing Assets/Sounds 3/sasso.mp3 using Guid(369d2708e8a72e340ab7e5e8247b85e4) Importer(815301076,1909f56bfc062723c751e8b465ee728b)  -> (artifact id: '210a9177a9fe8422250d2b714811a021') in 0.018756 seconds 
  Import took 0.085986 seconds .

========================================================================
Received Import Request.
  Time since last request: 0.001100 seconds.
  path: Assets/Sounds 3/suola.mp3
  artifactKey: Guid(96b60cbf9aa7410468402a13976c5ec9) Importer(815301076,1909f56bfc062723c751e8b465ee728b)
Start importing Assets/Sounds 3/suola.mp3 using Guid(96b60cbf9aa7410468402a13976c5ec9) Importer(815301076,1909f56bfc062723c751e8b465ee728b)  -> (artifact id: '7f2c1451675fa1fe30595391ab9d5f70') in 0.039666 seconds 
  Import took 0.046878 seconds .

