Using pre-set license
Built from '2020.3/staging' branch; Version is '2020.3.21f1 (a38c86f6690f) revision 10718342'; Using compiler version '192528614'; Build Type 'Release'
OS: 'Windows 10 Pro; OS build 19042.1348; Version 2009; 64bit' Language: 'en' Physical Memory: 8082 MB
BatchMode: 1, IsHumanControllingUs: 0, StartBugReporterOnCrash: 0, Is64bit: 1, IsPro: 0

COMMAND LINE ARGUMENTS:
C:\Program Files\Unity\Hub\Editor\2020.3.21f1\Editor\Unity.exe
-adb2
-batchMode
-noUpm
-name
AssetImportWorker0
-projectPath
C:/Users/user/EducationalSpaceGame
-logFile
Logs/AssetImportWorker0.log
-srvPort
51272
Successfully changed project path to: C:/Users/user/EducationalSpaceGame
C:/Users/user/EducationalSpaceGame
Using Asset Import Pipeline V2.
Refreshing native plugins compatible for Editor in 141.64 ms, found 3 plugins.
Preloading 0 native plugins for Editor in 0.00 ms.
Initialize engine version: 2020.3.21f1 (a38c86f6690f)
[Subsystems] Discovering subsystems at path C:/Program Files/Unity/Hub/Editor/2020.3.21f1/Editor/Data/Resources/UnitySubsystems
[Subsystems] Discovering subsystems at path C:/Users/user/EducationalSpaceGame/Assets
GfxDevice: creating device client; threaded=0
Direct3D:
    Version:  Direct3D 11.0 [level 11.1]
    Renderer: Intel(R) HD Graphics 5500 (ID=0x1616)
    Vendor:   
    VRAM:     4041 MB
    Driver:   20.19.15.4835
Initialize mono
Mono path[0] = 'C:/Program Files/Unity/Hub/Editor/2020.3.21f1/Editor/Data/Managed'
Mono path[1] = 'C:/Program Files/Unity/Hub/Editor/2020.3.21f1/Editor/Data/MonoBleedingEdge/lib/mono/unityjit'
Mono config path = 'C:/Program Files/Unity/Hub/Editor/2020.3.21f1/Editor/Data/MonoBleedingEdge/etc'
Using monoOptions --debugger-agent=transport=dt_socket,embedding=1,server=y,suspend=n,address=127.0.0.1:56532
Begin MonoManager ReloadAssembly
Registering precompiled unity dll's ...
Register platform support module: C:/Program Files/Unity/Hub/Editor/2020.3.21f1/Editor/Data/PlaybackEngines/WindowsStandaloneSupport/UnityEditor.WindowsStandalone.Extensions.dll
Registered in 0.005893 seconds.
Native extension for WindowsStandalone target not found
Refreshing native plugins compatible for Editor in 83.14 ms, found 3 plugins.
Preloading 0 native plugins for Editor in 0.00 ms.
Mono: successfully reloaded assembly
- Completed reload, in  2.510 seconds
Domain Reload Profiling:
	ReloadAssembly (2511ms)
		BeginReloadAssembly (213ms)
			ExecutionOrderSort (0ms)
			DisableScriptedObjects (0ms)
			BackupInstance (0ms)
			ReleaseScriptingObjects (0ms)
			CreateAndSetChildDomain (2ms)
		EndReloadAssembly (822ms)
			LoadAssemblies (206ms)
			RebuildTransferFunctionScriptingTraits (0ms)
			SetupTypeCache (302ms)
			ReleaseScriptCaches (0ms)
			RebuildScriptCaches (54ms)
			SetupLoadedEditorAssemblies (293ms)
				LogAssemblyErrors (0ms)
				InitializePlatformSupportModulesInManaged (6ms)
				SetLoadedEditorAssemblies (0ms)
				RefreshPlugins (83ms)
				BeforeProcessingInitializeOnLoad (18ms)
				ProcessInitializeOnLoadAttributes (141ms)
				ProcessInitializeOnLoadMethodAttributes (44ms)
				AfterProcessingInitializeOnLoad (0ms)
				EditorAssembliesLoaded (0ms)
			ExecutionOrderSort2 (0ms)
			AwakeInstancesAfterBackupRestoration (0ms)
Platform modules already initialized, skipping
Registering precompiled user dll's ...
Registered in 0.011976 seconds.
Begin MonoManager ReloadAssembly
Native extension for WindowsStandalone target not found
Refreshing native plugins compatible for Editor in 86.77 ms, found 3 plugins.
Preloading 0 native plugins for Editor in 0.00 ms.
Mono: successfully reloaded assembly
- Completed reload, in  2.319 seconds
Domain Reload Profiling:
	ReloadAssembly (2320ms)
		BeginReloadAssembly (337ms)
			ExecutionOrderSort (0ms)
			DisableScriptedObjects (10ms)
			BackupInstance (0ms)
			ReleaseScriptingObjects (0ms)
			CreateAndSetChildDomain (32ms)
		EndReloadAssembly (1838ms)
			LoadAssemblies (203ms)
			RebuildTransferFunctionScriptingTraits (0ms)
			SetupTypeCache (610ms)
			ReleaseScriptCaches (1ms)
			RebuildScriptCaches (85ms)
			SetupLoadedEditorAssemblies (746ms)
				LogAssemblyErrors (0ms)
				InitializePlatformSupportModulesInManaged (6ms)
				SetLoadedEditorAssemblies (0ms)
				RefreshPlugins (87ms)
				BeforeProcessingInitializeOnLoad (190ms)
				ProcessInitializeOnLoadAttributes (416ms)
				ProcessInitializeOnLoadMethodAttributes (29ms)
				AfterProcessingInitializeOnLoad (17ms)
				EditorAssembliesLoaded (0ms)
			ExecutionOrderSort2 (0ms)
			AwakeInstancesAfterBackupRestoration (11ms)
Platform modules already initialized, skipping
========================================================================
Worker process is ready to serve import requests
Launched and connected shader compiler UnityShaderCompiler.exe after 0.13 seconds
Refreshing native plugins compatible for Editor in 1.07 ms, found 3 plugins.
Preloading 0 native plugins for Editor in 0.00 ms.
Unloading 2205 Unused Serialized files (Serialized files now loaded: 0)
System memory in use before: 96.1 MB.
System memory in use after: 96.2 MB.

Unloading 28 unused Assets to reduce memory usage. Loaded Objects now: 2639.
Total: 4.376000 ms (FindLiveObjects: 0.493600 ms CreateObjectMapping: 0.234400 ms MarkObjects: 3.557400 ms  DeleteObjects: 0.089000 ms)

AssetImportParameters requested are different than current active one (requested -> active):
  custom:framework-win-MediaFoundation: 216162199b28c13a410421893ffa2e32 -> 
  custom:video-decoder-ogg-theora: a1e56fd34408186e4bbccfd4996cb3dc -> 
  custom:container-muxer-webm: aa71ff27fc2769a1b78a27578f13a17b -> 
  custom:container-demuxer-webm: 4f35f7cbe854078d1ac9338744f61a02 -> 
  custom:container-demuxer-ogg: 62fdf1f143b41e24485cea50d1cbac27 -> 
  custom:video-encoder-webm-vp8: eb34c28f22e8b96e1ab97ce403110664 -> 
  custom:video-decoder-webm-vp8: 9c59270c3fd7afecdb556c50c9e8de78 -> 
  custom:audio-decoder-ogg-vorbis: bf7c407c2cedff20999df2af8eb42d56 -> 
  custom:audio-encoder-webm-vorbis: bf7c407c2cedff20999df2af8eb42d56 -> 
========================================================================
Received Import Request.
  path: Assets/bkg07.png
  artifactKey: Guid(83f40fee9ff14ef41b1342c14a3557e9) Importer(815301076,1909f56bfc062723c751e8b465ee728b)
Start importing Assets/bkg07.png using Guid(83f40fee9ff14ef41b1342c14a3557e9) Importer(815301076,1909f56bfc062723c751e8b465ee728b)  -> (artifact id: 'c3152d3aff400c3e99e3c652664e8450') in 0.186888 seconds 
  Import took 0.195650 seconds .

========================================================================
Received Import Request.
  Time since last request: 0.000782 seconds.
  path: Assets/2472bb6d9850eb43e67dfe199e439804.jpg
  artifactKey: Guid(88e4d9bb6c3261442a021683a29fb00c) Importer(815301076,1909f56bfc062723c751e8b465ee728b)
Start importing Assets/2472bb6d9850eb43e67dfe199e439804.jpg using Guid(88e4d9bb6c3261442a021683a29fb00c) Importer(815301076,1909f56bfc062723c751e8b465ee728b)  -> (artifact id: '7d72b5f2989683995efad3bcf684f4b8') in 0.037906 seconds 
  Import took 0.048245 seconds .

========================================================================
Received Import Request.
  Time since last request: 0.000638 seconds.
  path: Assets/asteroid.prefab
  artifactKey: Guid(2d28cbd10b9464640b7e143bd3ab2b41) Importer(815301076,1909f56bfc062723c751e8b465ee728b)
Start importing Assets/asteroid.prefab using Guid(2d28cbd10b9464640b7e143bd3ab2b41) Importer(815301076,1909f56bfc062723c751e8b465ee728b)  -> (artifact id: 'c768f10c8343ea0991b8d1ad42da00d2') in 0.090889 seconds 
  Import took 0.100522 seconds .

========================================================================
Received Import Request.
  Time since last request: 0.000473 seconds.
  path: Assets/alien-3.png
  artifactKey: Guid(20790e37aa3ae4c1b98091040be60f37) Importer(815301076,1909f56bfc062723c751e8b465ee728b)
Start importing Assets/alien-3.png using Guid(20790e37aa3ae4c1b98091040be60f37) Importer(815301076,1909f56bfc062723c751e8b465ee728b)  -> (artifact id: 'e9e2b52003089ad0396ede184dd1ca04') in 0.037561 seconds 
  Import took 0.053982 seconds .

========================================================================
Received Import Request.
  Time since last request: 0.000611 seconds.
  path: Assets/bkg08.png
  artifactKey: Guid(22ab3b8f270cc7749ba0b8ebf45b48ce) Importer(815301076,1909f56bfc062723c751e8b465ee728b)
Start importing Assets/bkg08.png using Guid(22ab3b8f270cc7749ba0b8ebf45b48ce) Importer(815301076,1909f56bfc062723c751e8b465ee728b)  -> (artifact id: '3001f683c5dadad2c47843974ef8d3c2') in 0.033562 seconds 
  Import took 0.047977 seconds .

========================================================================
Received Import Request.
  Time since last request: 0.000547 seconds.
  path: Assets/bkg04.png
  artifactKey: Guid(768f42f70a7ae1344ab20e315408d160) Importer(815301076,1909f56bfc062723c751e8b465ee728b)
Start importing Assets/bkg04.png using Guid(768f42f70a7ae1344ab20e315408d160) Importer(815301076,1909f56bfc062723c751e8b465ee728b)  -> (artifact id: '895f7d1824339164c0fc51e65e0d3e9d') in 0.031096 seconds 
  Import took 0.046258 seconds .

========================================================================
Received Import Request.
  Time since last request: 0.000454 seconds.
  path: Assets/bkg06.png
  artifactKey: Guid(02e3279e7a13b6d44b2f5e65ff30a983) Importer(815301076,1909f56bfc062723c751e8b465ee728b)
Start importing Assets/bkg06.png using Guid(02e3279e7a13b6d44b2f5e65ff30a983) Importer(815301076,1909f56bfc062723c751e8b465ee728b)  -> (artifact id: '4a0fdb29615e9e4172d6f55aecfb75a9') in 0.033636 seconds 
  Import took 0.046496 seconds .

========================================================================
Received Import Request.
  Time since last request: 0.000169 seconds.
  path: Assets/bkg01.png
  artifactKey: Guid(4289655eb3a8df44d9581365e5d2d88f) Importer(815301076,1909f56bfc062723c751e8b465ee728b)
Start importing Assets/bkg01.png using Guid(4289655eb3a8df44d9581365e5d2d88f) Importer(815301076,1909f56bfc062723c751e8b465ee728b)  -> (artifact id: '508b9a775ae210ab87507be94a191733') in 0.026598 seconds 
  Import took 0.051522 seconds .

========================================================================
Received Import Request.
  Time since last request: 0.000475 seconds.
  path: Assets/asteroid.png
  artifactKey: Guid(2674ec13faec49749a4d8914f47bf93c) Importer(815301076,1909f56bfc062723c751e8b465ee728b)
Start importing Assets/asteroid.png using Guid(2674ec13faec49749a4d8914f47bf93c) Importer(815301076,1909f56bfc062723c751e8b465ee728b)  -> (artifact id: '3e430fc80d104b41b4889acb55080f3d') in 0.029751 seconds 
  Import took 0.045568 seconds .

========================================================================
Received Import Request.
  Time since last request: 0.000597 seconds.
  path: Assets/bkg03.png
  artifactKey: Guid(aae301b2f2a14e2438fe48e891f5dd0b) Importer(815301076,1909f56bfc062723c751e8b465ee728b)
Start importing Assets/bkg03.png using Guid(aae301b2f2a14e2438fe48e891f5dd0b) Importer(815301076,1909f56bfc062723c751e8b465ee728b)  -> (artifact id: '1cf50cb3e687d975ef0e8061f9337eae') in 0.029411 seconds 
  Import took 0.040999 seconds .

========================================================================
Received Import Request.
  Time since last request: 0.000459 seconds.
  path: Assets/bkg02.png
  artifactKey: Guid(459b6bf1ca4dc4941bf644f385351e8f) Importer(815301076,1909f56bfc062723c751e8b465ee728b)
Start importing Assets/bkg02.png using Guid(459b6bf1ca4dc4941bf644f385351e8f) Importer(815301076,1909f56bfc062723c751e8b465ee728b)  -> (artifact id: 'b43a0ff7ea4081ff4549dfbe1db99a0a') in 0.035734 seconds 
  Import took 0.049868 seconds .

========================================================================
Received Import Request.
  Time since last request: 0.000495 seconds.
  path: Assets/bkg05.png
  artifactKey: Guid(3467e43270b047f41b4f0c5446d30ec6) Importer(815301076,1909f56bfc062723c751e8b465ee728b)
Start importing Assets/bkg05.png using Guid(3467e43270b047f41b4f0c5446d30ec6) Importer(815301076,1909f56bfc062723c751e8b465ee728b)  -> (artifact id: 'd1c3a620f28e2a19c44140cad92b9424') in 0.074603 seconds 
  Import took 0.084502 seconds .

========================================================================
Received Import Request.
  Time since last request: 0.038648 seconds.
  path: Assets/02.png
  artifactKey: Guid(ba754f47b1468f74ea7189e64517b246) Importer(815301076,1909f56bfc062723c751e8b465ee728b)
Start importing Assets/02.png using Guid(ba754f47b1468f74ea7189e64517b246) Importer(815301076,1909f56bfc062723c751e8b465ee728b)  -> (artifact id: 'ab7795e807d44752939936e18047b3f9') in 0.043108 seconds 
  Import took 0.052118 seconds .

========================================================================
Received Import Request.
  Time since last request: 2.163456 seconds.
  path: Assets/bkg09.png
  artifactKey: Guid(66b025d7c57cadf48a5471684b985639) Importer(815301076,1909f56bfc062723c751e8b465ee728b)
Start importing Assets/bkg09.png using Guid(66b025d7c57cadf48a5471684b985639) Importer(815301076,1909f56bfc062723c751e8b465ee728b)  -> (artifact id: '02aceab06ddba756f41635863c4a8327') in 0.025018 seconds 
  Import took 0.036282 seconds .

========================================================================
Received Import Request.
  Time since last request: 0.000170 seconds.
  path: Assets/Laser.prefab
  artifactKey: Guid(24c9ca211bd6fca4ab889018654773ff) Importer(815301076,1909f56bfc062723c751e8b465ee728b)
Start importing Assets/Laser.prefab using Guid(24c9ca211bd6fca4ab889018654773ff) Importer(815301076,1909f56bfc062723c751e8b465ee728b)  -> (artifact id: 'f7838e4774ca21837891ad1c91316a6e') in 0.034343 seconds 
  Import took 0.047778 seconds .

========================================================================
Received Import Request.
  Time since last request: 0.000615 seconds.
  path: Assets/moon.png
  artifactKey: Guid(208090950a26d46d58b65f06e03e7662) Importer(815301076,1909f56bfc062723c751e8b465ee728b)
Start importing Assets/moon.png using Guid(208090950a26d46d58b65f06e03e7662) Importer(815301076,1909f56bfc062723c751e8b465ee728b)  -> (artifact id: '92f401bca984c5bd59aa07683178e050') in 0.034271 seconds 
  Import took 0.046267 seconds .

========================================================================
Received Import Request.
  Time since last request: 0.000507 seconds.
  path: Assets/right-arrow (1).png
  artifactKey: Guid(aebc892d09e557f44940eeca398e9d9e) Importer(815301076,1909f56bfc062723c751e8b465ee728b)
Start importing Assets/right-arrow (1).png using Guid(aebc892d09e557f44940eeca398e9d9e) Importer(815301076,1909f56bfc062723c751e8b465ee728b)  -> (artifact id: '44f0bdece3e7c6e72c39c821605788d4') in 0.031634 seconds 
  Import took 0.040316 seconds .

========================================================================
Received Import Request.
  Time since last request: 0.000681 seconds.
  path: Assets/comet.png
  artifactKey: Guid(2f121a1d63fb4f74885c9bf263eda9f9) Importer(815301076,1909f56bfc062723c751e8b465ee728b)
Start importing Assets/comet.png using Guid(2f121a1d63fb4f74885c9bf263eda9f9) Importer(815301076,1909f56bfc062723c751e8b465ee728b)  -> (artifact id: '6ea38884b2ac98b2e9178c547305c539') in 0.026105 seconds 
  Import took 0.041200 seconds .

========================================================================
Received Import Request.
  Time since last request: 0.000852 seconds.
  path: Assets/music_leonell_cassio_a_magical_journey_through_space.mp3
  artifactKey: Guid(509e1a4b8cb1a6046a1cc64b7eafbd33) Importer(815301076,1909f56bfc062723c751e8b465ee728b)
Start importing Assets/music_leonell_cassio_a_magical_journey_through_space.mp3 using Guid(509e1a4b8cb1a6046a1cc64b7eafbd33) Importer(815301076,1909f56bfc062723c751e8b465ee728b)  -> (artifact id: '1bf403ec5a04eaa46b7da7837fa019ee') in 0.145175 seconds 
  Import took 0.163512 seconds .

========================================================================
Received Import Request.
  Time since last request: 0.000648 seconds.
  path: Assets/ThaleahFat.ttf
  artifactKey: Guid(723a06fadfe47314089593f61b03f3fc) Importer(815301076,1909f56bfc062723c751e8b465ee728b)
Start importing Assets/ThaleahFat.ttf using Guid(723a06fadfe47314089593f61b03f3fc) Importer(815301076,1909f56bfc062723c751e8b465ee728b)  -> (artifact id: '75951154020071a604fabfa348acdce6') in 0.110532 seconds 
  Import took 0.120813 seconds .

========================================================================
Received Import Request.
  Time since last request: 0.000731 seconds.
  path: Assets/bkg10.png
  artifactKey: Guid(82093537c46503e43be5c9d99fc7aade) Importer(815301076,1909f56bfc062723c751e8b465ee728b)
Start importing Assets/bkg10.png using Guid(82093537c46503e43be5c9d99fc7aade) Importer(815301076,1909f56bfc062723c751e8b465ee728b)  -> (artifact id: '17456b847538b841097dacd45d768419') in 0.029642 seconds 
  Import took 0.040886 seconds .

========================================================================
Received Import Request.
  Time since last request: 0.000876 seconds.
  path: Assets/star.png
  artifactKey: Guid(6ec80855df41a1441a81d8a03befe800) Importer(815301076,1909f56bfc062723c751e8b465ee728b)
Start importing Assets/star.png using Guid(6ec80855df41a1441a81d8a03befe800) Importer(815301076,1909f56bfc062723c751e8b465ee728b)  -> (artifact id: '1806cf818ec3a8ff73a8dc8110b1e7c7') in 0.026172 seconds 
  Import took 0.036050 seconds .

========================================================================
Received Import Request.
  Time since last request: 0.000157 seconds.
  path: Assets/zapsplat_cartoon_rocket_launch_missle.mp3
  artifactKey: Guid(026757cb936ee574196f5e2492fa3ceb) Importer(815301076,1909f56bfc062723c751e8b465ee728b)
Start importing Assets/zapsplat_cartoon_rocket_launch_missle.mp3 using Guid(026757cb936ee574196f5e2492fa3ceb) Importer(815301076,1909f56bfc062723c751e8b465ee728b)  -> (artifact id: 'f159aaf91f84fca5f1afbc92d700bce6') in 0.037473 seconds 
  Import took 0.047206 seconds .

========================================================================
Received Import Request.
  Time since last request: 0.001083 seconds.
  path: Assets/zapsplat_multimedia_game_sound_menu_click_001_76687.mp3
  artifactKey: Guid(8a60fbf8ec66a5c439a6143cd7819e08) Importer(815301076,1909f56bfc062723c751e8b465ee728b)
Start importing Assets/zapsplat_multimedia_game_sound_menu_click_001_76687.mp3 using Guid(8a60fbf8ec66a5c439a6143cd7819e08) Importer(815301076,1909f56bfc062723c751e8b465ee728b)  -> (artifact id: '405ea9b4261db6ee40b7be28933dd9b1') in 0.027107 seconds 
  Import took 0.046661 seconds .

========================================================================
Received Import Request.
  Time since last request: 0.004287 seconds.
  path: Assets/pause.png
  artifactKey: Guid(d938b06352757cd4aaa61c7673e1d7bf) Importer(815301076,1909f56bfc062723c751e8b465ee728b)
Start importing Assets/pause.png using Guid(d938b06352757cd4aaa61c7673e1d7bf) Importer(815301076,1909f56bfc062723c751e8b465ee728b)  -> (artifact id: '351f9e8864ff1889a84b218c4b88a49e') in 0.032274 seconds 
  Import took 0.061214 seconds .

========================================================================
Received Import Request.
  Time since last request: 0.001169 seconds.
  path: Assets/target.png
  artifactKey: Guid(857f75d49f9275c4eb5be32bf8572d10) Importer(815301076,1909f56bfc062723c751e8b465ee728b)
Start importing Assets/target.png using Guid(857f75d49f9275c4eb5be32bf8572d10) Importer(815301076,1909f56bfc062723c751e8b465ee728b)  -> (artifact id: '17f931d0b533c78ed0c4b5abfba1fa1c') in 0.030438 seconds 
  Import took 0.045137 seconds .

========================================================================
Received Import Request.
  Time since last request: 0.000464 seconds.
  path: Assets/explosion.prefab
  artifactKey: Guid(002504ffd88af4b4cb2db50f6a3b25d3) Importer(815301076,1909f56bfc062723c751e8b465ee728b)
Start importing Assets/explosion.prefab using Guid(002504ffd88af4b4cb2db50f6a3b25d3) Importer(815301076,1909f56bfc062723c751e8b465ee728b)  -> (artifact id: '2b3a54893e0880bf3ada2807a89c1338') in 0.050310 seconds 
  Import took 0.061873 seconds .

========================================================================
Received Import Request.
  Time since last request: 0.000486 seconds.
  path: Assets/zapsplat_cartoon_rocket_launch_missle 1.mp3
  artifactKey: Guid(e11012c965f30f5408607cfbee1273cc) Importer(815301076,1909f56bfc062723c751e8b465ee728b)
Start importing Assets/zapsplat_cartoon_rocket_launch_missle 1.mp3 using Guid(e11012c965f30f5408607cfbee1273cc) Importer(815301076,1909f56bfc062723c751e8b465ee728b)  -> (artifact id: 'dcf4f509cb2717dfb519fb1c34a450c7') in 0.018657 seconds 
  Import took 0.034688 seconds .

========================================================================
Received Import Request.
  Time since last request: 0.005026 seconds.
  path: Assets/planet (1).png
  artifactKey: Guid(22f66187ef1800a4a992ad68d3648b11) Importer(815301076,1909f56bfc062723c751e8b465ee728b)
Start importing Assets/planet (1).png using Guid(22f66187ef1800a4a992ad68d3648b11) Importer(815301076,1909f56bfc062723c751e8b465ee728b)  -> (artifact id: '70398f3692f55401fd8b744c8d485798') in 0.031648 seconds 
  Import took 0.046928 seconds .

========================================================================
Received Import Request.
  Time since last request: 0.001281 seconds.
  path: Assets/rocket.prefab
  artifactKey: Guid(a666998a5ea42e342a2bed8229f8c91b) Importer(815301076,1909f56bfc062723c751e8b465ee728b)
Start importing Assets/rocket.prefab using Guid(a666998a5ea42e342a2bed8229f8c91b) Importer(815301076,1909f56bfc062723c751e8b465ee728b)  -> (artifact id: '3a3d765932a75771700724ee7d6e5a26') in 0.017179 seconds 
  Import took 0.028023 seconds .

========================================================================
Received Import Request.
  Time since last request: 0.000891 seconds.
  path: Assets/QuinqueFive.ttf
  artifactKey: Guid(91ec82ffc6635f9428d4adb410174e96) Importer(815301076,1909f56bfc062723c751e8b465ee728b)
Start importing Assets/QuinqueFive.ttf using Guid(91ec82ffc6635f9428d4adb410174e96) Importer(815301076,1909f56bfc062723c751e8b465ee728b)  -> (artifact id: '73161efe14402528d61e69a7cf4ba4fd') in 0.034310 seconds 
  Import took 0.042631 seconds .

========================================================================
Received Import Request.
  Time since last request: 0.000481 seconds.
  path: Assets/rocket.png
  artifactKey: Guid(2ad85766d18313448a419c065df5a79f) Importer(815301076,1909f56bfc062723c751e8b465ee728b)
Start importing Assets/rocket.png using Guid(2ad85766d18313448a419c065df5a79f) Importer(815301076,1909f56bfc062723c751e8b465ee728b)  -> (artifact id: 'e896d038c1ea2441e9bd05d9212d2acb') in 0.020299 seconds 
  Import took 0.033240 seconds .

========================================================================
Received Import Request.
  Time since last request: 0.000630 seconds.
  path: Assets/planet (2).png
  artifactKey: Guid(94ada6fe297a5034a8e2e63927f478c4) Importer(815301076,1909f56bfc062723c751e8b465ee728b)
Start importing Assets/planet (2).png using Guid(94ada6fe297a5034a8e2e63927f478c4) Importer(815301076,1909f56bfc062723c751e8b465ee728b)  -> (artifact id: '93266b75233d892408fd181096c11e67') in 0.031621 seconds 
  Import took 0.044012 seconds .

========================================================================
Received Import Request.
  Time since last request: 5.620632 seconds.
  path: Assets/Scenes
  artifactKey: Guid(539577c0d937d19489383f5b914f6c7b) Importer(815301076,1909f56bfc062723c751e8b465ee728b)
Start importing Assets/Scenes using Guid(539577c0d937d19489383f5b914f6c7b) Importer(815301076,1909f56bfc062723c751e8b465ee728b)  -> (artifact id: '5e177bdaa23d40460de4179d641c051c') in 0.005355 seconds 
  Import took 0.010858 seconds .

========================================================================
Received Import Request.
  Time since last request: 4.706957 seconds.
  path: Assets/Scenes/Game.unity
  artifactKey: Guid(f6b402a26f0a39e45b2393474a4972a1) Importer(815301076,1909f56bfc062723c751e8b465ee728b)
Start importing Assets/Scenes/Game.unity using Guid(f6b402a26f0a39e45b2393474a4972a1) Importer(815301076,1909f56bfc062723c751e8b465ee728b)  -> (artifact id: 'dfa058d320d854787063bb9230b65ae9') in 0.008544 seconds 
  Import took 0.013706 seconds .

========================================================================
Received Prepare
Registering precompiled user dll's ...
Registered in 0.013004 seconds.
Begin MonoManager ReloadAssembly
Native extension for WindowsStandalone target not found
Refreshing native plugins compatible for Editor in 1.58 ms, found 3 plugins.
Preloading 0 native plugins for Editor in 0.00 ms.
Mono: successfully reloaded assembly
- Completed reload, in  2.709 seconds
Domain Reload Profiling:
	ReloadAssembly (2715ms)
		BeginReloadAssembly (281ms)
			ExecutionOrderSort (0ms)
			DisableScriptedObjects (15ms)
			BackupInstance (0ms)
			ReleaseScriptingObjects (0ms)
			CreateAndSetChildDomain (75ms)
		EndReloadAssembly (2284ms)
			LoadAssemblies (234ms)
			RebuildTransferFunctionScriptingTraits (0ms)
			SetupTypeCache (938ms)
			ReleaseScriptCaches (2ms)
			RebuildScriptCaches (139ms)
			SetupLoadedEditorAssemblies (737ms)
				LogAssemblyErrors (0ms)
				InitializePlatformSupportModulesInManaged (14ms)
				SetLoadedEditorAssemblies (2ms)
				RefreshPlugins (2ms)
				BeforeProcessingInitializeOnLoad (230ms)
				ProcessInitializeOnLoadAttributes (439ms)
				ProcessInitializeOnLoadMethodAttributes (30ms)
				AfterProcessingInitializeOnLoad (21ms)
				EditorAssembliesLoaded (0ms)
			ExecutionOrderSort2 (0ms)
			AwakeInstancesAfterBackupRestoration (22ms)
Platform modules already initialized, skipping
Refreshing native plugins compatible for Editor in 1.01 ms, found 3 plugins.
Preloading 0 native plugins for Editor in 0.00 ms.
Unloading 2194 Unused Serialized files (Serialized files now loaded: 0)
System memory in use before: 99.0 MB.
System memory in use after: 99.1 MB.

Unloading 17 unused Assets to reduce memory usage. Loaded Objects now: 2695.
Total: 9.429000 ms (FindLiveObjects: 0.343200 ms CreateObjectMapping: 0.134500 ms MarkObjects: 8.901600 ms  DeleteObjects: 0.047500 ms)

AssetImportParameters requested are different than current active one (requested -> active):
  custom:framework-win-MediaFoundation: 216162199b28c13a410421893ffa2e32 -> 
  custom:video-decoder-ogg-theora: a1e56fd34408186e4bbccfd4996cb3dc -> 
  custom:container-muxer-webm: aa71ff27fc2769a1b78a27578f13a17b -> 
  custom:container-demuxer-webm: 4f35f7cbe854078d1ac9338744f61a02 -> 
  custom:container-demuxer-ogg: 62fdf1f143b41e24485cea50d1cbac27 -> 
  custom:video-encoder-webm-vp8: eb34c28f22e8b96e1ab97ce403110664 -> 
  custom:video-decoder-webm-vp8: 9c59270c3fd7afecdb556c50c9e8de78 -> 
  custom:audio-decoder-ogg-vorbis: bf7c407c2cedff20999df2af8eb42d56 -> 
  custom:audio-encoder-webm-vorbis: bf7c407c2cedff20999df2af8eb42d56 -> 
========================================================================
Received Import Request.
  Time since last request: 527.277137 seconds.
  path: Assets/Scenes/DialogueBox_Close.anim
  artifactKey: Guid(650d13bdbd2bb452bb80c0c028279337) Importer(815301076,1909f56bfc062723c751e8b465ee728b)
Start importing Assets/Scenes/DialogueBox_Close.anim using Guid(650d13bdbd2bb452bb80c0c028279337) Importer(815301076,1909f56bfc062723c751e8b465ee728b)  -> (artifact id: '1758c1b5f327efce366756c7d8c61e4d') in 0.047246 seconds 
  Import took 0.076579 seconds .

========================================================================
Received Import Request.
  Time since last request: 4.881367 seconds.
  path: Assets/Scenes/DialogueBox_Open.anim
  artifactKey: Guid(5f66488d534da45dea590d02ef9283e7) Importer(815301076,1909f56bfc062723c751e8b465ee728b)
Start importing Assets/Scenes/DialogueBox_Open.anim using Guid(5f66488d534da45dea590d02ef9283e7) Importer(815301076,1909f56bfc062723c751e8b465ee728b)  -> (artifact id: 'c82d487e09246d94041c1d189e861ac0') in 0.009003 seconds 
  Import took 0.017971 seconds .

========================================================================
Received Import Request.
  Time since last request: 76.400207 seconds.
  path: Assets/Scripts/DialogueManager.cs
  artifactKey: Guid(56c98fafea6264a4aaabf2338b3480f3) Importer(815301076,1909f56bfc062723c751e8b465ee728b)
Start importing Assets/Scripts/DialogueManager.cs using Guid(56c98fafea6264a4aaabf2338b3480f3) Importer(815301076,1909f56bfc062723c751e8b465ee728b)  -> (artifact id: 'a895ed8817b99f9d5215ffdd3854b47a') in 0.026026 seconds 
  Import took 0.044679 seconds .

========================================================================
Received Prepare
Registering precompiled user dll's ...
Registered in 1.823752 seconds.
Begin MonoManager ReloadAssembly
Native extension for WindowsStandalone target not found
Refreshing native plugins compatible for Editor in 1.44 ms, found 3 plugins.
Preloading 0 native plugins for Editor in 0.00 ms.
Mono: successfully reloaded assembly
- Completed reload, in  1.934 seconds
Domain Reload Profiling:
	ReloadAssembly (1935ms)
		BeginReloadAssembly (209ms)
			ExecutionOrderSort (0ms)
			DisableScriptedObjects (8ms)
			BackupInstance (0ms)
			ReleaseScriptingObjects (0ms)
			CreateAndSetChildDomain (61ms)
		EndReloadAssembly (1607ms)
			LoadAssemblies (225ms)
			RebuildTransferFunctionScriptingTraits (0ms)
			SetupTypeCache (582ms)
			ReleaseScriptCaches (3ms)
			RebuildScriptCaches (66ms)
			SetupLoadedEditorAssemblies (541ms)
				LogAssemblyErrors (0ms)
				InitializePlatformSupportModulesInManaged (8ms)
				SetLoadedEditorAssemblies (1ms)
				RefreshPlugins (2ms)
				BeforeProcessingInitializeOnLoad (165ms)
				ProcessInitializeOnLoadAttributes (326ms)
				ProcessInitializeOnLoadMethodAttributes (19ms)
				AfterProcessingInitializeOnLoad (20ms)
				EditorAssembliesLoaded (0ms)
			ExecutionOrderSort2 (0ms)
			AwakeInstancesAfterBackupRestoration (13ms)
Platform modules already initialized, skipping
Refreshing native plugins compatible for Editor in 0.90 ms, found 3 plugins.
Preloading 0 native plugins for Editor in 0.00 ms.
Unloading 2194 Unused Serialized files (Serialized files now loaded: 0)
System memory in use before: 99.0 MB.
System memory in use after: 99.1 MB.

Unloading 17 unused Assets to reduce memory usage. Loaded Objects now: 2697.
Total: 5.672400 ms (FindLiveObjects: 0.296000 ms CreateObjectMapping: 0.175900 ms MarkObjects: 5.131200 ms  DeleteObjects: 0.067100 ms)

AssetImportParameters requested are different than current active one (requested -> active):
  custom:framework-win-MediaFoundation: 216162199b28c13a410421893ffa2e32 -> 
  custom:video-decoder-ogg-theora: a1e56fd34408186e4bbccfd4996cb3dc -> 
  custom:container-muxer-webm: aa71ff27fc2769a1b78a27578f13a17b -> 
  custom:container-demuxer-webm: 4f35f7cbe854078d1ac9338744f61a02 -> 
  custom:container-demuxer-ogg: 62fdf1f143b41e24485cea50d1cbac27 -> 
  custom:video-encoder-webm-vp8: eb34c28f22e8b96e1ab97ce403110664 -> 
  custom:video-decoder-webm-vp8: 9c59270c3fd7afecdb556c50c9e8de78 -> 
  custom:audio-decoder-ogg-vorbis: bf7c407c2cedff20999df2af8eb42d56 -> 
  custom:audio-encoder-webm-vorbis: bf7c407c2cedff20999df2af8eb42d56 -> 
========================================================================
Received Import Request.
  Time since last request: 152.165535 seconds.
  path: Assets/Scenes/level2.unity
  artifactKey: Guid(f71ab27aa34d129459ae54e3dabcae78) Importer(815301076,1909f56bfc062723c751e8b465ee728b)
Start importing Assets/Scenes/level2.unity using Guid(f71ab27aa34d129459ae54e3dabcae78) Importer(815301076,1909f56bfc062723c751e8b465ee728b)  -> (artifact id: 'ff63516f360d65cbb446febe8bb913e3') in 0.018131 seconds 
  Import took 0.024742 seconds .

========================================================================
Received Prepare
Registering precompiled user dll's ...
Registered in 0.014058 seconds.
Begin MonoManager ReloadAssembly
Native extension for WindowsStandalone target not found
Refreshing native plugins compatible for Editor in 0.76 ms, found 3 plugins.
Preloading 0 native plugins for Editor in 0.00 ms.
Mono: successfully reloaded assembly
- Completed reload, in  1.940 seconds
Domain Reload Profiling:
	ReloadAssembly (1941ms)
		BeginReloadAssembly (257ms)
			ExecutionOrderSort (0ms)
			DisableScriptedObjects (14ms)
			BackupInstance (0ms)
			ReleaseScriptingObjects (0ms)
			CreateAndSetChildDomain (82ms)
		EndReloadAssembly (1521ms)
			LoadAssemblies (202ms)
			RebuildTransferFunctionScriptingTraits (0ms)
			SetupTypeCache (555ms)
			ReleaseScriptCaches (3ms)
			RebuildScriptCaches (63ms)
			SetupLoadedEditorAssemblies (546ms)
				LogAssemblyErrors (0ms)
				InitializePlatformSupportModulesInManaged (13ms)
				SetLoadedEditorAssemblies (1ms)
				RefreshPlugins (1ms)
				BeforeProcessingInitializeOnLoad (178ms)
				ProcessInitializeOnLoadAttributes (315ms)
				ProcessInitializeOnLoadMethodAttributes (21ms)
				AfterProcessingInitializeOnLoad (17ms)
				EditorAssembliesLoaded (0ms)
			ExecutionOrderSort2 (0ms)
			AwakeInstancesAfterBackupRestoration (12ms)
Platform modules already initialized, skipping
Refreshing native plugins compatible for Editor in 2.14 ms, found 3 plugins.
Preloading 0 native plugins for Editor in 0.00 ms.
Unloading 2195 Unused Serialized files (Serialized files now loaded: 0)
System memory in use before: 99.1 MB.
System memory in use after: 99.2 MB.

Unloading 17 unused Assets to reduce memory usage. Loaded Objects now: 2700.
Total: 5.215800 ms (FindLiveObjects: 0.402300 ms CreateObjectMapping: 0.147900 ms MarkObjects: 4.626100 ms  DeleteObjects: 0.037200 ms)

AssetImportParameters requested are different than current active one (requested -> active):
  custom:framework-win-MediaFoundation: 216162199b28c13a410421893ffa2e32 -> 
  custom:video-decoder-ogg-theora: a1e56fd34408186e4bbccfd4996cb3dc -> 
  custom:container-muxer-webm: aa71ff27fc2769a1b78a27578f13a17b -> 
  custom:container-demuxer-webm: 4f35f7cbe854078d1ac9338744f61a02 -> 
  custom:container-demuxer-ogg: 62fdf1f143b41e24485cea50d1cbac27 -> 
  custom:video-encoder-webm-vp8: eb34c28f22e8b96e1ab97ce403110664 -> 
  custom:video-decoder-webm-vp8: 9c59270c3fd7afecdb556c50c9e8de78 -> 
  custom:audio-decoder-ogg-vorbis: bf7c407c2cedff20999df2af8eb42d56 -> 
  custom:audio-encoder-webm-vorbis: bf7c407c2cedff20999df2af8eb42d56 -> 
========================================================================
Received Import Request.
  Time since last request: 88.354815 seconds.
  path: Assets/WinLose2.cs
  artifactKey: Guid(92cafbb56dbe80148acb2acfeec2e7aa) Importer(815301076,1909f56bfc062723c751e8b465ee728b)
Start importing Assets/WinLose2.cs using Guid(92cafbb56dbe80148acb2acfeec2e7aa) Importer(815301076,1909f56bfc062723c751e8b465ee728b)  -> (artifact id: '30ef04d857f0467091b3b63daa94ce63') in 0.011495 seconds 
  Import took 0.019760 seconds .

========================================================================
Received Prepare
Registering precompiled user dll's ...
Registered in 0.081977 seconds.
Begin MonoManager ReloadAssembly
Native extension for WindowsStandalone target not found
Refreshing native plugins compatible for Editor in 2.58 ms, found 3 plugins.
Preloading 0 native plugins for Editor in 0.00 ms.
Mono: successfully reloaded assembly
- Completed reload, in  3.536 seconds
Domain Reload Profiling:
	ReloadAssembly (3537ms)
		BeginReloadAssembly (371ms)
			ExecutionOrderSort (0ms)
			DisableScriptedObjects (15ms)
			BackupInstance (0ms)
			ReleaseScriptingObjects (0ms)
			CreateAndSetChildDomain (82ms)
		EndReloadAssembly (2963ms)
			LoadAssemblies (363ms)
			RebuildTransferFunctionScriptingTraits (0ms)
			SetupTypeCache (1162ms)
			ReleaseScriptCaches (1ms)
			RebuildScriptCaches (96ms)
			SetupLoadedEditorAssemblies (962ms)
				LogAssemblyErrors (0ms)
				InitializePlatformSupportModulesInManaged (16ms)
				SetLoadedEditorAssemblies (2ms)
				RefreshPlugins (4ms)
				BeforeProcessingInitializeOnLoad (297ms)
				ProcessInitializeOnLoadAttributes (599ms)
				ProcessInitializeOnLoadMethodAttributes (21ms)
				AfterProcessingInitializeOnLoad (23ms)
				EditorAssembliesLoaded (1ms)
			ExecutionOrderSort2 (0ms)
			AwakeInstancesAfterBackupRestoration (25ms)
Platform modules already initialized, skipping
Refreshing native plugins compatible for Editor in 0.99 ms, found 3 plugins.
Preloading 0 native plugins for Editor in 0.00 ms.
Unloading 2195 Unused Serialized files (Serialized files now loaded: 0)
System memory in use before: 99.1 MB.
System memory in use after: 99.2 MB.

Unloading 17 unused Assets to reduce memory usage. Loaded Objects now: 2702.
Total: 9.573200 ms (FindLiveObjects: 0.578300 ms CreateObjectMapping: 0.292000 ms MarkObjects: 8.503300 ms  DeleteObjects: 0.197200 ms)

AssetImportParameters requested are different than current active one (requested -> active):
  custom:framework-win-MediaFoundation: 216162199b28c13a410421893ffa2e32 -> 
  custom:video-decoder-ogg-theora: a1e56fd34408186e4bbccfd4996cb3dc -> 
  custom:container-muxer-webm: aa71ff27fc2769a1b78a27578f13a17b -> 
  custom:container-demuxer-webm: 4f35f7cbe854078d1ac9338744f61a02 -> 
  custom:container-demuxer-ogg: 62fdf1f143b41e24485cea50d1cbac27 -> 
  custom:video-encoder-webm-vp8: eb34c28f22e8b96e1ab97ce403110664 -> 
  custom:video-decoder-webm-vp8: 9c59270c3fd7afecdb556c50c9e8de78 -> 
  custom:audio-decoder-ogg-vorbis: bf7c407c2cedff20999df2af8eb42d56 -> 
  custom:audio-encoder-webm-vorbis: bf7c407c2cedff20999df2af8eb42d56 -> 
========================================================================
Received Prepare
Registering precompiled user dll's ...
Registered in 0.031520 seconds.
Begin MonoManager ReloadAssembly
Native extension for WindowsStandalone target not found
Refreshing native plugins compatible for Editor in 1.54 ms, found 3 plugins.
Preloading 0 native plugins for Editor in 0.00 ms.
Mono: successfully reloaded assembly
- Completed reload, in  2.444 seconds
Domain Reload Profiling:
	ReloadAssembly (2445ms)
		BeginReloadAssembly (344ms)
			ExecutionOrderSort (0ms)
			DisableScriptedObjects (16ms)
			BackupInstance (0ms)
			ReleaseScriptingObjects (0ms)
			CreateAndSetChildDomain (122ms)
		EndReloadAssembly (1941ms)
			LoadAssemblies (243ms)
			RebuildTransferFunctionScriptingTraits (0ms)
			SetupTypeCache (686ms)
			ReleaseScriptCaches (2ms)
			RebuildScriptCaches (109ms)
			SetupLoadedEditorAssemblies (727ms)
				LogAssemblyErrors (0ms)
				InitializePlatformSupportModulesInManaged (10ms)
				SetLoadedEditorAssemblies (2ms)
				RefreshPlugins (2ms)
				BeforeProcessingInitializeOnLoad (237ms)
				ProcessInitializeOnLoadAttributes (433ms)
				ProcessInitializeOnLoadMethodAttributes (25ms)
				AfterProcessingInitializeOnLoad (20ms)
				EditorAssembliesLoaded (0ms)
			ExecutionOrderSort2 (0ms)
			AwakeInstancesAfterBackupRestoration (13ms)
Platform modules already initialized, skipping
Refreshing native plugins compatible for Editor in 0.97 ms, found 3 plugins.
Preloading 0 native plugins for Editor in 0.00 ms.
Unloading 2195 Unused Serialized files (Serialized files now loaded: 0)
System memory in use before: 99.1 MB.
System memory in use after: 99.2 MB.

Unloading 17 unused Assets to reduce memory usage. Loaded Objects now: 2704.
Total: 7.376000 ms (FindLiveObjects: 0.292000 ms CreateObjectMapping: 0.168400 ms MarkObjects: 6.886700 ms  DeleteObjects: 0.027300 ms)

AssetImportParameters requested are different than current active one (requested -> active):
  custom:framework-win-MediaFoundation: 216162199b28c13a410421893ffa2e32 -> 
  custom:video-decoder-ogg-theora: a1e56fd34408186e4bbccfd4996cb3dc -> 
  custom:container-muxer-webm: aa71ff27fc2769a1b78a27578f13a17b -> 
  custom:container-demuxer-webm: 4f35f7cbe854078d1ac9338744f61a02 -> 
  custom:container-demuxer-ogg: 62fdf1f143b41e24485cea50d1cbac27 -> 
  custom:video-encoder-webm-vp8: eb34c28f22e8b96e1ab97ce403110664 -> 
  custom:video-decoder-webm-vp8: 9c59270c3fd7afecdb556c50c9e8de78 -> 
  custom:audio-decoder-ogg-vorbis: bf7c407c2cedff20999df2af8eb42d56 -> 
  custom:audio-encoder-webm-vorbis: bf7c407c2cedff20999df2af8eb42d56 -> 
========================================================================
Received Import Request.
  Time since last request: 130.008087 seconds.
  path: Assets/Scripts/WinLose2.cs
  artifactKey: Guid(92cafbb56dbe80148acb2acfeec2e7aa) Importer(815301076,1909f56bfc062723c751e8b465ee728b)
Start importing Assets/Scripts/WinLose2.cs using Guid(92cafbb56dbe80148acb2acfeec2e7aa) Importer(815301076,1909f56bfc062723c751e8b465ee728b)  -> (artifact id: 'ad2734c11ca9fcf83d242c9c97b47982') in 0.008318 seconds 
  Import took 0.015213 seconds .

========================================================================
Received Import Request.
  Time since last request: 6.578510 seconds.
  path: Assets/Scenes/SampleScene.unity
  artifactKey: Guid(2cda990e2423bbf4892e6590ba056729) Importer(815301076,1909f56bfc062723c751e8b465ee728b)
Start importing Assets/Scenes/SampleScene.unity using Guid(2cda990e2423bbf4892e6590ba056729) Importer(815301076,1909f56bfc062723c751e8b465ee728b)  -> (artifact id: 'f45abfd0264e3193a24608545c8e09d7') in 0.019138 seconds 
  Import took 0.030417 seconds .

========================================================================
Received Import Request.
  Time since last request: 35.479863 seconds.
  path: Assets/Planets/mars.png
  artifactKey: Guid(ceae0120016ea6e4b8882eef675eecd8) Importer(815301076,1909f56bfc062723c751e8b465ee728b)
Start importing Assets/Planets/mars.png using Guid(ceae0120016ea6e4b8882eef675eecd8) Importer(815301076,1909f56bfc062723c751e8b465ee728b)  -> (artifact id: '70aac07f8f8f1e6f04864006d2047aef') in 0.145471 seconds 
  Import took 0.154794 seconds .

========================================================================
Received Import Request.
  Time since last request: 0.000451 seconds.
  path: Assets/Planets/planet (2).png
  artifactKey: Guid(0739e8383f52bb3499451bd68bc88c46) Importer(815301076,1909f56bfc062723c751e8b465ee728b)
Start importing Assets/Planets/planet (2).png using Guid(0739e8383f52bb3499451bd68bc88c46) Importer(815301076,1909f56bfc062723c751e8b465ee728b)  -> (artifact id: '382890992493b17a955b9563e056662d') in 0.037818 seconds 
  Import took 0.046675 seconds .

========================================================================
Received Import Request.
  Time since last request: 0.000938 seconds.
  path: Assets/Planets/planet (4).png
  artifactKey: Guid(f6466f16e8acf33418f55f343341947d) Importer(815301076,1909f56bfc062723c751e8b465ee728b)
Start importing Assets/Planets/planet (4).png using Guid(f6466f16e8acf33418f55f343341947d) Importer(815301076,1909f56bfc062723c751e8b465ee728b)  -> (artifact id: 'cfe423b573e5a0810cfbd40973480067') in 0.031865 seconds 
  Import took 0.047893 seconds .

========================================================================
Received Import Request.
  Time since last request: 0.002016 seconds.
  path: Assets/Planets/saturn.png
  artifactKey: Guid(5e6d2c9d80b92f846b41d89934295060) Importer(815301076,1909f56bfc062723c751e8b465ee728b)
Start importing Assets/Planets/saturn.png using Guid(5e6d2c9d80b92f846b41d89934295060) Importer(815301076,1909f56bfc062723c751e8b465ee728b)  -> (artifact id: '59d71ec61d66282fbbaf4ce8c30814bd') in 0.045071 seconds 
  Import took 0.059248 seconds .

========================================================================
Received Import Request.
  Time since last request: 0.000133 seconds.
  path: Assets/Planets/planet (3).png
  artifactKey: Guid(d59bca06b482d434a8e4c04f33664dd7) Importer(815301076,1909f56bfc062723c751e8b465ee728b)
Start importing Assets/Planets/planet (3).png using Guid(d59bca06b482d434a8e4c04f33664dd7) Importer(815301076,1909f56bfc062723c751e8b465ee728b)  -> (artifact id: '52eb186f08855f1115b820aeeca5d9f5') in 0.042264 seconds 
  Import took 0.063863 seconds .

========================================================================
Received Import Request.
  Time since last request: 0.000455 seconds.
  path: Assets/Planets/planet (1).png
  artifactKey: Guid(c0547b22d33df77438c3a37004139a24) Importer(815301076,1909f56bfc062723c751e8b465ee728b)
Start importing Assets/Planets/planet (1).png using Guid(c0547b22d33df77438c3a37004139a24) Importer(815301076,1909f56bfc062723c751e8b465ee728b)  -> (artifact id: 'd5322ea203c68da86d3837c14f0fc1e1') in 0.028822 seconds 
  Import took 0.041244 seconds .

========================================================================
Received Import Request.
  Time since last request: 0.000922 seconds.
  path: Assets/Planets/planet-earth.png
  artifactKey: Guid(82422f93ffaa44742b6caf193b557f1c) Importer(815301076,1909f56bfc062723c751e8b465ee728b)
Start importing Assets/Planets/planet-earth.png using Guid(82422f93ffaa44742b6caf193b557f1c) Importer(815301076,1909f56bfc062723c751e8b465ee728b)  -> (artifact id: 'ff77b385d74f37503c187176330d138f') in 0.044831 seconds 
  Import took 0.066251 seconds .

========================================================================
Received Import Request.
  Time since last request: 5.460034 seconds.
  path: Assets/Scenes/level2.unity
  artifactKey: Guid(f71ab27aa34d129459ae54e3dabcae78) Importer(815301076,1909f56bfc062723c751e8b465ee728b)
Start importing Assets/Scenes/level2.unity using Guid(f71ab27aa34d129459ae54e3dabcae78) Importer(815301076,1909f56bfc062723c751e8b465ee728b)  -> (artifact id: 'e51fe2579ce2501b7f387a6271aaea99') in 0.007363 seconds 
  Import took 0.016453 seconds .

========================================================================
Received Prepare
Registering precompiled user dll's ...
Registered in 0.014696 seconds.
Begin MonoManager ReloadAssembly
Native extension for WindowsStandalone target not found
Refreshing native plugins compatible for Editor in 0.84 ms, found 3 plugins.
Preloading 0 native plugins for Editor in 0.00 ms.
Mono: successfully reloaded assembly
- Completed reload, in  2.113 seconds
Domain Reload Profiling:
	ReloadAssembly (2114ms)
		BeginReloadAssembly (286ms)
			ExecutionOrderSort (0ms)
			DisableScriptedObjects (13ms)
			BackupInstance (0ms)
			ReleaseScriptingObjects (0ms)
			CreateAndSetChildDomain (70ms)
		EndReloadAssembly (1669ms)
			LoadAssemblies (257ms)
			RebuildTransferFunctionScriptingTraits (0ms)
			SetupTypeCache (583ms)
			ReleaseScriptCaches (1ms)
			RebuildScriptCaches (87ms)
			SetupLoadedEditorAssemblies (562ms)
				LogAssemblyErrors (0ms)
				InitializePlatformSupportModulesInManaged (10ms)
				SetLoadedEditorAssemblies (1ms)
				RefreshPlugins (1ms)
				BeforeProcessingInitializeOnLoad (160ms)
				ProcessInitializeOnLoadAttributes (348ms)
				ProcessInitializeOnLoadMethodAttributes (24ms)
				AfterProcessingInitializeOnLoad (17ms)
				EditorAssembliesLoaded (0ms)
			ExecutionOrderSort2 (0ms)
			AwakeInstancesAfterBackupRestoration (17ms)
Platform modules already initialized, skipping
Refreshing native plugins compatible for Editor in 1.13 ms, found 3 plugins.
Preloading 0 native plugins for Editor in 0.00 ms.
Unloading 2195 Unused Serialized files (Serialized files now loaded: 0)
System memory in use before: 99.1 MB.
System memory in use after: 99.2 MB.

Unloading 17 unused Assets to reduce memory usage. Loaded Objects now: 2707.
Total: 4.995900 ms (FindLiveObjects: 0.219900 ms CreateObjectMapping: 0.133500 ms MarkObjects: 4.613000 ms  DeleteObjects: 0.027900 ms)

AssetImportParameters requested are different than current active one (requested -> active):
  custom:framework-win-MediaFoundation: 216162199b28c13a410421893ffa2e32 -> 
  custom:video-decoder-ogg-theora: a1e56fd34408186e4bbccfd4996cb3dc -> 
  custom:container-muxer-webm: aa71ff27fc2769a1b78a27578f13a17b -> 
  custom:container-demuxer-webm: 4f35f7cbe854078d1ac9338744f61a02 -> 
  custom:container-demuxer-ogg: 62fdf1f143b41e24485cea50d1cbac27 -> 
  custom:video-encoder-webm-vp8: eb34c28f22e8b96e1ab97ce403110664 -> 
  custom:video-decoder-webm-vp8: 9c59270c3fd7afecdb556c50c9e8de78 -> 
  custom:audio-decoder-ogg-vorbis: bf7c407c2cedff20999df2af8eb42d56 -> 
  custom:audio-encoder-webm-vorbis: bf7c407c2cedff20999df2af8eb42d56 -> 
========================================================================
Received Import Request.
  Time since last request: 404.116249 seconds.
  path: Assets/Scripts/WinLose2.cs
  artifactKey: Guid(92cafbb56dbe80148acb2acfeec2e7aa) Importer(815301076,1909f56bfc062723c751e8b465ee728b)
Start importing Assets/Scripts/WinLose2.cs using Guid(92cafbb56dbe80148acb2acfeec2e7aa) Importer(815301076,1909f56bfc062723c751e8b465ee728b)  -> (artifact id: 'f4ed7d382bfad6c1048f255f84362572') in 0.039392 seconds 
  Import took 0.049842 seconds .

========================================================================
Received Prepare
Registering precompiled user dll's ...
Registered in 0.016346 seconds.
Begin MonoManager ReloadAssembly
Native extension for WindowsStandalone target not found
Refreshing native plugins compatible for Editor in 1.38 ms, found 3 plugins.
Preloading 0 native plugins for Editor in 0.00 ms.
Mono: successfully reloaded assembly
- Completed reload, in  7.753 seconds
Domain Reload Profiling:
	ReloadAssembly (7754ms)
		BeginReloadAssembly (339ms)
			ExecutionOrderSort (0ms)
			DisableScriptedObjects (20ms)
			BackupInstance (0ms)
			ReleaseScriptingObjects (0ms)
			CreateAndSetChildDomain (116ms)
		EndReloadAssembly (7258ms)
			LoadAssemblies (230ms)
			RebuildTransferFunctionScriptingTraits (0ms)
			SetupTypeCache (4866ms)
			ReleaseScriptCaches (3ms)
			RebuildScriptCaches (195ms)
			SetupLoadedEditorAssemblies (1552ms)
				LogAssemblyErrors (0ms)
				InitializePlatformSupportModulesInManaged (14ms)
				SetLoadedEditorAssemblies (2ms)
				RefreshPlugins (2ms)
				BeforeProcessingInitializeOnLoad (297ms)
				ProcessInitializeOnLoadAttributes (1158ms)
				ProcessInitializeOnLoadMethodAttributes (54ms)
				AfterProcessingInitializeOnLoad (26ms)
				EditorAssembliesLoaded (0ms)
			ExecutionOrderSort2 (0ms)
			AwakeInstancesAfterBackupRestoration (26ms)
Platform modules already initialized, skipping
Refreshing native plugins compatible for Editor in 1.36 ms, found 3 plugins.
Preloading 0 native plugins for Editor in 0.00 ms.
Unloading 2194 Unused Serialized files (Serialized files now loaded: 0)
System memory in use before: 99.1 MB.
System memory in use after: 99.2 MB.

Unloading 18 unused Assets to reduce memory usage. Loaded Objects now: 2708.
Total: 6.030800 ms (FindLiveObjects: 0.594200 ms CreateObjectMapping: 0.312700 ms MarkObjects: 5.052200 ms  DeleteObjects: 0.069200 ms)

AssetImportParameters requested are different than current active one (requested -> active):
  custom:framework-win-MediaFoundation: 216162199b28c13a410421893ffa2e32 -> 
  custom:video-decoder-ogg-theora: a1e56fd34408186e4bbccfd4996cb3dc -> 
  custom:container-muxer-webm: aa71ff27fc2769a1b78a27578f13a17b -> 
  custom:container-demuxer-webm: 4f35f7cbe854078d1ac9338744f61a02 -> 
  custom:container-demuxer-ogg: 62fdf1f143b41e24485cea50d1cbac27 -> 
  custom:video-encoder-webm-vp8: eb34c28f22e8b96e1ab97ce403110664 -> 
  custom:video-decoder-webm-vp8: 9c59270c3fd7afecdb556c50c9e8de78 -> 
  custom:audio-decoder-ogg-vorbis: bf7c407c2cedff20999df2af8eb42d56 -> 
  custom:audio-encoder-webm-vorbis: bf7c407c2cedff20999df2af8eb42d56 -> 
========================================================================
Received Prepare
Registering precompiled user dll's ...
Registered in 0.017582 seconds.
Begin MonoManager ReloadAssembly
Native extension for WindowsStandalone target not found
Refreshing native plugins compatible for Editor in 1.52 ms, found 3 plugins.
Preloading 0 native plugins for Editor in 0.00 ms.
Mono: successfully reloaded assembly
- Completed reload, in  2.239 seconds
Domain Reload Profiling:
	ReloadAssembly (2240ms)
		BeginReloadAssembly (329ms)
			ExecutionOrderSort (0ms)
			DisableScriptedObjects (16ms)
			BackupInstance (0ms)
			ReleaseScriptingObjects (0ms)
			CreateAndSetChildDomain (79ms)
		EndReloadAssembly (1744ms)
			LoadAssemblies (291ms)
			RebuildTransferFunctionScriptingTraits (0ms)
			SetupTypeCache (616ms)
			ReleaseScriptCaches (2ms)
			RebuildScriptCaches (77ms)
			SetupLoadedEditorAssemblies (636ms)
				LogAssemblyErrors (0ms)
				InitializePlatformSupportModulesInManaged (9ms)
				SetLoadedEditorAssemblies (1ms)
				RefreshPlugins (2ms)
				BeforeProcessingInitializeOnLoad (179ms)
				ProcessInitializeOnLoadAttributes (411ms)
				ProcessInitializeOnLoadMethodAttributes (16ms)
				AfterProcessingInitializeOnLoad (18ms)
				EditorAssembliesLoaded (0ms)
			ExecutionOrderSort2 (0ms)
			AwakeInstancesAfterBackupRestoration (19ms)
Platform modules already initialized, skipping
Refreshing native plugins compatible for Editor in 0.97 ms, found 3 plugins.
Preloading 0 native plugins for Editor in 0.00 ms.
Unloading 2195 Unused Serialized files (Serialized files now loaded: 0)
System memory in use before: 99.1 MB.
System memory in use after: 99.2 MB.

Unloading 17 unused Assets to reduce memory usage. Loaded Objects now: 2711.
Total: 7.488800 ms (FindLiveObjects: 0.295300 ms CreateObjectMapping: 0.191800 ms MarkObjects: 6.960700 ms  DeleteObjects: 0.038600 ms)

AssetImportParameters requested are different than current active one (requested -> active):
  custom:framework-win-MediaFoundation: 216162199b28c13a410421893ffa2e32 -> 
  custom:video-decoder-ogg-theora: a1e56fd34408186e4bbccfd4996cb3dc -> 
  custom:container-muxer-webm: aa71ff27fc2769a1b78a27578f13a17b -> 
  custom:container-demuxer-webm: 4f35f7cbe854078d1ac9338744f61a02 -> 
  custom:container-demuxer-ogg: 62fdf1f143b41e24485cea50d1cbac27 -> 
  custom:video-encoder-webm-vp8: eb34c28f22e8b96e1ab97ce403110664 -> 
  custom:video-decoder-webm-vp8: 9c59270c3fd7afecdb556c50c9e8de78 -> 
  custom:audio-decoder-ogg-vorbis: bf7c407c2cedff20999df2af8eb42d56 -> 
  custom:audio-encoder-webm-vorbis: bf7c407c2cedff20999df2af8eb42d56 -> 
========================================================================
Received Import Request.
  Time since last request: 62.368534 seconds.
  path: Assets/WinLose2.cs
  artifactKey: Guid(2b162dcab75f00d42b530f849e88da22) Importer(815301076,1909f56bfc062723c751e8b465ee728b)
Start importing Assets/WinLose2.cs using Guid(2b162dcab75f00d42b530f849e88da22) Importer(815301076,1909f56bfc062723c751e8b465ee728b)  -> (artifact id: 'a3b518f7a3c946fc97650cd2fec37cef') in 0.016164 seconds 
  Import took 0.029943 seconds .

========================================================================
Received Prepare
Registering precompiled user dll's ...
Registered in 0.012712 seconds.
Begin MonoManager ReloadAssembly
Native extension for WindowsStandalone target not found
Refreshing native plugins compatible for Editor in 1.04 ms, found 3 plugins.
Preloading 0 native plugins for Editor in 0.00 ms.
Mono: successfully reloaded assembly
- Completed reload, in  2.224 seconds
Domain Reload Profiling:
	ReloadAssembly (2225ms)
		BeginReloadAssembly (317ms)
			ExecutionOrderSort (0ms)
			DisableScriptedObjects (21ms)
			BackupInstance (0ms)
			ReleaseScriptingObjects (0ms)
			CreateAndSetChildDomain (93ms)
		EndReloadAssembly (1724ms)
			LoadAssemblies (260ms)
			RebuildTransferFunctionScriptingTraits (0ms)
			SetupTypeCache (612ms)
			ReleaseScriptCaches (2ms)
			RebuildScriptCaches (89ms)
			SetupLoadedEditorAssemblies (585ms)
				LogAssemblyErrors (0ms)
				InitializePlatformSupportModulesInManaged (12ms)
				SetLoadedEditorAssemblies (2ms)
				RefreshPlugins (1ms)
				BeforeProcessingInitializeOnLoad (185ms)
				ProcessInitializeOnLoadAttributes (342ms)
				ProcessInitializeOnLoadMethodAttributes (24ms)
				AfterProcessingInitializeOnLoad (19ms)
				EditorAssembliesLoaded (0ms)
			ExecutionOrderSort2 (0ms)
			AwakeInstancesAfterBackupRestoration (16ms)
Platform modules already initialized, skipping
Refreshing native plugins compatible for Editor in 0.89 ms, found 3 plugins.
Preloading 0 native plugins for Editor in 0.00 ms.
Unloading 2195 Unused Serialized files (Serialized files now loaded: 0)
System memory in use before: 99.2 MB.
System memory in use after: 99.4 MB.

Unloading 17 unused Assets to reduce memory usage. Loaded Objects now: 2713.
Total: 4.266500 ms (FindLiveObjects: 0.302700 ms CreateObjectMapping: 0.098900 ms MarkObjects: 3.834000 ms  DeleteObjects: 0.029000 ms)

AssetImportParameters requested are different than current active one (requested -> active):
  custom:framework-win-MediaFoundation: 216162199b28c13a410421893ffa2e32 -> 
  custom:video-decoder-ogg-theora: a1e56fd34408186e4bbccfd4996cb3dc -> 
  custom:container-muxer-webm: aa71ff27fc2769a1b78a27578f13a17b -> 
  custom:container-demuxer-webm: 4f35f7cbe854078d1ac9338744f61a02 -> 
  custom:container-demuxer-ogg: 62fdf1f143b41e24485cea50d1cbac27 -> 
  custom:video-encoder-webm-vp8: eb34c28f22e8b96e1ab97ce403110664 -> 
  custom:video-decoder-webm-vp8: 9c59270c3fd7afecdb556c50c9e8de78 -> 
  custom:audio-decoder-ogg-vorbis: bf7c407c2cedff20999df2af8eb42d56 -> 
  custom:audio-encoder-webm-vorbis: bf7c407c2cedff20999df2af8eb42d56 -> 
========================================================================
Received Import Request.
  Time since last request: 67.927351 seconds.
  path: Assets/WinLose2.cs
  artifactKey: Guid(2b162dcab75f00d42b530f849e88da22) Importer(815301076,1909f56bfc062723c751e8b465ee728b)
Start importing Assets/WinLose2.cs using Guid(2b162dcab75f00d42b530f849e88da22) Importer(815301076,1909f56bfc062723c751e8b465ee728b)  -> (artifact id: '45ccf985abd3ea85a3ec201d78a7464b') in 0.010260 seconds 
  Import took 0.023631 seconds .

========================================================================
Received Prepare
Registering precompiled user dll's ...
Registered in 0.066988 seconds.
Begin MonoManager ReloadAssembly
Native extension for WindowsStandalone target not found
Refreshing native plugins compatible for Editor in 1.06 ms, found 3 plugins.
Preloading 0 native plugins for Editor in 0.00 ms.
Mono: successfully reloaded assembly
- Completed reload, in  3.020 seconds
Domain Reload Profiling:
	ReloadAssembly (3021ms)
		BeginReloadAssembly (280ms)
			ExecutionOrderSort (0ms)
			DisableScriptedObjects (10ms)
			BackupInstance (0ms)
			ReleaseScriptingObjects (0ms)
			CreateAndSetChildDomain (66ms)
		EndReloadAssembly (2578ms)
			LoadAssemblies (259ms)
			RebuildTransferFunctionScriptingTraits (0ms)
			SetupTypeCache (786ms)
			ReleaseScriptCaches (3ms)
			RebuildScriptCaches (95ms)
			SetupLoadedEditorAssemblies (1172ms)
				LogAssemblyErrors (0ms)
				InitializePlatformSupportModulesInManaged (15ms)
				SetLoadedEditorAssemblies (1ms)
				RefreshPlugins (1ms)
				BeforeProcessingInitializeOnLoad (279ms)
				ProcessInitializeOnLoadAttributes (820ms)
				ProcessInitializeOnLoadMethodAttributes (31ms)
				AfterProcessingInitializeOnLoad (24ms)
				EditorAssembliesLoaded (0ms)
			ExecutionOrderSort2 (0ms)
			AwakeInstancesAfterBackupRestoration (20ms)
Platform modules already initialized, skipping
Refreshing native plugins compatible for Editor in 0.93 ms, found 3 plugins.
Preloading 0 native plugins for Editor in 0.00 ms.
Unloading 2195 Unused Serialized files (Serialized files now loaded: 0)
System memory in use before: 99.2 MB.
System memory in use after: 99.4 MB.

Unloading 17 unused Assets to reduce memory usage. Loaded Objects now: 2715.
Total: 7.243100 ms (FindLiveObjects: 0.243400 ms CreateObjectMapping: 0.092300 ms MarkObjects: 6.878900 ms  DeleteObjects: 0.027100 ms)

AssetImportParameters requested are different than current active one (requested -> active):
  custom:framework-win-MediaFoundation: 216162199b28c13a410421893ffa2e32 -> 
  custom:video-decoder-ogg-theora: a1e56fd34408186e4bbccfd4996cb3dc -> 
  custom:container-muxer-webm: aa71ff27fc2769a1b78a27578f13a17b -> 
  custom:container-demuxer-webm: 4f35f7cbe854078d1ac9338744f61a02 -> 
  custom:container-demuxer-ogg: 62fdf1f143b41e24485cea50d1cbac27 -> 
  custom:video-encoder-webm-vp8: eb34c28f22e8b96e1ab97ce403110664 -> 
  custom:video-decoder-webm-vp8: 9c59270c3fd7afecdb556c50c9e8de78 -> 
  custom:audio-decoder-ogg-vorbis: bf7c407c2cedff20999df2af8eb42d56 -> 
  custom:audio-encoder-webm-vorbis: bf7c407c2cedff20999df2af8eb42d56 -> 
========================================================================
Received Prepare
Registering precompiled user dll's ...
Registered in 0.014991 seconds.
Begin MonoManager ReloadAssembly
Native extension for WindowsStandalone target not found
Refreshing native plugins compatible for Editor in 0.98 ms, found 3 plugins.
Preloading 0 native plugins for Editor in 0.00 ms.
Mono: successfully reloaded assembly
- Completed reload, in  2.788 seconds
Domain Reload Profiling:
	ReloadAssembly (2789ms)
		BeginReloadAssembly (291ms)
			ExecutionOrderSort (0ms)
			DisableScriptedObjects (17ms)
			BackupInstance (0ms)
			ReleaseScriptingObjects (0ms)
			CreateAndSetChildDomain (86ms)
		EndReloadAssembly (2361ms)
			LoadAssemblies (243ms)
			RebuildTransferFunctionScriptingTraits (0ms)
			SetupTypeCache (930ms)
			ReleaseScriptCaches (1ms)
			RebuildScriptCaches (140ms)
			SetupLoadedEditorAssemblies (774ms)
				LogAssemblyErrors (0ms)
				InitializePlatformSupportModulesInManaged (10ms)
				SetLoadedEditorAssemblies (2ms)
				RefreshPlugins (1ms)
				BeforeProcessingInitializeOnLoad (225ms)
				ProcessInitializeOnLoadAttributes (487ms)
				ProcessInitializeOnLoadMethodAttributes (28ms)
				AfterProcessingInitializeOnLoad (21ms)
				EditorAssembliesLoaded (0ms)
			ExecutionOrderSort2 (0ms)
			AwakeInstancesAfterBackupRestoration (17ms)
Platform modules already initialized, skipping
Refreshing native plugins compatible for Editor in 1.94 ms, found 3 plugins.
Preloading 0 native plugins for Editor in 0.00 ms.
Unloading 2195 Unused Serialized files (Serialized files now loaded: 0)
System memory in use before: 99.2 MB.
System memory in use after: 99.5 MB.

Unloading 17 unused Assets to reduce memory usage. Loaded Objects now: 2717.
Total: 9.361400 ms (FindLiveObjects: 0.375300 ms CreateObjectMapping: 0.240900 ms MarkObjects: 8.701500 ms  DeleteObjects: 0.041900 ms)

AssetImportParameters requested are different than current active one (requested -> active):
  custom:framework-win-MediaFoundation: 216162199b28c13a410421893ffa2e32 -> 
  custom:video-decoder-ogg-theora: a1e56fd34408186e4bbccfd4996cb3dc -> 
  custom:container-muxer-webm: aa71ff27fc2769a1b78a27578f13a17b -> 
  custom:container-demuxer-webm: 4f35f7cbe854078d1ac9338744f61a02 -> 
  custom:container-demuxer-ogg: 62fdf1f143b41e24485cea50d1cbac27 -> 
  custom:video-encoder-webm-vp8: eb34c28f22e8b96e1ab97ce403110664 -> 
  custom:video-decoder-webm-vp8: 9c59270c3fd7afecdb556c50c9e8de78 -> 
  custom:audio-decoder-ogg-vorbis: bf7c407c2cedff20999df2af8eb42d56 -> 
  custom:audio-encoder-webm-vorbis: bf7c407c2cedff20999df2af8eb42d56 -> 
========================================================================
Received Prepare
Registering precompiled user dll's ...
Registered in 0.013872 seconds.
Begin MonoManager ReloadAssembly
Native extension for WindowsStandalone target not found
Refreshing native plugins compatible for Editor in 1.20 ms, found 3 plugins.
Preloading 0 native plugins for Editor in 0.00 ms.
Mono: successfully reloaded assembly
- Completed reload, in  2.682 seconds
Domain Reload Profiling:
	ReloadAssembly (2683ms)
		BeginReloadAssembly (236ms)
			ExecutionOrderSort (0ms)
			DisableScriptedObjects (12ms)
			BackupInstance (0ms)
			ReleaseScriptingObjects (0ms)
			CreateAndSetChildDomain (63ms)
		EndReloadAssembly (2294ms)
			LoadAssemblies (252ms)
			RebuildTransferFunctionScriptingTraits (0ms)
			SetupTypeCache (770ms)
			ReleaseScriptCaches (2ms)
			RebuildScriptCaches (91ms)
			SetupLoadedEditorAssemblies (842ms)
				LogAssemblyErrors (0ms)
				InitializePlatformSupportModulesInManaged (15ms)
				SetLoadedEditorAssemblies (3ms)
				RefreshPlugins (1ms)
				BeforeProcessingInitializeOnLoad (284ms)
				ProcessInitializeOnLoadAttributes (488ms)
				ProcessInitializeOnLoadMethodAttributes (28ms)
				AfterProcessingInitializeOnLoad (22ms)
				EditorAssembliesLoaded (0ms)
			ExecutionOrderSort2 (0ms)
			AwakeInstancesAfterBackupRestoration (16ms)
Platform modules already initialized, skipping
Refreshing native plugins compatible for Editor in 2.31 ms, found 3 plugins.
Preloading 0 native plugins for Editor in 0.00 ms.
Unloading 2195 Unused Serialized files (Serialized files now loaded: 0)
System memory in use before: 99.2 MB.
System memory in use after: 99.5 MB.

Unloading 17 unused Assets to reduce memory usage. Loaded Objects now: 2719.
Total: 8.334300 ms (FindLiveObjects: 0.336500 ms CreateObjectMapping: 0.191600 ms MarkObjects: 7.776000 ms  DeleteObjects: 0.027900 ms)

AssetImportParameters requested are different than current active one (requested -> active):
  custom:framework-win-MediaFoundation: 216162199b28c13a410421893ffa2e32 -> 
  custom:video-decoder-ogg-theora: a1e56fd34408186e4bbccfd4996cb3dc -> 
  custom:container-muxer-webm: aa71ff27fc2769a1b78a27578f13a17b -> 
  custom:container-demuxer-webm: 4f35f7cbe854078d1ac9338744f61a02 -> 
  custom:container-demuxer-ogg: 62fdf1f143b41e24485cea50d1cbac27 -> 
  custom:video-encoder-webm-vp8: eb34c28f22e8b96e1ab97ce403110664 -> 
  custom:video-decoder-webm-vp8: 9c59270c3fd7afecdb556c50c9e8de78 -> 
  custom:audio-decoder-ogg-vorbis: bf7c407c2cedff20999df2af8eb42d56 -> 
  custom:audio-encoder-webm-vorbis: bf7c407c2cedff20999df2af8eb42d56 -> 
========================================================================
Received Prepare
Registering precompiled user dll's ...
Registered in 0.014876 seconds.
Begin MonoManager ReloadAssembly
Native extension for WindowsStandalone target not found
Refreshing native plugins compatible for Editor in 0.58 ms, found 3 plugins.
Preloading 0 native plugins for Editor in 0.00 ms.
Mono: successfully reloaded assembly
- Completed reload, in  2.060 seconds
Domain Reload Profiling:
	ReloadAssembly (2060ms)
		BeginReloadAssembly (298ms)
			ExecutionOrderSort (0ms)
			DisableScriptedObjects (17ms)
			BackupInstance (0ms)
			ReleaseScriptingObjects (0ms)
			CreateAndSetChildDomain (55ms)
		EndReloadAssembly (1584ms)
			LoadAssemblies (280ms)
			RebuildTransferFunctionScriptingTraits (0ms)
			SetupTypeCache (516ms)
			ReleaseScriptCaches (1ms)
			RebuildScriptCaches (89ms)
			SetupLoadedEditorAssemblies (558ms)
				LogAssemblyErrors (0ms)
				InitializePlatformSupportModulesInManaged (10ms)
				SetLoadedEditorAssemblies (1ms)
				RefreshPlugins (1ms)
				BeforeProcessingInitializeOnLoad (160ms)
				ProcessInitializeOnLoadAttributes (353ms)
				ProcessInitializeOnLoadMethodAttributes (16ms)
				AfterProcessingInitializeOnLoad (18ms)
				EditorAssembliesLoaded (0ms)
			ExecutionOrderSort2 (0ms)
			AwakeInstancesAfterBackupRestoration (14ms)
Platform modules already initialized, skipping
Refreshing native plugins compatible for Editor in 0.98 ms, found 3 plugins.
Preloading 0 native plugins for Editor in 0.00 ms.
Unloading 2195 Unused Serialized files (Serialized files now loaded: 0)
System memory in use before: 99.3 MB.
System memory in use after: 99.5 MB.

Unloading 17 unused Assets to reduce memory usage. Loaded Objects now: 2721.
Total: 4.153600 ms (FindLiveObjects: 0.322000 ms CreateObjectMapping: 0.206500 ms MarkObjects: 3.597200 ms  DeleteObjects: 0.026400 ms)

AssetImportParameters requested are different than current active one (requested -> active):
  custom:framework-win-MediaFoundation: 216162199b28c13a410421893ffa2e32 -> 
  custom:video-decoder-ogg-theora: a1e56fd34408186e4bbccfd4996cb3dc -> 
  custom:container-muxer-webm: aa71ff27fc2769a1b78a27578f13a17b -> 
  custom:container-demuxer-webm: 4f35f7cbe854078d1ac9338744f61a02 -> 
  custom:container-demuxer-ogg: 62fdf1f143b41e24485cea50d1cbac27 -> 
  custom:video-encoder-webm-vp8: eb34c28f22e8b96e1ab97ce403110664 -> 
  custom:video-decoder-webm-vp8: 9c59270c3fd7afecdb556c50c9e8de78 -> 
  custom:audio-decoder-ogg-vorbis: bf7c407c2cedff20999df2af8eb42d56 -> 
  custom:audio-encoder-webm-vorbis: bf7c407c2cedff20999df2af8eb42d56 -> 
AssetImportWorkerClient::OnTransportError - code=2 error=End of file
